Transformers version: 4.29.2
Accelerate version: 0.19.0
PEFT version: 0.3.0
dict_keys(['train', 'validation'])
trainable params: 85876325 || all params: 85876325 || trainable%: 100.00
trainable params: 745162 || all params: 86543818 || trainable%: 0.86
{'loss': 4.5197, 'learning_rate': 0.0004999977470805383, 'epoch': 0.07}
{'loss': 4.2965, 'learning_rate': 0.0004999909883627587, 'epoch': 0.14}
{'loss': 4.0341, 'learning_rate': 0.0004999797239684757, 'epoch': 0.2}
{'loss': 3.7372, 'learning_rate': 0.0004999639541007116, 'epoch': 0.27}
{'loss': 3.4237, 'learning_rate': 0.0004999436790436923, 'epoch': 0.34}
{'loss': 3.082, 'learning_rate': 0.0004999188991628425, 'epoch': 0.41}
{'loss': 2.7873, 'learning_rate': 0.0004998896149047786, 'epoch': 0.47}
{'loss': 2.5101, 'learning_rate': 0.0004998558267973013, 'epoch': 0.54}
{'loss': 2.2577, 'learning_rate': 0.0004998175354493857, 'epoch': 0.61}
{'loss': 2.0724, 'learning_rate': 0.0004997747415511704, 'epoch': 0.68}
{'loss': 1.8803, 'learning_rate': 0.0004997274458739449, 'epoch': 0.74}
{'loss': 1.7715, 'learning_rate': 0.0004996756492701362, 'epoch': 0.81}
{'loss': 1.6764, 'learning_rate': 0.0004996193526732929, 'epoch': 0.88}
{'loss': 1.545, 'learning_rate': 0.0004995585570980684, 'epoch': 0.95}
{'eval_loss': 1.1399924755096436, 'eval_accuracy': 0.8046732673267327, 'eval_runtime': 207.9372, 'eval_samples_per_second': 121.431, 'eval_steps_per_second': 0.952, 'epoch': 1.0}
{'loss': 1.399, 'learning_rate': 0.0004994932636402031, 'epoch': 1.01}
{'loss': 1.4042, 'learning_rate': 0.0004994234734765043, 'epoch': 1.08}
{'loss': 1.3177, 'learning_rate': 0.0004993491878648249, 'epoch': 1.15}
{'loss': 1.2536, 'learning_rate': 0.0004992704081440407, 'epoch': 1.22}
{'loss': 1.203, 'learning_rate': 0.0004991871357340269, 'epoch': 1.28}
{'loss': 1.1991, 'learning_rate': 0.0004990993721356316, 'epoch': 1.35}
{'loss': 1.1392, 'learning_rate': 0.0004990071189306495, 'epoch': 1.42}
{'loss': 1.1527, 'learning_rate': 0.0004989103777817928, 'epoch': 1.49}
{'loss': 1.0802, 'learning_rate': 0.0004988091504326616, 'epoch': 1.55}
{'loss': 1.0876, 'learning_rate': 0.0004987034387077126, 'epoch': 1.62}
{'loss': 1.0315, 'learning_rate': 0.0004985932445122257, 'epoch': 1.69}
{'loss': 1.004, 'learning_rate': 0.0004984785698322699, 'epoch': 1.76}
{'loss': 1.0254, 'learning_rate': 0.0004983594167346681, 'epoch': 1.82}
{'loss': 1.0016, 'learning_rate': 0.0004982357873669588, 'epoch': 1.89}
{'loss': 0.9749, 'learning_rate': 0.0004981076839573581, 'epoch': 1.96}
{'eval_loss': 0.6497431397438049, 'eval_accuracy': 0.848990099009901, 'eval_runtime': 208.5568, 'eval_samples_per_second': 121.07, 'eval_steps_per_second': 0.949, 'epoch': 2.0}
{'loss': 0.9654, 'learning_rate': 0.0004979751088147192, 'epoch': 2.03}
{'loss': 0.9444, 'learning_rate': 0.0004978380643284912, 'epoch': 2.09}
{'loss': 0.9041, 'learning_rate': 0.0004976965529686756, 'epoch': 2.16}
{'loss': 0.9574, 'learning_rate': 0.0004975505772857818, 'epoch': 2.23}
{'loss': 0.9354, 'learning_rate': 0.0004974001399107816, 'epoch': 2.3}
{'loss': 0.8907, 'learning_rate': 0.0004972452435550613, 'epoch': 2.36}
{'loss': 0.8894, 'learning_rate': 0.0004970858910103731, 'epoch': 2.43}
{'loss': 0.8789, 'learning_rate': 0.0004969220851487844, 'epoch': 2.5}
{'loss': 0.898, 'learning_rate': 0.0004967538289226267, 'epoch': 2.57}
{'loss': 0.8837, 'learning_rate': 0.0004965811253644418, 'epoch': 2.64}
{'loss': 0.8872, 'learning_rate': 0.0004964039775869272, 'epoch': 2.7}
{'loss': 0.8764, 'learning_rate': 0.0004962223887828803, 'epoch': 2.77}
{'loss': 0.8704, 'learning_rate': 0.0004960363622251409, 'epoch': 2.84}
{'loss': 0.8507, 'learning_rate': 0.0004958459012665317, 'epoch': 2.91}
{'loss': 0.837, 'learning_rate': 0.0004956510093397983, 'epoch': 2.97}
{'eval_loss': 0.5307168960571289, 'eval_accuracy': 0.8654653465346535, 'eval_runtime': 212.6076, 'eval_samples_per_second': 118.763, 'eval_steps_per_second': 0.931, 'epoch': 3.0}
{'loss': 0.8291, 'learning_rate': 0.0004954516899575473, 'epoch': 3.04}
{'loss': 0.7902, 'learning_rate': 0.0004952479467121827, 'epoch': 3.11}
{'loss': 0.8273, 'learning_rate': 0.0004950397832758415, 'epoch': 3.18}
{'loss': 0.8314, 'learning_rate': 0.0004948272034003275, 'epoch': 3.24}
{'loss': 0.8442, 'learning_rate': 0.0004946102109170433, 'epoch': 3.31}
{'loss': 0.8377, 'learning_rate': 0.0004943888097369216, 'epoch': 3.38}
{'loss': 0.8409, 'learning_rate': 0.0004941630038503545, 'epoch': 3.45}
{'loss': 0.805, 'learning_rate': 0.0004939327973271222, 'epoch': 3.51}
{'loss': 0.7862, 'learning_rate': 0.0004936981943163182, 'epoch': 3.58}
{'loss': 0.8135, 'learning_rate': 0.0004934591990462766, 'epoch': 3.65}
{'loss': 0.7993, 'learning_rate': 0.0004932158158244937, 'epoch': 3.72}
{'loss': 0.8135, 'learning_rate': 0.000492968049037552, 'epoch': 3.78}
{'loss': 0.7686, 'learning_rate': 0.0004927159031510405, 'epoch': 3.85}
{'loss': 0.7723, 'learning_rate': 0.0004924593827094744, 'epoch': 3.92}
{'loss': 0.7821, 'learning_rate': 0.0004921984923362124, 'epoch': 3.99}
Transformers version: 4.29.2
Accelerate version: 0.19.0
PEFT version: 0.3.0
dict_keys(['train', 'validation'])
trainable params: 85876325 || all params: 85876325 || trainable%: 100.00
trainable params: 745162 || all params: 86543818 || trainable%: 0.86
{'loss': 0.7595, 'learning_rate': 0.0004919332367333747, 'epoch': 4.05}
{'loss': 0.7678, 'learning_rate': 0.0004916636206817575, 'epoch': 4.12}
{'loss': 0.7584, 'learning_rate': 0.0004913896490407467, 'epoch': 4.19}
{'loss': 0.7458, 'learning_rate': 0.0004911113267482307, 'epoch': 4.26}
{'loss': 0.7726, 'learning_rate': 0.000490828658820511, 'epoch': 4.32}
{'loss': 0.7589, 'learning_rate': 0.0004905416503522123, 'epoch': 4.39}
{'loss': 0.7276, 'learning_rate': 0.0004902503065161905, 'epoch': 4.46}
{'loss': 0.7558, 'learning_rate': 0.0004899546325634388, 'epoch': 4.53}
{'loss': 0.7243, 'learning_rate': 0.0004896546338229945, 'epoch': 4.59}
{'loss': 0.7425, 'learning_rate': 0.0004893503157018412, 'epoch': 4.66}
{'loss': 0.7215, 'learning_rate': 0.0004890416836848127, 'epoch': 4.73}
{'loss': 0.7317, 'learning_rate': 0.0004887287433344939, 'epoch': 4.8}
{'loss': 0.7613, 'learning_rate': 0.0004884115002911197, 'epoch': 4.86}
{'loss': 0.7671, 'learning_rate': 0.00048808996027247453, 'epoch': 4.93}
{'loss': 0.7285, 'learning_rate': 0.0004877641290737884, 'epoch': 5.0}
{'eval_loss': 0.44116953015327454, 'eval_accuracy': 0.8810693069306931, 'eval_runtime': 244.7658, 'eval_samples_per_second': 103.16, 'eval_steps_per_second': 0.809, 'epoch': 5.0}
{'loss': 0.7279, 'learning_rate': 0.000487434012567633, 'epoch': 5.07}
{'loss': 0.7195, 'learning_rate': 0.0004870996167038154, 'epoch': 5.14}
{'loss': 0.7365, 'learning_rate': 0.00048676094750927144, 'epoch': 5.2}
{'loss': 0.7184, 'learning_rate': 0.0004864180110879562, 'epoch': 5.27}
{'loss': 0.7214, 'learning_rate': 0.0004860708136207349, 'epoch': 5.34}
{'loss': 0.7416, 'learning_rate': 0.00048571936136527106, 'epoch': 5.41}
{'loss': 0.6808, 'learning_rate': 0.00048536366065591354, 'epoch': 5.47}
{'loss': 0.694, 'learning_rate': 0.0004850037179035829, 'epoch': 5.54}
{'loss': 0.7037, 'learning_rate': 0.0004846761478399818, 'epoch': 5.61}
{'loss': 0.7058, 'learning_rate': 0.0004843081631418202, 'epoch': 5.68}
{'loss': 0.7162, 'learning_rate': 0.00048393595542429253, 'epoch': 5.74}
{'loss': 0.7083, 'learning_rate': 0.00048355953139583087, 'epoch': 5.81}
{'loss': 0.6917, 'learning_rate': 0.00048317889784085935, 'epoch': 5.88}
{'loss': 0.7117, 'learning_rate': 0.00048279406161967197, 'epoch': 5.95}
{'eval_loss': 0.4156895577907562, 'eval_accuracy': 0.8856633663366337, 'eval_runtime': 239.0621, 'eval_samples_per_second': 105.621, 'eval_steps_per_second': 0.828, 'epoch': 6.0}
{'loss': 0.6834, 'learning_rate': 0.0004824050296683089, 'epoch': 6.01}
{'loss': 0.648, 'learning_rate': 0.0004820118089984312, 'epoch': 6.08}
{'loss': 0.7056, 'learning_rate': 0.00048161440669719496, 'epoch': 6.15}
{'loss': 0.6823, 'learning_rate': 0.00048121282992712324, 'epoch': 6.22}
{'loss': 0.674, 'learning_rate': 0.0004808070859259769, 'epoch': 6.28}
{'loss': 0.6987, 'learning_rate': 0.00048039718200662454, 'epoch': 6.35}
{'loss': 0.6444, 'learning_rate': 0.0004799831255569102, 'epoch': 6.42}
{'loss': 0.678, 'learning_rate': 0.00047956492403952055, 'epoch': 6.49}
{'loss': 0.7028, 'learning_rate': 0.00047914258499185037, 'epoch': 6.55}
{'loss': 0.6771, 'learning_rate': 0.0004787161160258664, 'epoch': 6.62}
{'loss': 0.6719, 'learning_rate': 0.0004782855248279706, 'epoch': 6.69}
{'loss': 0.6658, 'learning_rate': 0.0004778508191588613, 'epoch': 6.76}
{'loss': 0.6816, 'learning_rate': 0.00047741200685339337, 'epoch': 6.82}
{'loss': 0.7101, 'learning_rate': 0.0004769690958204371, 'epoch': 6.89}
{'loss': 0.6827, 'learning_rate': 0.0004765220940427355, 'epoch': 6.96}
{'eval_loss': 0.4021592140197754, 'eval_accuracy': 0.8914455445544555, 'eval_runtime': 254.3967, 'eval_samples_per_second': 99.254, 'eval_steps_per_second': 0.778, 'epoch': 7.0}
{'loss': 0.6727, 'learning_rate': 0.00047607100957676067, 'epoch': 7.03}
{'loss': 0.6856, 'learning_rate': 0.0004756158505525684, 'epoch': 7.09}
{'loss': 0.6568, 'learning_rate': 0.0004751566251736516, 'epoch': 7.16}
{'loss': 0.6399, 'learning_rate': 0.00047469334171679266, 'epoch': 7.23}
{'loss': 0.645, 'learning_rate': 0.0004742260085319142, 'epoch': 7.3}
{'loss': 0.641, 'learning_rate': 0.0004737546340419283, 'epoch': 7.36}
{'loss': 0.6823, 'learning_rate': 0.00047327922674258516, 'epoch': 7.43}
{'loss': 0.6791, 'learning_rate': 0.00047279979520231956, 'epoch': 7.5}
{'loss': 0.6689, 'learning_rate': 0.00047231634806209675, 'epoch': 7.57}
{'loss': 0.6533, 'learning_rate': 0.0004718288940352564, 'epoch': 7.64}
{'loss': 0.6852, 'learning_rate': 0.0004713374419073559, 'epoch': 7.7}
{'loss': 0.6327, 'learning_rate': 0.0004708420005360118, 'epoch': 7.77}
{'loss': 0.6724, 'learning_rate': 0.00047034257885074, 'epoch': 7.84}
{'loss': 0.6595, 'learning_rate': 0.0004698391858527953, 'epoch': 7.91}
{'loss': 0.6873, 'learning_rate': 0.0004693318306150087, 'epoch': 7.97}
Transformers version: 4.29.2
Accelerate version: 0.19.0
PEFT version: 0.3.0
dict_keys(['train', 'validation'])
trainable params: 85876325 || all params: 85876325 || trainable%: 100.00
trainable params: 745162 || all params: 86543818 || trainable%: 0.86
Transformers version: 4.29.2
Accelerate version: 0.19.0
PEFT version: 0.3.0
dict_keys(['train', 'validation'])
trainable params: 85876325 || all params: 85876325 || trainable%: 100.00
trainable params: 745162 || all params: 86543818 || trainable%: 0.86
{'loss': 0.622, 'learning_rate': 0.0004688205222816242, 'epoch': 8.04}
{'loss': 0.6818, 'learning_rate': 0.00046830527006813373, 'epoch': 8.11}
{'loss': 0.6505, 'learning_rate': 0.00046778608326111104, 'epoch': 8.18}
{'loss': 0.605, 'learning_rate': 0.0004672629712180448, 'epoch': 8.24}
{'loss': 0.6318, 'learning_rate': 0.0004667359433671695, 'epoch': 8.31}
{'loss': 0.6283, 'learning_rate': 0.0004662050092072954, 'epoch': 8.38}
{'loss': 0.6435, 'learning_rate': 0.00046567017830763776, 'epoch': 8.45}
{'loss': 0.6467, 'learning_rate': 0.0004651314603076441, 'epoch': 8.51}
{'loss': 0.6444, 'learning_rate': 0.0004645888649168205, 'epoch': 8.58}
{'loss': 0.6462, 'learning_rate': 0.0004640424019145568, 'epoch': 8.65}
{'loss': 0.6352, 'learning_rate': 0.0004634920811499501, 'epoch': 8.72}
{'loss': 0.6307, 'learning_rate': 0.00046293791254162713, 'epoch': 8.78}
{'loss': 0.6177, 'learning_rate': 0.00046237990607756596, 'epoch': 8.85}
{'loss': 0.6146, 'learning_rate': 0.0004618180718149155, 'epoch': 8.92}
{'loss': 0.6723, 'learning_rate': 0.00046125241987981445, 'epoch': 8.99}
{'eval_loss': 0.38050025701522827, 'eval_accuracy': 0.894930693069307, 'eval_runtime': 226.207, 'eval_samples_per_second': 111.623, 'eval_steps_per_second': 0.875, 'epoch': 9.0}
{'loss': 0.6082, 'learning_rate': 0.00046068296046720904, 'epoch': 9.05}
{'loss': 0.6436, 'learning_rate': 0.00046010970384066863, 'epoch': 9.12}
{'loss': 0.644, 'learning_rate': 0.0004595326603322013, 'epoch': 9.19}
{'loss': 0.6479, 'learning_rate': 0.0004589518403420676, 'epoch': 9.26}
{'loss': 0.6031, 'learning_rate': 0.00045836725433859266, 'epoch': 9.32}
{'loss': 0.6333, 'learning_rate': 0.000457778912857978, 'epoch': 9.39}
{'loss': 0.6379, 'learning_rate': 0.00045718682650411146, 'epoch': 9.46}
{'loss': 0.5912, 'learning_rate': 0.00045659100594837586, 'epoch': 9.53}
{'loss': 0.6293, 'learning_rate': 0.0004559914619294572, 'epoch': 9.59}
{'loss': 0.62, 'learning_rate': 0.0004553882052531504, 'epoch': 9.66}
{'loss': 0.6172, 'learning_rate': 0.00045478124679216523, 'epoch': 9.73}
{'loss': 0.6498, 'learning_rate': 0.0004541705974859298, 'epoch': 9.8}
{'loss': 0.627, 'learning_rate': 0.00045355626834039394, 'epoch': 9.86}
{'loss': 0.6075, 'learning_rate': 0.0004529382704278302, 'epoch': 9.93}
{'loss': 0.6369, 'learning_rate': 0.00045231661488663485, 'epoch': 10.0}
{'eval_loss': 0.37159162759780884, 'eval_accuracy': 0.8965940594059406, 'eval_runtime': 222.4341, 'eval_samples_per_second': 113.517, 'eval_steps_per_second': 0.89, 'epoch': 10.0}
{'loss': 0.6116, 'learning_rate': 0.0004516913129211268, 'epoch': 10.07}
{'loss': 0.5976, 'learning_rate': 0.00045106237580134573, 'epoch': 10.14}
{'loss': 0.6095, 'learning_rate': 0.0004504298148628492, 'epoch': 10.2}
{'loss': 0.6005, 'learning_rate': 0.00044979364150650794, 'epoch': 10.27}
{'loss': 0.5905, 'learning_rate': 0.0004491538671983005, 'epoch': 10.34}
{'loss': 0.6385, 'learning_rate': 0.00044851050346910706, 'epoch': 10.41}
{'loss': 0.5977, 'learning_rate': 0.0004478635619145007, 'epoch': 10.47}
{'loss': 0.5886, 'learning_rate': 0.0004472130541945393, 'epoch': 10.54}
{'loss': 0.6137, 'learning_rate': 0.00044655899203355486, 'epoch': 10.61}
{'loss': 0.5982, 'learning_rate': 0.00044590138721994243, 'epoch': 10.68}
{'loss': 0.59, 'learning_rate': 0.00044524025160594735, 'epoch': 10.74}
{'loss': 0.6136, 'learning_rate': 0.0004445755971074519, 'epoch': 10.81}
{'loss': 0.5949, 'learning_rate': 0.0004439074357037607, 'epoch': 10.88}
{'loss': 0.6049, 'learning_rate': 0.00044323577943738437, 'epoch': 10.95}
{'eval_loss': 0.3612518608570099, 'eval_accuracy': 0.8988910891089109, 'eval_runtime': 224.2216, 'eval_samples_per_second': 112.612, 'eval_steps_per_second': 0.883, 'epoch': 11.0}
{'loss': 0.6159, 'learning_rate': 0.00044256064041382255, 'epoch': 11.01}
{'loss': 0.5603, 'learning_rate': 0.0004418820308013461, 'epoch': 11.08}
{'loss': 0.6116, 'learning_rate': 0.0004411999628307775, 'epoch': 11.15}
{'loss': 0.5973, 'learning_rate': 0.00044051444879527013, 'epoch': 11.22}
{'loss': 0.5868, 'learning_rate': 0.0004398255010500877, 'epoch': 11.28}
{'loss': 0.5903, 'learning_rate': 0.00043913313201238017, 'epoch': 11.35}
{'loss': 0.5957, 'learning_rate': 0.000438437354160961, 'epoch': 11.42}
{'loss': 0.5581, 'learning_rate': 0.00043773818003608203, 'epoch': 11.49}
{'loss': 0.5907, 'learning_rate': 0.000437035622239207, 'epoch': 11.55}
{'loss': 0.5786, 'learning_rate': 0.0004363296934327852, 'epoch': 11.62}
{'loss': 0.6069, 'learning_rate': 0.00043562040634002245, 'epoch': 11.69}
{'loss': 0.5897, 'learning_rate': 0.00043490777374465244, 'epoch': 11.76}
{'loss': 0.5844, 'learning_rate': 0.0004341918084907058, 'epoch': 11.82}
{'loss': 0.6018, 'learning_rate': 0.000433472523482279, 'epoch': 11.89}
{'loss': 0.5844, 'learning_rate': 0.0004327499316833016, 'epoch': 11.96}
{'eval_loss': 0.3596453070640564, 'eval_accuracy': 0.8988514851485149, 'eval_runtime': 218.2804, 'eval_samples_per_second': 115.677, 'eval_steps_per_second': 0.907, 'epoch': 12.0}
{'loss': 0.5613, 'learning_rate': 0.0004320240461173026, 'epoch': 12.03}
{'loss': 0.5645, 'learning_rate': 0.00043129487986717574, 'epoch': 12.09}
{'loss': 0.594, 'learning_rate': 0.00043056244607494375, 'epoch': 12.16}
{'loss': 0.5856, 'learning_rate': 0.00042982675794152135, 'epoch': 12.23}
{'loss': 0.5661, 'learning_rate': 0.0004290878287264775, 'epoch': 12.3}
{'loss': 0.5771, 'learning_rate': 0.00042834567174779623, 'epoch': 12.36}
{'loss': 0.5785, 'learning_rate': 0.0004276003003816367, 'epoch': 12.43}
{'loss': 0.574, 'learning_rate': 0.0004268517280620923, 'epoch': 12.5}
{'loss': 0.5564, 'learning_rate': 0.000426099968280948, 'epoch': 12.57}
{'loss': 0.5842, 'learning_rate': 0.0004253450345874379, 'epoch': 12.64}
{'loss': 0.5773, 'learning_rate': 0.0004245869405880005, 'epoch': 12.7}
{'loss': 0.59, 'learning_rate': 0.0004238256999460335, 'epoch': 12.77}
{'loss': 0.5792, 'learning_rate': 0.0004230613263816478, 'epoch': 12.84}
{'loss': 0.5734, 'learning_rate': 0.00042229383367142, 'epoch': 12.91}
{'loss': 0.5563, 'learning_rate': 0.0004215232356481442, 'epoch': 12.97}
{'eval_loss': 0.35431113839149475, 'eval_accuracy': 0.8992079207920792, 'eval_runtime': 205.8177, 'eval_samples_per_second': 122.681, 'eval_steps_per_second': 0.962, 'epoch': 13.0}
{'loss': 0.5705, 'learning_rate': 0.0004207495462005828, 'epoch': 13.04}
{'loss': 0.5542, 'learning_rate': 0.0004199727792732158, 'epoch': 13.11}
{'loss': 0.5693, 'learning_rate': 0.0004191929488659898, 'epoch': 13.18}
{'loss': 0.5689, 'learning_rate': 0.0004184100690340657, 'epoch': 13.24}
{'loss': 0.5675, 'learning_rate': 0.00041762415388756514, 'epoch': 13.31}
{'loss': 0.5585, 'learning_rate': 0.0004168352175913163, 'epoch': 13.38}
{'loss': 0.5731, 'learning_rate': 0.00041604327436459864, 'epoch': 13.45}
{'loss': 0.5937, 'learning_rate': 0.0004152483384808867, 'epoch': 13.51}
{'loss': 0.5781, 'learning_rate': 0.0004144504242675927, 'epoch': 13.58}
{'loss': 0.5549, 'learning_rate': 0.0004136495461058083, 'epoch': 13.65}
{'loss': 0.5569, 'learning_rate': 0.0004128457184300454, 'epoch': 13.72}
{'loss': 0.5906, 'learning_rate': 0.00041203895572797613, 'epoch': 13.78}
{'loss': 0.5574, 'learning_rate': 0.00041122927254017173, 'epoch': 13.85}
{'loss': 0.5548, 'learning_rate': 0.0004104166834598402, 'epoch': 13.92}
{'loss': 0.5448, 'learning_rate': 0.00040960120313256356, 'epoch': 13.99}
{'eval_loss': 0.35142335295677185, 'eval_accuracy': 0.8996435643564357, 'eval_runtime': 205.5616, 'eval_samples_per_second': 122.834, 'eval_steps_per_second': 0.963, 'epoch': 14.0}
{'loss': 0.5406, 'learning_rate': 0.0004087828462560338, 'epoch': 14.05}
{'loss': 0.5542, 'learning_rate': 0.00040796162757978803, 'epoch': 14.12}
{'loss': 0.5398, 'learning_rate': 0.0004071375619049427, 'epoch': 14.19}
{'loss': 0.5666, 'learning_rate': 0.00040631066408392636, 'epoch': 14.26}
{'loss': 0.5707, 'learning_rate': 0.00040548094902021257, 'epoch': 14.32}
{'loss': 0.5531, 'learning_rate': 0.0004046484316680511, 'epoch': 14.39}
{'loss': 0.53, 'learning_rate': 0.0004038131270321984, 'epoch': 14.46}
{'loss': 0.5342, 'learning_rate': 0.00040297505016764697, 'epoch': 14.53}
{'loss': 0.551, 'learning_rate': 0.00040213421617935416, 'epoch': 14.59}
{'loss': 0.5281, 'learning_rate': 0.00040129064022197006, 'epoch': 14.66}
{'loss': 0.5524, 'learning_rate': 0.00040044433749956434, 'epoch': 14.73}
{'loss': 0.5651, 'learning_rate': 0.00039959532326535175, 'epoch': 14.8}
{'loss': 0.5293, 'learning_rate': 0.000398828904758134, 'epoch': 14.86}
{'loss': 0.5255, 'learning_rate': 0.0003979747808489036, 'epoch': 14.93}
{'loss': 0.5548, 'learning_rate': 0.0003971179899375643, 'epoch': 15.0}
{'eval_loss': 0.3452983498573303, 'eval_accuracy': 0.9025346534653466, 'eval_runtime': 207.2216, 'eval_samples_per_second': 121.85, 'eval_steps_per_second': 0.955, 'epoch': 15.0}
{'loss': 0.5425, 'learning_rate': 0.00039625854746636356, 'epoch': 15.07}
{'loss': 0.5362, 'learning_rate': 0.00039539646892533867, 'epoch': 15.14}
{'loss': 0.5484, 'learning_rate': 0.00039453176985203785, 'epoch': 15.2}
{'loss': 0.5649, 'learning_rate': 0.0003936644658312401, 'epoch': 15.27}
{'loss': 0.53, 'learning_rate': 0.0003927945724946742, 'epoch': 15.34}
{'loss': 0.5489, 'learning_rate': 0.00039192210552073723, 'epoch': 15.41}
{'loss': 0.5446, 'learning_rate': 0.0003910470806342117, 'epoch': 15.47}
{'loss': 0.5343, 'learning_rate': 0.0003901695136059825, 'epoch': 15.54}
{'loss': 0.527, 'learning_rate': 0.00038928942025275227, 'epoch': 15.61}
{'loss': 0.5481, 'learning_rate': 0.0003884068164367566, 'epoch': 15.68}
{'loss': 0.5677, 'learning_rate': 0.0003875217180654779, 'epoch': 15.74}
{'loss': 0.5309, 'learning_rate': 0.000386634141091359, 'epoch': 15.81}
{'loss': 0.5492, 'learning_rate': 0.0003857441015115154, 'epoch': 15.88}
{'loss': 0.5432, 'learning_rate': 0.00038485161536744707, 'epoch': 15.95}
{'eval_loss': 0.3442043364048004, 'eval_accuracy': 0.9021782178217822, 'eval_runtime': 227.0092, 'eval_samples_per_second': 111.229, 'eval_steps_per_second': 0.872, 'epoch': 16.0}
{'loss': 0.5387, 'learning_rate': 0.00038395669874474915, 'epoch': 16.01}
{'loss': 0.5647, 'learning_rate': 0.00038305936777282233, 'epoch': 16.08}
{'loss': 0.5276, 'learning_rate': 0.0003821596386245819, 'epoch': 16.15}
{'loss': 0.5091, 'learning_rate': 0.00038125752751616625, 'epoch': 16.22}
{'loss': 0.5442, 'learning_rate': 0.0003803530507066448, 'epoch': 16.28}
{'loss': 0.5209, 'learning_rate': 0.00037944622449772485, 'epoch': 16.35}
{'loss': 0.5401, 'learning_rate': 0.00037853706523345766, 'epoch': 16.42}
{'loss': 0.4984, 'learning_rate': 0.00037762558929994394, 'epoch': 16.49}
{'loss': 0.5531, 'learning_rate': 0.0003767118131250388, 'epoch': 16.55}
{'loss': 0.5526, 'learning_rate': 0.00037579575317805525, 'epoch': 16.62}
{'loss': 0.5459, 'learning_rate': 0.0003748774259694675, 'epoch': 16.69}
{'loss': 0.5402, 'learning_rate': 0.00037395684805061345, 'epoch': 16.76}
{'loss': 0.5607, 'learning_rate': 0.00037303403601339643, 'epoch': 16.82}
{'loss': 0.5192, 'learning_rate': 0.00037210900648998604, 'epoch': 16.89}
{'loss': 0.5306, 'learning_rate': 0.0003711817761525183, 'epoch': 16.96}
{'eval_loss': 0.3404354453086853, 'eval_accuracy': 0.902930693069307, 'eval_runtime': 213.3357, 'eval_samples_per_second': 118.358, 'eval_steps_per_second': 0.928, 'epoch': 17.0}
{'loss': 0.5308, 'learning_rate': 0.00037025236171279546, 'epoch': 17.03}
{'loss': 0.4861, 'learning_rate': 0.00036932077992198455, 'epoch': 17.09}
{'loss': 0.5171, 'learning_rate': 0.0003683870475703156, 'epoch': 17.16}
{'loss': 0.509, 'learning_rate': 0.0003674511814867788, 'epoch': 17.23}
{'loss': 0.5223, 'learning_rate': 0.0003665131985388215, 'epoch': 17.3}
{'loss': 0.5302, 'learning_rate': 0.0003655731156320441, 'epoch': 17.36}
{'loss': 0.522, 'learning_rate': 0.0003646309497098951, 'epoch': 17.43}
{'loss': 0.5461, 'learning_rate': 0.00036368671775336597, 'epoch': 17.5}
{'loss': 0.5236, 'learning_rate': 0.00036274043678068526, 'epoch': 17.57}
{'loss': 0.5194, 'learning_rate': 0.0003617921238470114, 'epoch': 17.64}
{'loss': 0.4912, 'learning_rate': 0.00036084179604412594, 'epoch': 17.7}
{'loss': 0.5188, 'learning_rate': 0.0003598894705001246, 'epoch': 17.77}
{'loss': 0.5168, 'learning_rate': 0.00035893516437910956, 'epoch': 17.84}
{'loss': 0.5612, 'learning_rate': 0.0003579788948808794, 'epoch': 17.91}
{'loss': 0.5187, 'learning_rate': 0.0003570206792406195, 'epoch': 17.97}
{'eval_loss': 0.33824780583381653, 'eval_accuracy': 0.9043168316831683, 'eval_runtime': 224.622, 'eval_samples_per_second': 112.411, 'eval_steps_per_second': 0.881, 'epoch': 18.0}
{'loss': 0.5269, 'learning_rate': 0.0003560605347285912, 'epoch': 18.04}
{'loss': 0.5303, 'learning_rate': 0.0003550984786498205, 'epoch': 18.11}
{'loss': 0.5149, 'learning_rate': 0.00035413452834378624, 'epoch': 18.18}
{'loss': 0.5207, 'learning_rate': 0.0003531687011841077, 'epoch': 18.24}
{'loss': 0.4992, 'learning_rate': 0.00035220101457823143, 'epoch': 18.31}
{'loss': 0.5168, 'learning_rate': 0.00035123148596711716, 'epoch': 18.38}
{'loss': 0.5133, 'learning_rate': 0.00035026013282492404, 'epoch': 18.45}
{'loss': 0.5097, 'learning_rate': 0.00034928697265869515, 'epoch': 18.51}
{'loss': 0.5269, 'learning_rate': 0.00034831202300804245, 'epoch': 18.58}
{'loss': 0.5174, 'learning_rate': 0.00034733530144483003, 'epoch': 18.65}
{'loss': 0.5191, 'learning_rate': 0.0003463568255728583, 'epoch': 18.72}
{'loss': 0.5156, 'learning_rate': 0.00034537661302754577, 'epoch': 18.78}
{'loss': 0.4993, 'learning_rate': 0.0003443946814756119, 'epoch': 18.85}
{'loss': 0.4975, 'learning_rate': 0.0003434110486147582, 'epoch': 18.92}
{'loss': 0.4999, 'learning_rate': 0.0003424257321733497, 'epoch': 18.99}
{'eval_loss': 0.3364992141723633, 'eval_accuracy': 0.9047920792079208, 'eval_runtime': 229.6885, 'eval_samples_per_second': 109.931, 'eval_steps_per_second': 0.862, 'epoch': 19.0}
{'loss': 0.4803, 'learning_rate': 0.00034143874991009513, 'epoch': 19.05}
{'loss': 0.4812, 'learning_rate': 0.00034045011961372676, 'epoch': 19.12}
{'loss': 0.5133, 'learning_rate': 0.00033945985910268007, 'epoch': 19.19}
{'loss': 0.5324, 'learning_rate': 0.0003384679862247726, 'epoch': 19.26}
{'loss': 0.52, 'learning_rate': 0.000337474518856882, 'epoch': 19.32}
{'loss': 0.5033, 'learning_rate': 0.00033647947490462386, 'epoch': 19.39}
{'loss': 0.5066, 'learning_rate': 0.0003354828723020294, 'epoch': 19.46}
{'loss': 0.5311, 'learning_rate': 0.00033448472901122185, 'epoch': 19.53}
{'loss': 0.4922, 'learning_rate': 0.00033348506302209265, 'epoch': 19.59}
{'loss': 0.5067, 'learning_rate': 0.00033248389235197764, 'epoch': 19.66}
{'loss': 0.5038, 'learning_rate': 0.0003314812350453317, 'epoch': 19.73}
{'loss': 0.5096, 'learning_rate': 0.0003304771091734043, 'epoch': 19.8}
{'loss': 0.5461, 'learning_rate': 0.00032947153283391313, 'epoch': 19.86}
{'loss': 0.4833, 'learning_rate': 0.00032846452415071826, 'epoch': 19.93}
{'loss': 0.5074, 'learning_rate': 0.00032745610127349524, 'epoch': 20.0}
{'eval_loss': 0.3376220464706421, 'eval_accuracy': 0.9044752475247525, 'eval_runtime': 233.9867, 'eval_samples_per_second': 107.912, 'eval_steps_per_second': 0.846, 'epoch': 20.0}
{'loss': 0.5047, 'learning_rate': 0.0003264462823774085, 'epoch': 20.07}
{'loss': 0.5062, 'learning_rate': 0.000325435085662783, 'epoch': 20.14}
{'loss': 0.4924, 'learning_rate': 0.00032442252935477696, 'epoch': 20.2}
{'loss': 0.5023, 'learning_rate': 0.0003234086317030526, 'epoch': 20.27}
{'loss': 0.469, 'learning_rate': 0.0003223934109814483, 'epoch': 20.34}
{'loss': 0.5049, 'learning_rate': 0.000321376885487648, 'epoch': 20.41}
{'loss': 0.4829, 'learning_rate': 0.0003203590735428523, 'epoch': 20.47}
{'loss': 0.5154, 'learning_rate': 0.0003193399934914479, 'epoch': 20.54}
{'loss': 0.5022, 'learning_rate': 0.0003183196637006771, 'epoch': 20.61}
{'loss': 0.5383, 'learning_rate': 0.00031729810256030653, 'epoch': 20.68}
{'loss': 0.4842, 'learning_rate': 0.0003162753284822962, 'epoch': 20.74}
{'loss': 0.4953, 'learning_rate': 0.0003152513599004667, 'epoch': 20.81}
{'loss': 0.4914, 'learning_rate': 0.00031422621527016847, 'epoch': 20.88}
{'loss': 0.4882, 'learning_rate': 0.0003131999130679476, 'epoch': 20.95}
{'eval_loss': 0.3366868793964386, 'eval_accuracy': 0.9037227722772277, 'eval_runtime': 211.023, 'eval_samples_per_second': 119.655, 'eval_steps_per_second': 0.938, 'epoch': 21.0}
{'loss': 0.4988, 'learning_rate': 0.0003121724717912138, 'epoch': 21.01}
{'loss': 0.4527, 'learning_rate': 0.0003111439099579064, 'epoch': 21.08}
{'loss': 0.5002, 'learning_rate': 0.0003101142461061615, 'epoch': 21.15}
{'loss': 0.5001, 'learning_rate': 0.0003090834987939768, 'epoch': 21.22}
{'loss': 0.4989, 'learning_rate': 0.0003080516865988778, 'epoch': 21.28}
{'loss': 0.4966, 'learning_rate': 0.00030701882811758253, 'epoch': 21.35}
{'loss': 0.4833, 'learning_rate': 0.000305984941965667, 'epoch': 21.42}
{'loss': 0.5161, 'learning_rate': 0.0003049500467772289, 'epoch': 21.49}
{'loss': 0.5014, 'learning_rate': 0.0003039141612045525, 'epoch': 21.55}
{'loss': 0.4861, 'learning_rate': 0.0003028773039177717, 'epoch': 21.62}
{'loss': 0.4925, 'learning_rate': 0.0003018394936045344, 'epoch': 21.69}
{'loss': 0.4832, 'learning_rate': 0.00030080074896966487, 'epoch': 21.76}
{'loss': 0.477, 'learning_rate': 0.0002997610887348272, 'epoch': 21.82}
{'loss': 0.5007, 'learning_rate': 0.00029872053163818756, 'epoch': 21.89}
{'loss': 0.481, 'learning_rate': 0.0002976790964340768, 'epoch': 21.96}
{'eval_loss': 0.3336234986782074, 'eval_accuracy': 0.9044356435643565, 'eval_runtime': 210.6168, 'eval_samples_per_second': 119.886, 'eval_steps_per_second': 0.94, 'epoch': 22.0}
{'loss': 0.494, 'learning_rate': 0.00029663680189265175, 'epoch': 22.03}
{'loss': 0.4911, 'learning_rate': 0.0002955936667995578, 'epoch': 22.09}
{'loss': 0.4686, 'learning_rate': 0.0002945497099555898, 'epoch': 22.16}
{'loss': 0.4737, 'learning_rate': 0.00029350495017635333, 'epoch': 22.23}
{'loss': 0.4918, 'learning_rate': 0.00029245940629192536, 'epoch': 22.3}
{'loss': 0.4903, 'learning_rate': 0.00029141309714651525, 'epoch': 22.36}
{'loss': 0.4677, 'learning_rate': 0.000290366041598125, 'epoch': 22.43}
{'loss': 0.4956, 'learning_rate': 0.000289318258518209, 'epoch': 22.5}
{'loss': 0.4549, 'learning_rate': 0.0002882697667913346, 'epoch': 22.57}
{'loss': 0.4999, 'learning_rate': 0.000287220585314841, 'epoch': 22.64}
{'loss': 0.479, 'learning_rate': 0.0002861707329984992, 'epoch': 22.7}
{'loss': 0.5222, 'learning_rate': 0.0002851202287641709, 'epoch': 22.77}
{'loss': 0.4531, 'learning_rate': 0.00028406909154546746, 'epoch': 22.84}
{'loss': 0.4921, 'learning_rate': 0.00028301734028740903, 'epoch': 22.91}
{'loss': 0.4895, 'learning_rate': 0.0002819649939460826, 'epoch': 22.97}
{'eval_loss': 0.3349243402481079, 'eval_accuracy': 0.9050693069306931, 'eval_runtime': 211.931, 'eval_samples_per_second': 119.143, 'eval_steps_per_second': 0.934, 'epoch': 23.0}
{'loss': 0.495, 'learning_rate': 0.00028091207148830044, 'epoch': 23.04}
{'loss': 0.4721, 'learning_rate': 0.0002798585918912588, 'epoch': 23.11}
{'loss': 0.4962, 'learning_rate': 0.0002788045741421949, 'epoch': 23.18}
{'loss': 0.4848, 'learning_rate': 0.00027775003723804577, 'epoch': 23.24}
{'loss': 0.4677, 'learning_rate': 0.00027669500018510484, 'epoch': 23.31}
{'loss': 0.4896, 'learning_rate': 0.0002756394819986805, 'epoch': 23.38}
{'loss': 0.5113, 'learning_rate': 0.0002745835017027522, 'epoch': 23.45}
{'loss': 0.4682, 'learning_rate': 0.0002735270783296286, 'epoch': 23.51}
{'loss': 0.4868, 'learning_rate': 0.0002724702309196038, 'epoch': 23.58}
{'loss': 0.4885, 'learning_rate': 0.0002714129785206147, 'epoch': 23.65}
{'loss': 0.4676, 'learning_rate': 0.00027035534018789723, 'epoch': 23.72}
{'loss': 0.5059, 'learning_rate': 0.00026929733498364336, 'epoch': 23.78}
{'loss': 0.4874, 'learning_rate': 0.000268238981976657, 'epoch': 23.85}
{'loss': 0.4788, 'learning_rate': 0.00026718030024201116, 'epoch': 23.92}
{'loss': 0.4981, 'learning_rate': 0.00026612130886070315, 'epoch': 23.99}
{'eval_loss': 0.33412665128707886, 'eval_accuracy': 0.9044356435643565, 'eval_runtime': 210.518, 'eval_samples_per_second': 119.942, 'eval_steps_per_second': 0.941, 'epoch': 24.0}
{'loss': 0.479, 'learning_rate': 0.0002650620269193112, 'epoch': 24.05}
{'loss': 0.4859, 'learning_rate': 0.00026400247350965065, 'epoch': 24.12}
{'loss': 0.4918, 'learning_rate': 0.0002629426677284295, 'epoch': 24.19}
{'loss': 0.4695, 'learning_rate': 0.0002618826286769043, 'epoch': 24.26}
{'loss': 0.459, 'learning_rate': 0.00026082237546053584, 'epoch': 24.32}
{'loss': 0.4802, 'learning_rate': 0.00025976192718864493, 'epoch': 24.39}
{'loss': 0.4756, 'learning_rate': 0.0002587013029740682, 'epoch': 24.46}
{'loss': 0.4634, 'learning_rate': 0.00025764052193281284, 'epoch': 24.53}
{'loss': 0.4567, 'learning_rate': 0.00025657960318371315, 'epoch': 24.59}
{'loss': 0.4621, 'learning_rate': 0.0002555185658480848, 'epoch': 24.66}
{'loss': 0.4932, 'learning_rate': 0.00025445742904938134, 'epoch': 24.73}
{'loss': 0.4684, 'learning_rate': 0.0002533962119128487, 'epoch': 24.8}
{'loss': 0.4812, 'learning_rate': 0.0002523349335651807, 'epoch': 24.86}
{'loss': 0.4672, 'learning_rate': 0.00025127361313417445, 'epoch': 24.93}
{'loss': 0.4989, 'learning_rate': 0.0002502122697483858, 'epoch': 25.0}
{'eval_loss': 0.3340648114681244, 'eval_accuracy': 0.9044356435643565, 'eval_runtime': 212.0031, 'eval_samples_per_second': 119.102, 'eval_steps_per_second': 0.934, 'epoch': 25.0}
{'loss': 0.451, 'learning_rate': 0.00024915092253678385, 'epoch': 25.07}
{'loss': 0.4626, 'learning_rate': 0.0002480895906284072, 'epoch': 25.14}
{'loss': 0.4484, 'learning_rate': 0.000247028293152018, 'epoch': 25.2}
{'loss': 0.4584, 'learning_rate': 0.0002459670492357584, 'epoch': 25.27}
{'loss': 0.4447, 'learning_rate': 0.00024490587800680486, 'epoch': 25.34}
{'loss': 0.4814, 'learning_rate': 0.00024384479859102404, 'epoch': 25.41}
{'loss': 0.4567, 'learning_rate': 0.00024278383011262753, 'epoch': 25.47}
{'loss': 0.4719, 'learning_rate': 0.00024172299169382768, 'epoch': 25.54}
{'loss': 0.4992, 'learning_rate': 0.00024066230245449257, 'epoch': 25.61}
{'loss': 0.4666, 'learning_rate': 0.00023960178151180174, 'epoch': 25.68}
{'loss': 0.4737, 'learning_rate': 0.0002385414479799012, 'epoch': 25.74}
{'loss': 0.4988, 'learning_rate': 0.0002374813209695595, 'epoch': 25.81}
{'loss': 0.4756, 'learning_rate': 0.0002364214195878227, 'epoch': 25.88}
{'loss': 0.4909, 'learning_rate': 0.00023536176293767057, 'epoch': 25.95}
{'eval_loss': 0.3312090337276459, 'eval_accuracy': 0.9059009900990099, 'eval_runtime': 210.8038, 'eval_samples_per_second': 119.78, 'eval_steps_per_second': 0.939, 'epoch': 26.0}
{'loss': 0.4808, 'learning_rate': 0.00023430237011767165, 'epoch': 26.01}
{'loss': 0.4472, 'learning_rate': 0.00023324326022163973, 'epoch': 26.08}
{'loss': 0.4543, 'learning_rate': 0.00023218445233828903, 'epoch': 26.15}
{'loss': 0.4386, 'learning_rate': 0.0002311259655508907, 'epoch': 26.22}
{'loss': 0.4817, 'learning_rate': 0.00023006781893692864, 'epoch': 26.28}
{'loss': 0.4585, 'learning_rate': 0.00022901003156775558, 'epoch': 26.35}
{'loss': 0.4469, 'learning_rate': 0.0002279526225082495, 'epoch': 26.42}
{'loss': 0.4748, 'learning_rate': 0.00022689561081647017, 'epoch': 26.49}
{'loss': 0.4539, 'learning_rate': 0.0002258390155433151, 'epoch': 26.55}
{'loss': 0.4696, 'learning_rate': 0.00022478285573217683, 'epoch': 26.62}
{'loss': 0.4401, 'learning_rate': 0.00022372715041859924, 'epoch': 26.69}
{'loss': 0.4823, 'learning_rate': 0.00022267191862993468, 'epoch': 26.76}
{'loss': 0.4476, 'learning_rate': 0.00022161717938500112, 'epoch': 26.82}
{'loss': 0.4458, 'learning_rate': 0.00022056295169373903, 'epoch': 26.89}
{'loss': 0.4701, 'learning_rate': 0.00021950925455686908, 'epoch': 26.96}
{'eval_loss': 0.33147749304771423, 'eval_accuracy': 0.9051485148514852, 'eval_runtime': 212.8065, 'eval_samples_per_second': 118.652, 'eval_steps_per_second': 0.93, 'epoch': 27.0}
{'loss': 0.4896, 'learning_rate': 0.00021845610696554968, 'epoch': 27.03}
{'loss': 0.4809, 'learning_rate': 0.00021740352790103432, 'epoch': 27.09}
{'loss': 0.4734, 'learning_rate': 0.00021635153633432994, 'epoch': 27.16}
{'loss': 0.4498, 'learning_rate': 0.00021530015122585478, 'epoch': 27.23}
{'loss': 0.4572, 'learning_rate': 0.00021424939152509654, 'epoch': 27.3}
{'loss': 0.4691, 'learning_rate': 0.0002131992761702711, 'epoch': 27.36}
{'loss': 0.487, 'learning_rate': 0.00021214982408798098, 'epoch': 27.43}
{'loss': 0.4853, 'learning_rate': 0.00021110105419287428, 'epoch': 27.5}
{'loss': 0.4614, 'learning_rate': 0.00021005298538730405, 'epoch': 27.57}
{'loss': 0.4427, 'learning_rate': 0.00020900563656098704, 'epoch': 27.64}
{'loss': 0.4663, 'learning_rate': 0.00020795902659066366, 'epoch': 27.7}
{'loss': 0.4785, 'learning_rate': 0.00020691317433975777, 'epoch': 27.77}
{'loss': 0.4311, 'learning_rate': 0.0002058680986580364, 'epoch': 27.84}
{'loss': 0.4717, 'learning_rate': 0.00020482381838127038, 'epoch': 27.91}
{'loss': 0.4218, 'learning_rate': 0.00020378035233089444, 'epoch': 27.97}
{'eval_loss': 0.33156248927116394, 'eval_accuracy': 0.9053069306930693, 'eval_runtime': 211.0807, 'eval_samples_per_second': 119.622, 'eval_steps_per_second': 0.938, 'epoch': 28.0}
{'loss': 0.4321, 'learning_rate': 0.00020273771931366842, 'epoch': 28.04}
{'loss': 0.4464, 'learning_rate': 0.0002016959381213381, 'epoch': 28.11}
{'loss': 0.4598, 'learning_rate': 0.0002006550275302965, 'epoch': 28.18}
{'loss': 0.4701, 'learning_rate': 0.00019961500630124535, 'epoch': 28.24}
{'loss': 0.4492, 'learning_rate': 0.00019857589317885725, 'epoch': 28.31}
{'loss': 0.4555, 'learning_rate': 0.00019753770689143752, 'epoch': 28.38}
{'loss': 0.4798, 'learning_rate': 0.000196500466150587, 'epoch': 28.45}
{'loss': 0.4277, 'learning_rate': 0.00019546418965086444, 'epoch': 28.51}
{'loss': 0.4367, 'learning_rate': 0.0001944288960694497, 'epoch': 28.58}
{'loss': 0.4487, 'learning_rate': 0.00019339460406580744, 'epoch': 28.65}
{'loss': 0.4319, 'learning_rate': 0.00019236133228135027, 'epoch': 28.72}
{'loss': 0.466, 'learning_rate': 0.00019132909933910304, 'epoch': 28.78}
{'loss': 0.4868, 'learning_rate': 0.00019029792384336728, 'epoch': 28.85}
{'loss': 0.4504, 'learning_rate': 0.00018926782437938563, 'epoch': 28.92}
{'loss': 0.4721, 'learning_rate': 0.00018823881951300728, 'epoch': 28.99}
{'eval_loss': 0.3309078812599182, 'eval_accuracy': 0.9047128712871287, 'eval_runtime': 214.6721, 'eval_samples_per_second': 117.621, 'eval_steps_per_second': 0.922, 'epoch': 29.0}
{'loss': 0.4535, 'learning_rate': 0.0001872109277903528, 'epoch': 29.05}
{'loss': 0.4282, 'learning_rate': 0.0001861841677374803, 'epoch': 29.12}
{'loss': 0.443, 'learning_rate': 0.00018515855786005163, 'epoch': 29.19}
{'loss': 0.4483, 'learning_rate': 0.0001841341166429983, 'epoch': 29.26}
{'loss': 0.4495, 'learning_rate': 0.00018311086255018872, 'epoch': 29.32}
{'loss': 0.4594, 'learning_rate': 0.0001820888140240954, 'epoch': 29.39}
{'loss': 0.4545, 'learning_rate': 0.00018106798948546243, 'epoch': 29.46}
{'loss': 0.4284, 'learning_rate': 0.00018004840733297365, 'epoch': 29.53}
{'loss': 0.4505, 'learning_rate': 0.00017903008594292075, 'epoch': 29.59}
{'loss': 0.4499, 'learning_rate': 0.00017801304366887234, 'epoch': 29.66}
{'loss': 0.4688, 'learning_rate': 0.00017699729884134316, 'epoch': 29.73}
{'loss': 0.4325, 'learning_rate': 0.00017598286976746357, 'epoch': 29.8}
{'loss': 0.4619, 'learning_rate': 0.0001749697747306495, 'epoch': 29.86}
{'loss': 0.4352, 'learning_rate': 0.00017395803199027324, 'epoch': 29.93}
{'loss': 0.4537, 'learning_rate': 0.00017294765978133396, 'epoch': 30.0}
{'eval_loss': 0.3313342332839966, 'eval_accuracy': 0.9052277227722773, 'eval_runtime': 206.1505, 'eval_samples_per_second': 122.483, 'eval_steps_per_second': 0.96, 'epoch': 30.0}
{'loss': 0.4496, 'learning_rate': 0.0001719386763141294, 'epoch': 30.07}
{'loss': 0.4525, 'learning_rate': 0.00017093109977392754, 'epoch': 30.14}
{'loss': 0.4543, 'learning_rate': 0.0001699249483206386, 'epoch': 30.2}
{'loss': 0.4424, 'learning_rate': 0.00016892024008848826, 'epoch': 30.27}
{'loss': 0.4312, 'learning_rate': 0.00016791699318569037, 'epoch': 30.34}
{'loss': 0.4662, 'learning_rate': 0.0001669152256941206, 'epoch': 30.41}
{'loss': 0.4445, 'learning_rate': 0.00016591495566899085, 'epoch': 30.47}
{'loss': 0.4206, 'learning_rate': 0.00016491620113852348, 'epoch': 30.54}
{'loss': 0.4411, 'learning_rate': 0.00016391898010362671, 'epoch': 30.61}
{'loss': 0.4544, 'learning_rate': 0.00016292331053756998, 'epoch': 30.68}
{'loss': 0.4538, 'learning_rate': 0.0001619292103856599, 'epoch': 30.74}
{'loss': 0.4356, 'learning_rate': 0.00016093669756491724, 'epoch': 30.81}
{'loss': 0.4399, 'learning_rate': 0.00015994578996375363, 'epoch': 30.88}
{'loss': 0.4618, 'learning_rate': 0.0001589565054416491, 'epoch': 30.95}
{'eval_loss': 0.3299271762371063, 'eval_accuracy': 0.9055445544554456, 'eval_runtime': 212.8027, 'eval_samples_per_second': 118.654, 'eval_steps_per_second': 0.93, 'epoch': 31.0}
{'loss': 0.4369, 'learning_rate': 0.00015796886182883053, 'epoch': 31.01}
{'loss': 0.4467, 'learning_rate': 0.00015698287692595005, 'epoch': 31.08}
{'loss': 0.4378, 'learning_rate': 0.00015599856850376427, 'epoch': 31.15}
{'loss': 0.429, 'learning_rate': 0.000155015954302814, 'epoch': 31.22}
{'loss': 0.467, 'learning_rate': 0.00015403505203310443, 'epoch': 31.28}
{'loss': 0.4586, 'learning_rate': 0.00015305587937378611, 'epoch': 31.35}
{'loss': 0.4548, 'learning_rate': 0.00015207845397283628, 'epoch': 31.42}
{'loss': 0.4532, 'learning_rate': 0.00015110279344674043, 'epoch': 31.49}
{'loss': 0.4289, 'learning_rate': 0.00015012891538017536, 'epoch': 31.55}
{'loss': 0.4644, 'learning_rate': 0.00014915683732569186, 'epoch': 31.62}
{'loss': 0.4422, 'learning_rate': 0.0001481865768033984, 'epoch': 31.69}
{'loss': 0.4421, 'learning_rate': 0.00014721815130064555, 'epoch': 31.76}
{'loss': 0.458, 'learning_rate': 0.00014625157827171054, 'epoch': 31.82}
{'loss': 0.4472, 'learning_rate': 0.00014528687513748294, 'epoch': 31.89}
{'loss': 0.4352, 'learning_rate': 0.0001443240592851505, 'epoch': 31.96}
{'eval_loss': 0.3303367793560028, 'eval_accuracy': 0.9043564356435644, 'eval_runtime': 232.7477, 'eval_samples_per_second': 108.487, 'eval_steps_per_second': 0.851, 'epoch': 32.0}
{'loss': 0.4647, 'learning_rate': 0.00014336314806788565, 'epoch': 32.03}
{'loss': 0.415, 'learning_rate': 0.00014240415880453324, 'epoch': 32.09}
{'loss': 0.4596, 'learning_rate': 0.0001414471087792978, 'epoch': 32.16}
{'loss': 0.4558, 'learning_rate': 0.00014049201524143234, 'epoch': 32.23}
{'loss': 0.4607, 'learning_rate': 0.0001395388954049273, 'epoch': 32.3}
{'loss': 0.4313, 'learning_rate': 0.00013858776644820058, 'epoch': 32.36}
{'loss': 0.4414, 'learning_rate': 0.00013763864551378786, 'epoch': 32.43}
{'loss': 0.4647, 'learning_rate': 0.00013669154970803312, 'epoch': 32.5}
{'loss': 0.427, 'learning_rate': 0.00013574649610078096, 'epoch': 32.57}
{'loss': 0.4448, 'learning_rate': 0.00013480350172506884, 'epoch': 32.64}
{'loss': 0.4339, 'learning_rate': 0.00013386258357681968, 'epoch': 32.7}
{'loss': 0.439, 'learning_rate': 0.00013292375861453598, 'epoch': 32.77}
{'loss': 0.4453, 'learning_rate': 0.0001319870437589939, 'epoch': 32.84}
{'loss': 0.43, 'learning_rate': 0.00013105245589293852, 'epoch': 32.91}
{'loss': 0.4494, 'learning_rate': 0.00013012001186077946, 'epoch': 32.97}
{'eval_loss': 0.3299182057380676, 'eval_accuracy': 0.9051881188118812, 'eval_runtime': 225.7731, 'eval_samples_per_second': 111.838, 'eval_steps_per_second': 0.877, 'epoch': 33.0}
{'loss': 0.4074, 'learning_rate': 0.00012918972846828712, 'epoch': 33.04}
{'loss': 0.4352, 'learning_rate': 0.00012835433462055223, 'epoch': 33.11}
{'loss': 0.417, 'learning_rate': 0.0001274282026036099, 'epoch': 33.18}
{'loss': 0.4541, 'learning_rate': 0.00012650427974177005, 'epoch': 33.24}
{'loss': 0.4168, 'learning_rate': 0.000125582582687223, 'epoch': 33.31}
{'loss': 0.437, 'learning_rate': 0.00012466312805204248, 'epoch': 33.38}
{'loss': 0.4201, 'learning_rate': 0.00012374593240788658, 'epoch': 33.45}
{'loss': 0.433, 'learning_rate': 0.00012283101228569859, 'epoch': 33.51}
{'loss': 0.4492, 'learning_rate': 0.00012191838417540921, 'epoch': 33.58}
{'loss': 0.4429, 'learning_rate': 0.00012100806452563965, 'epoch': 33.65}
{'loss': 0.4644, 'learning_rate': 0.00012010006974340454, 'epoch': 33.72}
{'loss': 0.4521, 'learning_rate': 0.00011919441619381708, 'epoch': 33.78}
{'loss': 0.4356, 'learning_rate': 0.00011829112019979316, 'epoch': 33.85}
{'loss': 0.4386, 'learning_rate': 0.00011739019804175769, 'epoch': 33.92}
{'loss': 0.4253, 'learning_rate': 0.00011649166595735139, 'epoch': 33.99}
{'eval_loss': 0.329021692276001, 'eval_accuracy': 0.9061386138613862, 'eval_runtime': 228.3924, 'eval_samples_per_second': 110.555, 'eval_steps_per_second': 0.867, 'epoch': 34.0}
{'loss': 0.4952, 'learning_rate': 0.00011559554014113751, 'epoch': 34.05}
{'loss': 0.3987, 'learning_rate': 0.00011470183674431031, 'epoch': 34.12}
{'loss': 0.4364, 'learning_rate': 0.00011381057187440416, 'epoch': 34.19}
{'loss': 0.4018, 'learning_rate': 0.00011292176159500272, 'epoch': 34.26}
{'loss': 0.4328, 'learning_rate': 0.00011203542192544975, 'epoch': 34.32}
{'loss': 0.4376, 'learning_rate': 0.00011115156884056052, 'epoch': 34.39}
{'loss': 0.4187, 'learning_rate': 0.00011027021827033337, 'epoch': 34.46}
{'loss': 0.4473, 'learning_rate': 0.00010939138609966337, 'epoch': 34.53}
{'loss': 0.435, 'learning_rate': 0.00010851508816805516, 'epoch': 34.59}
{'loss': 0.4413, 'learning_rate': 0.000107641340269338, 'epoch': 34.66}
{'loss': 0.4002, 'learning_rate': 0.00010677015815138121, 'epoch': 34.73}
{'loss': 0.4304, 'learning_rate': 0.00010590155751580993, 'epoch': 34.8}
{'loss': 0.4212, 'learning_rate': 0.00010503555401772224, 'epoch': 34.86}
{'loss': 0.4387, 'learning_rate': 0.00010417216326540732, 'epoch': 34.93}
{'loss': 0.4559, 'learning_rate': 0.00010331140082006391, 'epoch': 35.0}
{'eval_loss': 0.3286580741405487, 'eval_accuracy': 0.9065346534653466, 'eval_runtime': 223.001, 'eval_samples_per_second': 113.228, 'eval_steps_per_second': 0.888, 'epoch': 35.0}
{'loss': 0.4652, 'learning_rate': 0.00010245328219551961, 'epoch': 35.07}
{'loss': 0.4165, 'learning_rate': 0.0001015978228579516, 'epoch': 35.14}
{'loss': 0.4256, 'learning_rate': 0.00010074503822560776, 'epoch': 35.2}
{'loss': 0.4523, 'learning_rate': 9.989494366852902e-05, 'epoch': 35.27}
{'loss': 0.4404, 'learning_rate': 9.904755450827185e-05, 'epoch': 35.34}
{'loss': 0.4251, 'learning_rate': 9.820288601763238e-05, 'epoch': 35.41}
{'loss': 0.4279, 'learning_rate': 9.736095342037141e-05, 'epoch': 35.47}
{'loss': 0.4327, 'learning_rate': 9.652177189093967e-05, 'epoch': 35.54}
{'loss': 0.4522, 'learning_rate': 9.568535655420424e-05, 'epoch': 35.61}
{'loss': 0.4458, 'learning_rate': 9.485172248517626e-05, 'epoch': 35.68}
{'loss': 0.4286, 'learning_rate': 9.402088470873902e-05, 'epoch': 35.74}
{'loss': 0.4327, 'learning_rate': 9.319285819937742e-05, 'epoch': 35.81}
{'loss': 0.4373, 'learning_rate': 9.236765788090767e-05, 'epoch': 35.88}
{'loss': 0.4402, 'learning_rate': 9.154529862620858e-05, 'epoch': 35.95}
{'eval_loss': 0.3281923234462738, 'eval_accuracy': 0.9061782178217822, 'eval_runtime': 224.6711, 'eval_samples_per_second': 112.387, 'eval_steps_per_second': 0.881, 'epoch': 36.0}
{'loss': 0.4192, 'learning_rate': 9.072579525695357e-05, 'epoch': 36.01}
{'loss': 0.409, 'learning_rate': 8.990916254334345e-05, 'epoch': 36.08}
{'loss': 0.4263, 'learning_rate': 8.909541520383996e-05, 'epoch': 36.15}
{'loss': 0.4184, 'learning_rate': 8.828456790490092e-05, 'epoch': 36.22}
{'loss': 0.4543, 'learning_rate': 8.747663526071545e-05, 'epoch': 36.28}
{'loss': 0.4609, 'learning_rate': 8.667163183294119e-05, 'epoch': 36.35}
{'loss': 0.4478, 'learning_rate': 8.586957213044114e-05, 'epoch': 36.42}
{'loss': 0.4029, 'learning_rate': 8.507047060902253e-05, 'epoch': 36.49}
{'loss': 0.4251, 'learning_rate': 8.427434167117646e-05, 'epoch': 36.55}
{'loss': 0.4409, 'learning_rate': 8.348119966581793e-05, 'epoch': 36.62}
{'loss': 0.4274, 'learning_rate': 8.269105888802739e-05, 'epoch': 36.69}
{'loss': 0.4401, 'learning_rate': 8.190393357879313e-05, 'epoch': 36.76}
{'loss': 0.4348, 'learning_rate': 8.111983792475449e-05, 'epoch': 36.82}
{'loss': 0.4385, 'learning_rate': 8.03387860579465e-05, 'epoch': 36.89}
{'loss': 0.4358, 'learning_rate': 7.956079205554468e-05, 'epoch': 36.96}
{'eval_loss': 0.32812079787254333, 'eval_accuracy': 0.9062970297029703, 'eval_runtime': 212.028, 'eval_samples_per_second': 119.088, 'eval_steps_per_second': 0.934, 'epoch': 37.0}
{'loss': 0.4427, 'learning_rate': 7.87858699396116e-05, 'epoch': 37.03}
{'loss': 0.4458, 'learning_rate': 7.801403367684423e-05, 'epoch': 37.09}
{'loss': 0.4209, 'learning_rate': 7.724529717832218e-05, 'epoch': 37.16}
{'loss': 0.4361, 'learning_rate': 7.647967429925673e-05, 'epoch': 37.23}
{'loss': 0.4347, 'learning_rate': 7.571717883874135e-05, 'epoch': 37.3}
{'loss': 0.4441, 'learning_rate': 7.495782453950284e-05, 'epoch': 37.36}
{'loss': 0.4253, 'learning_rate': 7.420162508765399e-05, 'epoch': 37.43}
{'loss': 0.441, 'learning_rate': 7.344859411244645e-05, 'epoch': 37.5}
{'loss': 0.4223, 'learning_rate': 7.26987451860252e-05, 'epoch': 37.57}
{'loss': 0.4231, 'learning_rate': 7.19520918231843e-05, 'epoch': 37.64}
{'loss': 0.4164, 'learning_rate': 7.120864748112293e-05, 'epoch': 37.7}
{'loss': 0.398, 'learning_rate': 7.046842555920283e-05, 'epoch': 37.77}
{'loss': 0.4276, 'learning_rate': 6.973143939870691e-05, 'epoch': 37.84}
{'loss': 0.4289, 'learning_rate': 6.899770228259905e-05, 'epoch': 37.91}
{'loss': 0.4356, 'learning_rate': 6.826722743528419e-05, 'epoch': 37.97}
{'eval_loss': 0.3271903097629547, 'eval_accuracy': 0.9062970297029703, 'eval_runtime': 177.5026, 'eval_samples_per_second': 142.251, 'eval_steps_per_second': 1.115, 'epoch': 38.0}
{'loss': 0.44, 'learning_rate': 6.75400280223703e-05, 'epoch': 38.04}
{'loss': 0.407, 'learning_rate': 6.681611715043104e-05, 'epoch': 38.11}
{'loss': 0.4296, 'learning_rate': 6.60955078667696e-05, 'epoch': 38.18}
{'loss': 0.4289, 'learning_rate': 6.537821315918347e-05, 'epoch': 38.24}
{'loss': 0.4336, 'learning_rate': 6.466424595573026e-05, 'epoch': 38.31}
{'loss': 0.428, 'learning_rate': 6.395361912449472e-05, 'epoch': 38.38}
{'loss': 0.4375, 'learning_rate': 6.324634547335714e-05, 'epoch': 38.45}
{'loss': 0.4279, 'learning_rate': 6.25424377497621e-05, 'epoch': 38.51}
{'loss': 0.4241, 'learning_rate': 6.184190864048877e-05, 'epoch': 38.58}
{'loss': 0.4253, 'learning_rate': 6.11447707714225e-05, 'epoch': 38.65}
{'loss': 0.4391, 'learning_rate': 6.045103670732707e-05, 'epoch': 38.72}
{'loss': 0.4558, 'learning_rate': 5.9760718951618356e-05, 'epoch': 38.78}
{'loss': 0.4003, 'learning_rate': 5.907382994613877e-05, 'epoch': 38.85}
{'loss': 0.4105, 'learning_rate': 5.839038207093309e-05, 'epoch': 38.92}
{'loss': 0.445, 'learning_rate': 5.7710387644025584e-05, 'epoch': 38.99}
{'eval_loss': 0.3274945020675659, 'eval_accuracy': 0.9060990099009901, 'eval_runtime': 178.7124, 'eval_samples_per_second': 141.288, 'eval_steps_per_second': 1.108, 'epoch': 39.0}
{'loss': 0.4223, 'learning_rate': 5.703385892119764e-05, 'epoch': 39.05}
{'loss': 0.4195, 'learning_rate': 5.636080809576705e-05, 'epoch': 39.12}
{'loss': 0.4352, 'learning_rate': 5.5691247298368164e-05, 'epoch': 39.19}
{'loss': 0.3989, 'learning_rate': 5.50251885967335e-05, 'epoch': 39.26}
{'loss': 0.4406, 'learning_rate': 5.436264399547597e-05, 'epoch': 39.32}
{'loss': 0.413, 'learning_rate': 5.3703625435872564e-05, 'epoch': 39.39}
{'loss': 0.4307, 'learning_rate': 5.304814479564907e-05, 'epoch': 39.46}
{'loss': 0.4169, 'learning_rate': 5.239621388876639e-05, 'epoch': 39.53}
{'loss': 0.4197, 'learning_rate': 5.1747844465207056e-05, 'epoch': 39.59}
{'loss': 0.4318, 'learning_rate': 5.1103048210763833e-05, 'epoch': 39.66}
{'loss': 0.4158, 'learning_rate': 5.0461836746828804e-05, 'epoch': 39.73}
{'loss': 0.4144, 'learning_rate': 4.9824221630184544e-05, 'epoch': 39.8}
{'loss': 0.4248, 'learning_rate': 4.919021435279497e-05, 'epoch': 39.86}
{'loss': 0.4345, 'learning_rate': 4.855982634159875e-05, 'epoch': 39.93}
{'loss': 0.4314, 'learning_rate': 4.793306895830313e-05, 'epoch': 40.0}
{'eval_loss': 0.326975017786026, 'eval_accuracy': 0.9063366336633664, 'eval_runtime': 174.5801, 'eval_samples_per_second': 144.633, 'eval_steps_per_second': 1.134, 'epoch': 40.0}
{'loss': 0.404, 'learning_rate': 4.730995349917952e-05, 'epoch': 40.07}
{'loss': 0.4367, 'learning_rate': 4.669049119485943e-05, 'epoch': 40.14}
{'loss': 0.4027, 'learning_rate': 4.60746932101323e-05, 'epoch': 40.2}
{'loss': 0.4105, 'learning_rate': 4.54625706437441e-05, 'epoch': 40.27}
{'loss': 0.4006, 'learning_rate': 4.4854134528197834e-05, 'epoch': 40.34}
{'loss': 0.4253, 'learning_rate': 4.4249395829553924e-05, 'epoch': 40.41}
{'loss': 0.4144, 'learning_rate': 4.3648365447232994e-05, 'epoch': 40.47}
{'loss': 0.4353, 'learning_rate': 4.3051054213819386e-05, 'epoch': 40.54}
{'loss': 0.3972, 'learning_rate': 4.245747289486601e-05, 'epoch': 40.61}
{'loss': 0.4134, 'learning_rate': 4.1867632188700075e-05, 'epoch': 40.68}
{'loss': 0.4407, 'learning_rate': 4.128154272623036e-05, 'epoch': 40.74}
{'loss': 0.412, 'learning_rate': 4.069921507075577e-05, 'epoch': 40.81}
{'loss': 0.4189, 'learning_rate': 4.0120659717774843e-05, 'epoch': 40.88}
{'loss': 0.4422, 'learning_rate': 3.95458870947964e-05, 'epoch': 40.95}
{'eval_loss': 0.3272380828857422, 'eval_accuracy': 0.9058217821782178, 'eval_runtime': 176.0094, 'eval_samples_per_second': 143.458, 'eval_steps_per_second': 1.125, 'epoch': 41.0}
{'loss': 0.4353, 'learning_rate': 3.8974907561151905e-05, 'epoch': 41.01}
{'loss': 0.4275, 'learning_rate': 3.840773140780851e-05, 'epoch': 41.08}
{'loss': 0.4372, 'learning_rate': 3.78443688571839e-05, 'epoch': 41.15}
{'loss': 0.4039, 'learning_rate': 3.728483006296163e-05, 'epoch': 41.22}
{'loss': 0.422, 'learning_rate': 3.672912510990839e-05, 'epoch': 41.28}
{'loss': 0.425, 'learning_rate': 3.6177264013692204e-05, 'epoch': 41.35}
{'loss': 0.436, 'learning_rate': 3.562925672070202e-05, 'epoch': 41.42}
{'loss': 0.4169, 'learning_rate': 3.5085113107868104e-05, 'epoch': 41.49}
{'loss': 0.4299, 'learning_rate': 3.454484298248437e-05, 'epoch': 41.55}
{'loss': 0.4306, 'learning_rate': 3.400845608203138e-05, 'epoch': 41.62}
{'loss': 0.4218, 'learning_rate': 3.347596207400114e-05, 'epoch': 41.69}
{'loss': 0.419, 'learning_rate': 3.294737055572253e-05, 'epoch': 41.76}
{'loss': 0.453, 'learning_rate': 3.242269105418844e-05, 'epoch': 41.82}
{'loss': 0.4337, 'learning_rate': 3.190193302588418e-05, 'epoch': 41.89}
{'loss': 0.3944, 'learning_rate': 3.138510585661697e-05, 'epoch': 41.96}
{'eval_loss': 0.32770398259162903, 'eval_accuracy': 0.905980198019802, 'eval_runtime': 176.2009, 'eval_samples_per_second': 143.302, 'eval_steps_per_second': 1.124, 'epoch': 42.0}
{'loss': 0.4137, 'learning_rate': 3.087221886134672e-05, 'epoch': 42.03}
{'loss': 0.4091, 'learning_rate': 3.0363281284018136e-05, 'epoch': 42.09}
{'loss': 0.4505, 'learning_rate': 2.9858302297394112e-05, 'epoch': 42.16}
{'loss': 0.429, 'learning_rate': 2.9357291002890723e-05, 'epoch': 42.23}
{'loss': 0.4296, 'learning_rate': 2.8860256430412652e-05, 'epoch': 42.3}
{'loss': 0.4198, 'learning_rate': 2.8367207538190692e-05, 'epoch': 42.36}
{'loss': 0.4373, 'learning_rate': 2.787815321262052e-05, 'epoch': 42.43}
{'loss': 0.4201, 'learning_rate': 2.739310226810221e-05, 'epoch': 42.5}
{'loss': 0.4386, 'learning_rate': 2.6912063446881435e-05, 'epoch': 42.57}
{'loss': 0.3912, 'learning_rate': 2.643504541889194e-05, 'epoch': 42.64}
{'loss': 0.4191, 'learning_rate': 2.5962056781599354e-05, 'epoch': 42.7}
{'loss': 0.4396, 'learning_rate': 2.5493106059846115e-05, 'epoch': 42.77}
{'loss': 0.416, 'learning_rate': 2.502820170569789e-05, 'epoch': 42.84}
{'loss': 0.4199, 'learning_rate': 2.456735209829114e-05, 'epoch': 42.91}
{'loss': 0.4525, 'learning_rate': 2.411056554368235e-05, 'epoch': 42.97}
{'eval_loss': 0.3273342251777649, 'eval_accuracy': 0.9063762376237624, 'eval_runtime': 177.7633, 'eval_samples_per_second': 142.043, 'eval_steps_per_second': 1.114, 'epoch': 43.0}
{'loss': 0.4449, 'learning_rate': 2.365785027469808e-05, 'epoch': 43.04}
{'loss': 0.4127, 'learning_rate': 2.3209214450786607e-05, 'epoch': 43.11}
{'loss': 0.417, 'learning_rate': 2.276466615787093e-05, 'epoch': 43.18}
{'loss': 0.4059, 'learning_rate': 2.232421340820315e-05, 'epoch': 43.24}
{'loss': 0.4109, 'learning_rate': 2.1887864140219788e-05, 'epoch': 43.31}
{'loss': 0.4294, 'learning_rate': 2.1455626218398887e-05, 'epoch': 43.38}
{'loss': 0.4197, 'learning_rate': 2.1027507433118237e-05, 'epoch': 43.45}
{'loss': 0.4196, 'learning_rate': 2.0603515500515036e-05, 'epoch': 43.51}
{'loss': 0.4388, 'learning_rate': 2.0183658062346734e-05, 'epoch': 43.58}
{'loss': 0.4501, 'learning_rate': 1.976794268585319e-05, 'epoch': 43.65}
{'loss': 0.3798, 'learning_rate': 1.9356376863620516e-05, 'epoch': 43.72}
{'loss': 0.4352, 'learning_rate': 1.8948968013446004e-05, 'epoch': 43.78}
{'loss': 0.4265, 'learning_rate': 1.8545723478204184e-05, 'epoch': 43.85}
{'loss': 0.4157, 'learning_rate': 1.8146650525714763e-05, 'epoch': 43.92}
{'loss': 0.3864, 'learning_rate': 1.775175634861148e-05, 'epoch': 43.99}
{'eval_loss': 0.3274766504764557, 'eval_accuracy': 0.9068910891089109, 'eval_runtime': 178.8442, 'eval_samples_per_second': 141.184, 'eval_steps_per_second': 1.107, 'epoch': 44.0}
{'loss': 0.4396, 'learning_rate': 1.7361048064212626e-05, 'epoch': 44.05}
{'loss': 0.4338, 'learning_rate': 1.697453271439256e-05, 'epoch': 44.12}
{'loss': 0.4192, 'learning_rate': 1.6592217265454874e-05, 'epoch': 44.19}
{'loss': 0.4007, 'learning_rate': 1.62141086080069e-05, 'epoch': 44.26}
{'loss': 0.4034, 'learning_rate': 1.5840213556835543e-05, 'epoch': 44.32}
{'loss': 0.3897, 'learning_rate': 1.54705388507842e-05, 'epoch': 44.39}
{'loss': 0.4511, 'learning_rate': 1.5105091152631645e-05, 'epoch': 44.46}
{'loss': 0.4157, 'learning_rate': 1.4743877048971649e-05, 'epoch': 44.53}
{'loss': 0.4124, 'learning_rate': 1.4386903050094575e-05, 'epoch': 44.59}
{'loss': 0.3905, 'learning_rate': 1.4034175589869747e-05, 'epoch': 44.66}
{'loss': 0.4402, 'learning_rate': 1.368570102562966e-05, 'epoch': 44.73}
{'loss': 0.4309, 'learning_rate': 1.3341485638055289e-05, 'epoch': 44.8}
{'loss': 0.4376, 'learning_rate': 1.3001535631063071e-05, 'epoch': 44.86}
{'loss': 0.4283, 'learning_rate': 1.2665857131692853e-05, 'epoch': 44.93}
{'loss': 0.435, 'learning_rate': 1.2334456189997623e-05, 'epoch': 45.0}
{'eval_loss': 0.3269851803779602, 'eval_accuracy': 0.9064950495049505, 'eval_runtime': 172.8124, 'eval_samples_per_second': 146.112, 'eval_steps_per_second': 1.146, 'epoch': 45.0}
{'loss': 0.411, 'learning_rate': 1.2007338778934395e-05, 'epoch': 45.07}
{'loss': 0.4055, 'learning_rate': 1.1684510794256698e-05, 'epoch': 45.14}
{'loss': 0.4015, 'learning_rate': 1.1365978054408115e-05, 'epoch': 45.2}
{'loss': 0.4148, 'learning_rate': 1.105174630041747e-05, 'epoch': 45.27}
{'loss': 0.4336, 'learning_rate': 1.0741821195795476e-05, 'epoch': 45.34}
{'loss': 0.4431, 'learning_rate': 1.0436208326432522e-05, 'epoch': 45.41}
{'loss': 0.3832, 'learning_rate': 1.0134913200498058e-05, 'epoch': 45.47}
{'loss': 0.4177, 'learning_rate': 9.837941248341253e-06, 'epoch': 45.54}
{'loss': 0.416, 'learning_rate': 9.545297822393357e-06, 'epoch': 45.61}
{'loss': 0.4299, 'learning_rate': 9.25698819707077e-06, 'epoch': 45.68}
{'loss': 0.4414, 'learning_rate': 8.973017568680547e-06, 'epoch': 45.74}
{'loss': 0.4188, 'learning_rate': 8.693391055326294e-06, 'epoch': 45.81}
{'loss': 0.4332, 'learning_rate': 8.418113696816083e-06, 'epoch': 45.88}
{'loss': 0.4179, 'learning_rate': 8.147190454571712e-06, 'epoch': 45.95}
{'eval_loss': 0.3269027769565582, 'eval_accuracy': 0.9065742574257426, 'eval_runtime': 175.0013, 'eval_samples_per_second': 144.285, 'eval_steps_per_second': 1.131, 'epoch': 46.0}
{'loss': 0.4196, 'learning_rate': 7.880626211539121e-06, 'epoch': 46.01}
{'loss': 0.4168, 'learning_rate': 7.618425772100424e-06, 'epoch': 46.08}
{'loss': 0.4426, 'learning_rate': 7.360593861987508e-06, 'epoch': 46.15}
{'loss': 0.4027, 'learning_rate': 7.107135128196496e-06, 'epoch': 46.22}
{'loss': 0.4279, 'learning_rate': 6.8580541389043905e-06, 'epoch': 46.28}
{'loss': 0.4206, 'learning_rate': 6.613355383386421e-06, 'epoch': 46.35}
{'loss': 0.3942, 'learning_rate': 6.373043271935247e-06, 'epoch': 46.42}
{'loss': 0.4217, 'learning_rate': 6.1371221357816035e-06, 'epoch': 46.49}
{'loss': 0.4297, 'learning_rate': 5.90559622701603e-06, 'epoch': 46.55}
{'loss': 0.4168, 'learning_rate': 5.678469718512269e-06, 'epoch': 46.62}
{'loss': 0.416, 'learning_rate': 5.455746703852238e-06, 'epoch': 46.69}
{'loss': 0.4269, 'learning_rate': 5.237431197252063e-06, 'epoch': 46.76}
{'loss': 0.4111, 'learning_rate': 5.023527133489691e-06, 'epoch': 46.82}
{'loss': 0.4392, 'learning_rate': 4.814038367834228e-06, 'epoch': 46.89}
{'loss': 0.4031, 'learning_rate': 4.608968675976155e-06, 'epoch': 46.96}
{'eval_loss': 0.3267998993396759, 'eval_accuracy': 0.9066534653465347, 'eval_runtime': 177.9064, 'eval_samples_per_second': 141.929, 'eval_steps_per_second': 1.113, 'epoch': 47.0}
{'loss': 0.4233, 'learning_rate': 4.408321753959527e-06, 'epoch': 47.03}
{'loss': 0.4279, 'learning_rate': 4.212101218115133e-06, 'epoch': 47.09}
{'loss': 0.4201, 'learning_rate': 4.020310604995498e-06, 'epoch': 47.16}
{'loss': 0.3999, 'learning_rate': 3.832953371311093e-06, 'epoch': 47.23}
{'loss': 0.4378, 'learning_rate': 3.650032893867977e-06, 'epoch': 47.3}
{'loss': 0.4167, 'learning_rate': 3.4715524695069223e-06, 'epoch': 47.36}
{'loss': 0.4069, 'learning_rate': 3.297515315044131e-06, 'epoch': 47.43}
{'loss': 0.4152, 'learning_rate': 3.1279245672131974e-06, 'epoch': 47.5}
{'loss': 0.4252, 'learning_rate': 2.9627832826084335e-06, 'epoch': 47.57}
{'loss': 0.4476, 'learning_rate': 2.802094437629965e-06, 'epoch': 47.64}
{'loss': 0.4447, 'learning_rate': 2.645860928429972e-06, 'epoch': 47.7}
{'loss': 0.4231, 'learning_rate': 2.494085570860616e-06, 'epoch': 47.77}
{'loss': 0.4232, 'learning_rate': 2.346771100423112e-06, 'epoch': 47.84}
{'loss': 0.4447, 'learning_rate': 2.203920172218571e-06, 'epoch': 47.91}
{'loss': 0.4354, 'learning_rate': 2.065535360900095e-06, 'epoch': 47.97}
{'eval_loss': 0.32674160599708557, 'eval_accuracy': 0.9066534653465347, 'eval_runtime': 179.8556, 'eval_samples_per_second': 140.39, 'eval_steps_per_second': 1.101, 'epoch': 48.0}
{'loss': 0.4072, 'learning_rate': 1.931619160626341e-06, 'epoch': 48.04}
{'loss': 0.4026, 'learning_rate': 1.8021739850166697e-06, 'epoch': 48.11}
{'loss': 0.4242, 'learning_rate': 1.6772021671074556e-06, 'epoch': 48.18}
{'loss': 0.4195, 'learning_rate': 1.556705959310234e-06, 'epoch': 48.24}
{'loss': 0.4099, 'learning_rate': 1.440687533371038e-06, 'epoch': 48.31}
{'loss': 0.4321, 'learning_rate': 1.3291489803312629e-06, 'epoch': 48.38}
{'loss': 0.4076, 'learning_rate': 1.2220923104898364e-06, 'epoch': 48.45}
{'loss': 0.4296, 'learning_rate': 1.1195194533672737e-06, 'epoch': 48.51}
{'loss': 0.4606, 'learning_rate': 1.0214322576706236e-06, 'epoch': 48.58}
{'loss': 0.4265, 'learning_rate': 9.278324912603276e-07, 'epoch': 48.65}
{'loss': 0.4137, 'learning_rate': 8.387218411182451e-07, 'epoch': 48.72}
{'loss': 0.4198, 'learning_rate': 7.541019133173454e-07, 'epoch': 48.78}
{'loss': 0.3971, 'learning_rate': 6.739742329926468e-07, 'epoch': 48.85}
{'loss': 0.4218, 'learning_rate': 5.983402443138774e-07, 'epoch': 48.92}
{'loss': 0.4136, 'learning_rate': 5.272013104592743e-07, 'epoch': 48.99}
{'eval_loss': 0.3267163932323456, 'eval_accuracy': 0.9066138613861386, 'eval_runtime': 177.3672, 'eval_samples_per_second': 142.36, 'eval_steps_per_second': 1.116, 'epoch': 49.0}
{'loss': 0.4273, 'learning_rate': 4.6055871359118594e-07, 'epoch': 49.05}
{'loss': 0.455, 'learning_rate': 3.9841365483284096e-07, 'epoch': 49.12}
{'loss': 0.4254, 'learning_rate': 3.4076725424669887e-07, 'epoch': 49.19}
{'loss': 0.4165, 'learning_rate': 2.876205508143548e-07, 'epoch': 49.26}
{'loss': 0.4259, 'learning_rate': 2.38974502417777e-07, 'epoch': 49.32}
{'loss': 0.4065, 'learning_rate': 1.9482998582195932e-07, 'epoch': 49.39}
{'loss': 0.4139, 'learning_rate': 1.5518779665923966e-07, 'epoch': 49.46}
{'loss': 0.4238, 'learning_rate': 1.2004864941492223e-07, 'epoch': 49.53}
{'loss': 0.4024, 'learning_rate': 8.941317741431587e-08, 'epoch': 49.59}
{'loss': 0.4085, 'learning_rate': 6.328193281146532e-08, 'epoch': 49.66}
{'loss': 0.4391, 'learning_rate': 4.16553865790481e-08, 'epoch': 49.73}
{'loss': 0.4185, 'learning_rate': 2.4533928500047876e-08, 'epoch': 49.8}
{'loss': 0.4202, 'learning_rate': 1.1917867160538e-08, 'epoch': 49.86}
{'loss': 0.3886, 'learning_rate': 3.8074299443247026e-09, 'epoch': 49.93}
{'loss': 0.4214, 'learning_rate': 2.0276302867272557e-10, 'epoch': 50.0}
{'eval_loss': 0.32670706510543823, 'eval_accuracy': 0.9066534653465347, 'eval_runtime': 182.9335, 'eval_samples_per_second': 138.028, 'eval_steps_per_second': 1.082, 'epoch': 50.0}
{'train_runtime': 34266.4994, 'train_samples_per_second': 110.531, 'train_steps_per_second': 0.216, 'train_loss': 0.4013108769945196, 'epoch': 50.0}
