Transformers version: 4.29.2
Accelerate version: 0.19.0
PEFT version: 0.3.0
dict_keys(['train', 'validation'])
trainable params: 85876325 || all params: 85876325 || trainable%: 100.00
trainable params: 745162 || all params: 86543818 || trainable%: 0.86
{'loss': 4.4227, 'learning_rate': 0.0009999954941610767, 'epoch': 0.07}
{'loss': 3.9344, 'learning_rate': 0.0009999819767255174, 'epoch': 0.14}
{'loss': 3.3479, 'learning_rate': 0.0009999594479369513, 'epoch': 0.2}
{'loss': 2.7767, 'learning_rate': 0.0009999279082014232, 'epoch': 0.27}
{'loss': 2.2877, 'learning_rate': 0.0009998873580873847, 'epoch': 0.34}
{'loss': 1.8617, 'learning_rate': 0.000999837798325685, 'epoch': 0.41}
{'loss': 1.6205, 'learning_rate': 0.0009997792298095571, 'epoch': 0.47}
{'loss': 1.4305, 'learning_rate': 0.0009997116535946026, 'epoch': 0.54}
{'loss': 1.2834, 'learning_rate': 0.0009996350708987715, 'epoch': 0.61}
{'loss': 1.2224, 'learning_rate': 0.0009995494831023409, 'epoch': 0.68}
{'loss': 1.1264, 'learning_rate': 0.0009994548917478898, 'epoch': 0.74}
{'loss': 1.1177, 'learning_rate': 0.0009993512985402725, 'epoch': 0.81}
{'loss': 1.102, 'learning_rate': 0.0009992387053465858, 'epoch': 0.88}
{'loss': 1.0218, 'learning_rate': 0.0009991171141961368, 'epoch': 0.95}
{'eval_loss': 0.6543394923210144, 'eval_accuracy': 0.8452277227722772, 'eval_runtime': 173.4008, 'eval_samples_per_second': 145.616, 'eval_steps_per_second': 1.142, 'epoch': 1.0}
{'loss': 0.9345, 'learning_rate': 0.0009989865272804063, 'epoch': 1.01}
{'loss': 0.9789, 'learning_rate': 0.0009988469469530087, 'epoch': 1.08}
{'loss': 0.9309, 'learning_rate': 0.0009986983757296498, 'epoch': 1.15}
{'loss': 0.8974, 'learning_rate': 0.0009985408162880814, 'epoch': 1.22}
{'loss': 0.8815, 'learning_rate': 0.0009983742714680538, 'epoch': 1.28}
{'loss': 0.894, 'learning_rate': 0.0009981987442712632, 'epoch': 1.35}
{'loss': 0.8643, 'learning_rate': 0.000998014237861299, 'epoch': 1.42}
{'loss': 0.896, 'learning_rate': 0.0009978207555635856, 'epoch': 1.49}
{'loss': 0.8423, 'learning_rate': 0.0009976183008653231, 'epoch': 1.55}
{'loss': 0.8418, 'learning_rate': 0.0009974068774154252, 'epoch': 1.62}
{'loss': 0.8107, 'learning_rate': 0.0009971864890244513, 'epoch': 1.69}
{'loss': 0.805, 'learning_rate': 0.0009969571396645398, 'epoch': 1.76}
{'loss': 0.8366, 'learning_rate': 0.0009967188334693363, 'epoch': 1.82}
{'loss': 0.8157, 'learning_rate': 0.0009964715747339177, 'epoch': 1.89}
{'loss': 0.7967, 'learning_rate': 0.0009962153679147162, 'epoch': 1.96}
{'eval_loss': 0.47977444529533386, 'eval_accuracy': 0.8724356435643564, 'eval_runtime': 179.9313, 'eval_samples_per_second': 140.331, 'eval_steps_per_second': 1.1, 'epoch': 2.0}
{'loss': 0.7835, 'learning_rate': 0.0009959502176294383, 'epoch': 2.03}
{'loss': 0.77, 'learning_rate': 0.0009956761286569824, 'epoch': 2.09}
{'loss': 0.7345, 'learning_rate': 0.0009953931059373511, 'epoch': 2.16}
{'loss': 0.8049, 'learning_rate': 0.0009951011545715636, 'epoch': 2.23}
{'loss': 0.7776, 'learning_rate': 0.0009948002798215632, 'epoch': 2.3}
{'loss': 0.7418, 'learning_rate': 0.0009944904871101226, 'epoch': 2.36}
{'loss': 0.7426, 'learning_rate': 0.0009941717820207462, 'epoch': 2.43}
{'loss': 0.7362, 'learning_rate': 0.0009938441702975688, 'epoch': 2.5}
{'loss': 0.7634, 'learning_rate': 0.0009935076578452533, 'epoch': 2.57}
{'loss': 0.7486, 'learning_rate': 0.0009931622507288835, 'epoch': 2.64}
{'loss': 0.7517, 'learning_rate': 0.0009928079551738544, 'epoch': 2.7}
{'loss': 0.746, 'learning_rate': 0.0009924447775657606, 'epoch': 2.77}
{'loss': 0.7451, 'learning_rate': 0.0009920727244502818, 'epoch': 2.84}
{'loss': 0.7269, 'learning_rate': 0.0009916918025330635, 'epoch': 2.91}
{'loss': 0.7223, 'learning_rate': 0.0009913020186795966, 'epoch': 2.97}
{'eval_loss': 0.42866405844688416, 'eval_accuracy': 0.8838415841584158, 'eval_runtime': 186.2936, 'eval_samples_per_second': 135.539, 'eval_steps_per_second': 1.063, 'epoch': 3.0}
{'loss': 0.7044, 'learning_rate': 0.0009909033799150946, 'epoch': 3.04}
{'loss': 0.6708, 'learning_rate': 0.0009904958934243654, 'epoch': 3.11}
{'loss': 0.7025, 'learning_rate': 0.000990079566551683, 'epoch': 3.18}
{'loss': 0.7097, 'learning_rate': 0.000989654406800655, 'epoch': 3.24}
{'loss': 0.7216, 'learning_rate': 0.0009892204218340866, 'epoch': 3.31}
{'loss': 0.7128, 'learning_rate': 0.0009887776194738432, 'epoch': 3.38}
{'loss': 0.7313, 'learning_rate': 0.000988326007700709, 'epoch': 3.45}
{'loss': 0.6914, 'learning_rate': 0.0009878655946542443, 'epoch': 3.51}
{'loss': 0.6847, 'learning_rate': 0.0009873963886326365, 'epoch': 3.58}
{'loss': 0.7044, 'learning_rate': 0.000986918398092553, 'epoch': 3.65}
{'loss': 0.686, 'learning_rate': 0.0009864316316489873, 'epoch': 3.72}
{'loss': 0.6981, 'learning_rate': 0.0009859860457000558, 'epoch': 3.78}
{'loss': 0.6632, 'learning_rate': 0.0009854826293405439, 'epoch': 3.85}
{'loss': 0.6632, 'learning_rate': 0.0009849704629549204, 'epoch': 3.92}
{'loss': 0.6886, 'learning_rate': 0.0009844495557741427, 'epoch': 3.99}
{'eval_loss': 0.3955686390399933, 'eval_accuracy': 0.8908514851485149, 'eval_runtime': 188.3112, 'eval_samples_per_second': 134.087, 'eval_steps_per_second': 1.051, 'epoch': 4.0}
{'loss': 0.6655, 'learning_rate': 0.000983919917186706, 'epoch': 4.05}
{'loss': 0.6562, 'learning_rate': 0.0009833815567384747, 'epoch': 4.12}
{'loss': 0.6329, 'learning_rate': 0.0009828344841325111, 'epoch': 4.19}
{'loss': 0.6357, 'learning_rate': 0.000982278709228899, 'epoch': 4.26}
{'loss': 0.6724, 'learning_rate': 0.0009817142420445674, 'epoch': 4.32}
{'loss': 0.6516, 'learning_rate': 0.0009811410927531093, 'epoch': 4.39}
{'loss': 0.6389, 'learning_rate': 0.0009805592716845978, 'epoch': 4.46}
{'loss': 0.6501, 'learning_rate': 0.0009799687893254012, 'epoch': 4.53}
{'loss': 0.6298, 'learning_rate': 0.0009793696563179931, 'epoch': 4.59}
{'loss': 0.6402, 'learning_rate': 0.0009787618834607606, 'epoch': 4.66}
{'loss': 0.6245, 'learning_rate': 0.0009781454817078103, 'epoch': 4.73}
{'loss': 0.6389, 'learning_rate': 0.0009775204621687704, 'epoch': 4.8}
{'loss': 0.6744, 'learning_rate': 0.00097688683610859, 'epoch': 4.86}
{'loss': 0.6725, 'learning_rate': 0.0009762446149473374, 'epoch': 4.93}
{'loss': 0.6346, 'learning_rate': 0.0009755938102599925, 'epoch': 5.0}
{'eval_loss': 0.38108405470848083, 'eval_accuracy': 0.8955643564356436, 'eval_runtime': 191.788, 'eval_samples_per_second': 131.656, 'eval_steps_per_second': 1.032, 'epoch': 5.0}
{'loss': 0.63, 'learning_rate': 0.0009749344337762401, 'epoch': 5.07}
{'loss': 0.6156, 'learning_rate': 0.0009742664973802567, 'epoch': 5.14}
{'loss': 0.6392, 'learning_rate': 0.0009735900131104978, 'epoch': 5.2}
{'loss': 0.623, 'learning_rate': 0.0009729049931594801, 'epoch': 5.27}
{'loss': 0.6204, 'learning_rate': 0.0009722114498735616, 'epoch': 5.34}
{'loss': 0.6408, 'learning_rate': 0.0009715093957527199, 'epoch': 5.41}
{'loss': 0.587, 'learning_rate': 0.0009707988434503259, 'epoch': 5.47}
{'loss': 0.5981, 'learning_rate': 0.0009700798057729166, 'epoch': 5.54}
{'loss': 0.6024, 'learning_rate': 0.0009693522956799636, 'epoch': 5.61}
{'loss': 0.6134, 'learning_rate': 0.0009686163262836403, 'epoch': 5.68}
{'loss': 0.6268, 'learning_rate': 0.0009678719108485851, 'epoch': 5.74}
{'loss': 0.6149, 'learning_rate': 0.0009671190627916617, 'epoch': 5.81}
{'loss': 0.605, 'learning_rate': 0.0009663577956817187, 'epoch': 5.88}
{'loss': 0.6272, 'learning_rate': 0.0009655881232393439, 'epoch': 5.95}
{'eval_loss': 0.3667474389076233, 'eval_accuracy': 0.8965940594059406, 'eval_runtime': 180.8565, 'eval_samples_per_second': 139.613, 'eval_steps_per_second': 1.095, 'epoch': 6.0}
{'loss': 0.5987, 'learning_rate': 0.0009648100593366178, 'epoch': 6.01}
{'loss': 0.5529, 'learning_rate': 0.0009640236179968624, 'epoch': 6.08}
{'loss': 0.6092, 'learning_rate': 0.0009632288133943899, 'epoch': 6.15}
{'loss': 0.5926, 'learning_rate': 0.0009624256598542465, 'epoch': 6.22}
{'loss': 0.5843, 'learning_rate': 0.0009616141718519538, 'epoch': 6.28}
{'loss': 0.6145, 'learning_rate': 0.0009607943640132491, 'epoch': 6.35}
{'loss': 0.5554, 'learning_rate': 0.0009599662511138204, 'epoch': 6.42}
{'loss': 0.593, 'learning_rate': 0.0009591298480790411, 'epoch': 6.49}
{'loss': 0.6108, 'learning_rate': 0.0009582851699837007, 'epoch': 6.55}
{'loss': 0.5881, 'learning_rate': 0.0009574322320517328, 'epoch': 6.62}
{'loss': 0.5873, 'learning_rate': 0.0009565710496559412, 'epoch': 6.69}
{'loss': 0.5687, 'learning_rate': 0.0009557016383177226, 'epoch': 6.76}
{'loss': 0.5896, 'learning_rate': 0.0009548240137067867, 'epoch': 6.82}
{'loss': 0.6158, 'learning_rate': 0.0009539381916408742, 'epoch': 6.89}
{'loss': 0.5854, 'learning_rate': 0.000953044188085471, 'epoch': 6.96}
{'eval_loss': 0.3600523769855499, 'eval_accuracy': 0.9004356435643565, 'eval_runtime': 200.4497, 'eval_samples_per_second': 125.967, 'eval_steps_per_second': 0.988, 'epoch': 7.0}
{'loss': 0.5809, 'learning_rate': 0.0009521420191535213, 'epoch': 7.03}
{'loss': 0.5874, 'learning_rate': 0.0009512317011051368, 'epoch': 7.09}
{'loss': 0.5566, 'learning_rate': 0.0009503132503473032, 'epoch': 7.16}
{'loss': 0.5531, 'learning_rate': 0.0009493866834335853, 'epoch': 7.23}
{'loss': 0.551, 'learning_rate': 0.0009484520170638285, 'epoch': 7.3}
{'loss': 0.5449, 'learning_rate': 0.0009475092680838566, 'epoch': 7.36}
{'loss': 0.5824, 'learning_rate': 0.0009465584534851703, 'epoch': 7.43}
{'loss': 0.5855, 'learning_rate': 0.0009455995904046391, 'epoch': 7.5}
{'loss': 0.5791, 'learning_rate': 0.0009446326961241935, 'epoch': 7.57}
{'loss': 0.5625, 'learning_rate': 0.0009436577880705128, 'epoch': 7.64}
{'loss': 0.592, 'learning_rate': 0.0009426748838147119, 'epoch': 7.7}
{'loss': 0.5518, 'learning_rate': 0.0009416840010720236, 'epoch': 7.77}
{'loss': 0.579, 'learning_rate': 0.00094068515770148, 'epoch': 7.84}
{'loss': 0.5812, 'learning_rate': 0.0009396783717055906, 'epoch': 7.91}
{'loss': 0.6029, 'learning_rate': 0.0009386636612300174, 'epoch': 7.97}
{'eval_loss': 0.35438448190689087, 'eval_accuracy': 0.8994851485148515, 'eval_runtime': 177.4846, 'eval_samples_per_second': 142.266, 'eval_steps_per_second': 1.116, 'epoch': 8.0}
{'loss': 0.5423, 'learning_rate': 0.0009376410445632484, 'epoch': 8.04}
{'loss': 0.5858, 'learning_rate': 0.0009366105401362675, 'epoch': 8.11}
{'loss': 0.5481, 'learning_rate': 0.0009355721665222221, 'epoch': 8.18}
{'loss': 0.5162, 'learning_rate': 0.0009345259424360896, 'epoch': 8.24}
{'loss': 0.5413, 'learning_rate': 0.000933471886734339, 'epoch': 8.31}
{'loss': 0.5328, 'learning_rate': 0.0009324100184145908, 'epoch': 8.38}
{'loss': 0.5488, 'learning_rate': 0.0009313403566152755, 'epoch': 8.45}
{'loss': 0.5576, 'learning_rate': 0.0009302629206152882, 'epoch': 8.51}
{'loss': 0.5695, 'learning_rate': 0.000929177729833641, 'epoch': 8.58}
{'loss': 0.5519, 'learning_rate': 0.0009280848038291136, 'epoch': 8.65}
{'loss': 0.5362, 'learning_rate': 0.0009269841622999002, 'epoch': 8.72}
{'loss': 0.5494, 'learning_rate': 0.0009258758250832543, 'epoch': 8.78}
{'loss': 0.5311, 'learning_rate': 0.0009247598121551319, 'epoch': 8.85}
{'loss': 0.5275, 'learning_rate': 0.000923636143629831, 'epoch': 8.92}
{'loss': 0.5856, 'learning_rate': 0.0009225048397596289, 'epoch': 8.99}
{'eval_loss': 0.3489181697368622, 'eval_accuracy': 0.9004356435643565, 'eval_runtime': 205.1011, 'eval_samples_per_second': 123.11, 'eval_steps_per_second': 0.965, 'epoch': 9.0}
{'loss': 0.5307, 'learning_rate': 0.0009213659209344181, 'epoch': 9.05}
{'loss': 0.5476, 'learning_rate': 0.0009202194076813373, 'epoch': 9.12}
{'loss': 0.5388, 'learning_rate': 0.0009190653206644026, 'epoch': 9.19}
{'loss': 0.5488, 'learning_rate': 0.0009179036806841352, 'epoch': 9.26}
{'loss': 0.5236, 'learning_rate': 0.0009167345086771853, 'epoch': 9.32}
{'loss': 0.5448, 'learning_rate': 0.000915557825715956, 'epoch': 9.39}
{'loss': 0.5384, 'learning_rate': 0.0009143736530082229, 'epoch': 9.46}
{'loss': 0.5007, 'learning_rate': 0.0009131820118967517, 'epoch': 9.53}
{'loss': 0.5532, 'learning_rate': 0.0009119829238589144, 'epoch': 9.59}
{'loss': 0.5353, 'learning_rate': 0.0009107764105063008, 'epoch': 9.66}
{'loss': 0.53, 'learning_rate': 0.0009095624935843305, 'epoch': 9.73}
{'loss': 0.5639, 'learning_rate': 0.0009083411949718596, 'epoch': 9.8}
{'loss': 0.5323, 'learning_rate': 0.0009071125366807879, 'epoch': 9.86}
{'loss': 0.531, 'learning_rate': 0.0009058765408556604, 'epoch': 9.93}
{'loss': 0.5412, 'learning_rate': 0.0009046332297732697, 'epoch': 10.0}
{'eval_loss': 0.34611567854881287, 'eval_accuracy': 0.900950495049505, 'eval_runtime': 183.4167, 'eval_samples_per_second': 137.665, 'eval_steps_per_second': 1.08, 'epoch': 10.0}
{'loss': 0.5123, 'learning_rate': 0.0009033826258422536, 'epoch': 10.07}
{'loss': 0.5057, 'learning_rate': 0.0009021247516026915, 'epoch': 10.14}
{'loss': 0.5133, 'learning_rate': 0.0009008596297256984, 'epoch': 10.2}
{'loss': 0.5074, 'learning_rate': 0.0008995872830130159, 'epoch': 10.27}
{'loss': 0.503, 'learning_rate': 0.000898307734396601, 'epoch': 10.34}
{'loss': 0.5516, 'learning_rate': 0.0008970210069382141, 'epoch': 10.41}
{'loss': 0.5131, 'learning_rate': 0.0008957271238290014, 'epoch': 10.47}
{'loss': 0.4953, 'learning_rate': 0.0008944261083890786, 'epoch': 10.54}
{'loss': 0.5133, 'learning_rate': 0.0008931179840671097, 'epoch': 10.61}
{'loss': 0.5103, 'learning_rate': 0.0008918027744398849, 'epoch': 10.68}
{'loss': 0.4921, 'learning_rate': 0.0008904805032118947, 'epoch': 10.74}
{'loss': 0.5323, 'learning_rate': 0.0008891511942149038, 'epoch': 10.81}
{'loss': 0.5031, 'learning_rate': 0.0008878148714075215, 'epoch': 10.88}
{'loss': 0.5209, 'learning_rate': 0.0008864715588747687, 'epoch': 10.95}
{'eval_loss': 0.3399558663368225, 'eval_accuracy': 0.9041188118811881, 'eval_runtime': 193.4407, 'eval_samples_per_second': 130.531, 'eval_steps_per_second': 1.024, 'epoch': 11.0}
{'loss': 0.5247, 'learning_rate': 0.0008851212808276451, 'epoch': 11.01}
{'loss': 0.4586, 'learning_rate': 0.0008837640616026922, 'epoch': 11.08}
{'loss': 0.5168, 'learning_rate': 0.000882399925661555, 'epoch': 11.15}
{'loss': 0.4936, 'learning_rate': 0.0008810288975905403, 'epoch': 11.22}
{'loss': 0.4915, 'learning_rate': 0.0008796510021001754, 'epoch': 11.28}
{'loss': 0.4986, 'learning_rate': 0.0008782662640247603, 'epoch': 11.35}
{'loss': 0.5128, 'learning_rate': 0.000876874708321922, 'epoch': 11.42}
{'loss': 0.4807, 'learning_rate': 0.0008754763600721641, 'epoch': 11.49}
{'loss': 0.5001, 'learning_rate': 0.000874071244478414, 'epoch': 11.55}
{'loss': 0.4961, 'learning_rate': 0.0008726593868655704, 'epoch': 11.62}
{'loss': 0.5209, 'learning_rate': 0.0008712408126800449, 'epoch': 11.69}
{'loss': 0.5032, 'learning_rate': 0.0008698155474893049, 'epoch': 11.76}
{'loss': 0.4923, 'learning_rate': 0.0008683836169814116, 'epoch': 11.82}
{'loss': 0.5264, 'learning_rate': 0.000866945046964558, 'epoch': 11.89}
{'loss': 0.4984, 'learning_rate': 0.0008654998633666032, 'epoch': 11.96}
{'eval_loss': 0.3367544412612915, 'eval_accuracy': 0.9036435643564357, 'eval_runtime': 182.9686, 'eval_samples_per_second': 138.002, 'eval_steps_per_second': 1.082, 'epoch': 12.0}
{'loss': 0.4752, 'learning_rate': 0.0008640480922346052, 'epoch': 12.03}
{'loss': 0.4693, 'learning_rate': 0.0008625897597343515, 'epoch': 12.09}
{'loss': 0.4983, 'learning_rate': 0.0008611248921498875, 'epoch': 12.16}
{'loss': 0.4849, 'learning_rate': 0.0008596535158830427, 'epoch': 12.23}
{'loss': 0.4761, 'learning_rate': 0.000858175657452955, 'epoch': 12.3}
{'loss': 0.4798, 'learning_rate': 0.0008566913434955925, 'epoch': 12.36}
{'loss': 0.4937, 'learning_rate': 0.0008552006007632734, 'epoch': 12.43}
{'loss': 0.4864, 'learning_rate': 0.0008537034561241846, 'epoch': 12.5}
{'loss': 0.4623, 'learning_rate': 0.000852199936561896, 'epoch': 12.57}
{'loss': 0.4885, 'learning_rate': 0.0008506900691748758, 'epoch': 12.64}
{'loss': 0.4909, 'learning_rate': 0.000849173881176001, 'epoch': 12.7}
{'loss': 0.4952, 'learning_rate': 0.000847651399892067, 'epoch': 12.77}
{'loss': 0.4927, 'learning_rate': 0.0008461226527632956, 'epoch': 12.84}
{'loss': 0.4915, 'learning_rate': 0.00084458766734284, 'epoch': 12.91}
{'loss': 0.4668, 'learning_rate': 0.0008430464712962884, 'epoch': 12.97}
{'eval_loss': 0.34051600098609924, 'eval_accuracy': 0.9012673267326733, 'eval_runtime': 190.8411, 'eval_samples_per_second': 132.309, 'eval_steps_per_second': 1.038, 'epoch': 13.0}
{'loss': 0.4855, 'learning_rate': 0.0008414990924011656, 'epoch': 13.04}
{'loss': 0.4484, 'learning_rate': 0.0008399455585464316, 'epoch': 13.11}
{'loss': 0.4782, 'learning_rate': 0.0008383858977319796, 'epoch': 13.18}
{'loss': 0.4732, 'learning_rate': 0.0008368201380681314, 'epoch': 13.24}
{'loss': 0.473, 'learning_rate': 0.0008352483077751303, 'epoch': 13.31}
{'loss': 0.4667, 'learning_rate': 0.0008336704351826326, 'epoch': 13.38}
{'loss': 0.4726, 'learning_rate': 0.0008320865487291973, 'epoch': 13.45}
{'loss': 0.5042, 'learning_rate': 0.0008304966769617734, 'epoch': 13.51}
{'loss': 0.5002, 'learning_rate': 0.0008289008485351854, 'epoch': 13.58}
{'loss': 0.4683, 'learning_rate': 0.0008272990922116166, 'epoch': 13.65}
{'loss': 0.4683, 'learning_rate': 0.0008256914368600908, 'epoch': 13.72}
{'loss': 0.4957, 'learning_rate': 0.0008240779114559523, 'epoch': 13.78}
{'loss': 0.4738, 'learning_rate': 0.0008224585450803435, 'epoch': 13.85}
{'loss': 0.4662, 'learning_rate': 0.0008208333669196804, 'epoch': 13.92}
{'loss': 0.4542, 'learning_rate': 0.0008192024062651271, 'epoch': 13.99}
{'eval_loss': 0.34228619933128357, 'eval_accuracy': 0.9024950495049505, 'eval_runtime': 181.3285, 'eval_samples_per_second': 139.25, 'eval_steps_per_second': 1.092, 'epoch': 14.0}
{'loss': 0.4542, 'learning_rate': 0.0008175656925120676, 'epoch': 14.05}
{'loss': 0.4527, 'learning_rate': 0.0008159232551595761, 'epoch': 14.12}
{'loss': 0.4418, 'learning_rate': 0.0008142751238098854, 'epoch': 14.19}
{'loss': 0.4663, 'learning_rate': 0.0008126213281678527, 'epoch': 14.26}
{'loss': 0.4727, 'learning_rate': 0.0008109618980404251, 'epoch': 14.32}
{'loss': 0.4618, 'learning_rate': 0.0008092968633361022, 'epoch': 14.39}
{'loss': 0.437, 'learning_rate': 0.0008076262540643968, 'epoch': 14.46}
{'loss': 0.4397, 'learning_rate': 0.0008059501003352939, 'epoch': 14.53}
{'loss': 0.4626, 'learning_rate': 0.0008042684323587083, 'epoch': 14.59}
{'loss': 0.4392, 'learning_rate': 0.0008025812804439401, 'epoch': 14.66}
{'loss': 0.456, 'learning_rate': 0.0008008886749991287, 'epoch': 14.73}
{'loss': 0.4801, 'learning_rate': 0.0007991906465307035, 'epoch': 14.8}
{'loss': 0.4435, 'learning_rate': 0.000797487225642836, 'epoch': 14.86}
{'loss': 0.439, 'learning_rate': 0.0007957784430368866, 'epoch': 14.93}
{'loss': 0.4724, 'learning_rate': 0.000794064329510852, 'epoch': 15.0}
{'eval_loss': 0.33582401275634766, 'eval_accuracy': 0.9028514851485149, 'eval_runtime': 174.4789, 'eval_samples_per_second': 144.717, 'eval_steps_per_second': 1.135, 'epoch': 15.0}
{'loss': 0.4478, 'learning_rate': 0.00079234491595881, 'epoch': 15.07}
{'loss': 0.4388, 'learning_rate': 0.0007906202333703628, 'epoch': 15.14}
{'loss': 0.4469, 'learning_rate': 0.0007888903128300779, 'epoch': 15.2}
{'loss': 0.4629, 'learning_rate': 0.0007871551855169287, 'epoch': 15.27}
{'loss': 0.4478, 'learning_rate': 0.0007854148827037318, 'epoch': 15.34}
{'loss': 0.4548, 'learning_rate': 0.0007836694357565839, 'epoch': 15.41}
{'loss': 0.4536, 'learning_rate': 0.000781918876134296, 'epoch': 15.47}
{'loss': 0.4429, 'learning_rate': 0.0007801632353878272, 'epoch': 15.54}
{'loss': 0.4349, 'learning_rate': 0.0007784025451597148, 'epoch': 15.61}
{'loss': 0.4639, 'learning_rate': 0.0007766368371835051, 'epoch': 15.68}
{'loss': 0.4714, 'learning_rate': 0.000774866143283181, 'epoch': 15.74}
{'loss': 0.444, 'learning_rate': 0.0007730904953725888, 'epoch': 15.81}
{'loss': 0.4631, 'learning_rate': 0.000771309925454862, 'epoch': 15.88}
{'loss': 0.4505, 'learning_rate': 0.0007695244656218456, 'epoch': 15.95}
{'eval_loss': 0.3393154442310333, 'eval_accuracy': 0.9025346534653466, 'eval_runtime': 173.6582, 'eval_samples_per_second': 145.401, 'eval_steps_per_second': 1.14, 'epoch': 16.0}
{'loss': 0.4502, 'learning_rate': 0.0007677341480535175, 'epoch': 16.01}
{'loss': 0.4578, 'learning_rate': 0.000765939005017408, 'epoch': 16.08}
{'loss': 0.4256, 'learning_rate': 0.0007641390688680182, 'epoch': 16.15}
{'loss': 0.4197, 'learning_rate': 0.0007623343720462379, 'epoch': 16.22}
{'loss': 0.4448, 'learning_rate': 0.0007605249470787597, 'epoch': 16.28}
{'loss': 0.4322, 'learning_rate': 0.0007587108265774933, 'epoch': 16.35}
{'loss': 0.445, 'learning_rate': 0.000756892043238978, 'epoch': 16.42}
{'loss': 0.4047, 'learning_rate': 0.0007550686298437928, 'epoch': 16.49}
{'loss': 0.4548, 'learning_rate': 0.0007532406192559656, 'epoch': 16.55}
{'loss': 0.4524, 'learning_rate': 0.0007514080444223819, 'epoch': 16.62}
{'loss': 0.4553, 'learning_rate': 0.0007495709383721893, 'epoch': 16.69}
{'loss': 0.4501, 'learning_rate': 0.0007477293342162038, 'epoch': 16.76}
{'loss': 0.4621, 'learning_rate': 0.0007458832651463122, 'epoch': 16.82}
{'loss': 0.4336, 'learning_rate': 0.0007440327644348738, 'epoch': 16.89}
{'loss': 0.4349, 'learning_rate': 0.0007421778654341215, 'epoch': 16.96}
{'eval_loss': 0.33765509724617004, 'eval_accuracy': 0.9040792079207921, 'eval_runtime': 171.9315, 'eval_samples_per_second': 146.861, 'eval_steps_per_second': 1.152, 'epoch': 17.0}
{'loss': 0.4371, 'learning_rate': 0.0007403186015755594, 'epoch': 17.03}
{'loss': 0.3929, 'learning_rate': 0.0007384550063693615, 'epoch': 17.09}
{'loss': 0.4313, 'learning_rate': 0.0007365871134037671, 'epoch': 17.16}
{'loss': 0.4117, 'learning_rate': 0.0007347149563444753, 'epoch': 17.23}
{'loss': 0.4215, 'learning_rate': 0.0007328385689340389, 'epoch': 17.3}
{'loss': 0.4322, 'learning_rate': 0.0007309579849912555, 'epoch': 17.36}
{'loss': 0.423, 'learning_rate': 0.0007290732384105587, 'epoch': 17.43}
{'loss': 0.449, 'learning_rate': 0.000727184363161406, 'epoch': 17.5}
{'loss': 0.4379, 'learning_rate': 0.0007252913932876684, 'epoch': 17.57}
{'loss': 0.4198, 'learning_rate': 0.0007233943629070148, 'epoch': 17.64}
{'loss': 0.4018, 'learning_rate': 0.000721493306210299, 'epoch': 17.7}
{'loss': 0.4275, 'learning_rate': 0.0007195882574609416, 'epoch': 17.77}
{'loss': 0.4107, 'learning_rate': 0.000717679250994314, 'epoch': 17.84}
{'loss': 0.4702, 'learning_rate': 0.0007157663212171186, 'epoch': 17.91}
{'loss': 0.4315, 'learning_rate': 0.0007138495026067696, 'epoch': 17.97}
{'eval_loss': 0.33093178272247314, 'eval_accuracy': 0.9058217821782178, 'eval_runtime': 175.5012, 'eval_samples_per_second': 143.874, 'eval_steps_per_second': 1.128, 'epoch': 18.0}
{'loss': 0.4285, 'learning_rate': 0.0007119288297107703, 'epoch': 18.04}
{'loss': 0.4268, 'learning_rate': 0.0007100043371460915, 'epoch': 18.11}
{'loss': 0.4205, 'learning_rate': 0.0007080760595985471, 'epoch': 18.18}
{'loss': 0.4234, 'learning_rate': 0.0007061440318221697, 'epoch': 18.24}
{'loss': 0.411, 'learning_rate': 0.0007042082886385825, 'epoch': 18.31}
{'loss': 0.4264, 'learning_rate': 0.0007022688649363737, 'epoch': 18.38}
{'loss': 0.4182, 'learning_rate': 0.0007003257956704667, 'epoch': 18.45}
{'loss': 0.4042, 'learning_rate': 0.00069837911586149, 'epoch': 18.51}
{'loss': 0.4341, 'learning_rate': 0.0006964288605951458, 'epoch': 18.58}
{'loss': 0.4219, 'learning_rate': 0.0006944750650215788, 'epoch': 18.65}
{'loss': 0.4267, 'learning_rate': 0.0006925177643547415, 'epoch': 18.72}
{'loss': 0.419, 'learning_rate': 0.0006905569938717602, 'epoch': 18.78}
{'loss': 0.3968, 'learning_rate': 0.0006885927889122984, 'epoch': 18.85}
{'loss': 0.3995, 'learning_rate': 0.0006866251848779208, 'epoch': 18.92}
{'loss': 0.4067, 'learning_rate': 0.0006846542172314551, 'epoch': 18.99}
{'eval_loss': 0.335292786359787, 'eval_accuracy': 0.9033267326732674, 'eval_runtime': 174.3841, 'eval_samples_per_second': 144.795, 'eval_steps_per_second': 1.135, 'epoch': 19.0}
{'loss': 0.3839, 'learning_rate': 0.0006826799214963519, 'epoch': 19.05}
{'loss': 0.3759, 'learning_rate': 0.0006807023332560457, 'epoch': 19.12}
{'loss': 0.4243, 'learning_rate': 0.0006787214881533126, 'epoch': 19.19}
{'loss': 0.4287, 'learning_rate': 0.0006767374218896287, 'epoch': 19.26}
{'loss': 0.4203, 'learning_rate': 0.0006747501702245257, 'epoch': 19.32}
{'loss': 0.3989, 'learning_rate': 0.0006727597689749473, 'epoch': 19.39}
{'loss': 0.4119, 'learning_rate': 0.0006707662540146032, 'epoch': 19.46}
{'loss': 0.433, 'learning_rate': 0.0006687696612733227, 'epoch': 19.53}
{'loss': 0.3978, 'learning_rate': 0.0006667700267364069, 'epoch': 19.59}
{'loss': 0.4066, 'learning_rate': 0.0006647673864439804, 'epoch': 19.66}
{'loss': 0.4051, 'learning_rate': 0.0006627617764903413, 'epoch': 19.73}
{'loss': 0.408, 'learning_rate': 0.0006607532330233114, 'epoch': 19.8}
{'loss': 0.4402, 'learning_rate': 0.0006587417922435838, 'epoch': 19.86}
{'loss': 0.3877, 'learning_rate': 0.0006567274904040715, 'epoch': 19.93}
{'loss': 0.4135, 'learning_rate': 0.0006547103638092526, 'epoch': 20.0}
{'eval_loss': 0.3385193645954132, 'eval_accuracy': 0.9034851485148515, 'eval_runtime': 176.7439, 'eval_samples_per_second': 142.862, 'eval_steps_per_second': 1.12, 'epoch': 20.0}
{'loss': 0.3985, 'learning_rate': 0.0006526904488145173, 'epoch': 20.07}
{'loss': 0.4017, 'learning_rate': 0.0006506677818255122, 'epoch': 20.14}
{'loss': 0.4016, 'learning_rate': 0.0006486423992974838, 'epoch': 20.2}
{'loss': 0.3909, 'learning_rate': 0.0006466143377346217, 'epoch': 20.27}
{'loss': 0.37, 'learning_rate': 0.0006445836336894011, 'epoch': 20.34}
{'loss': 0.3948, 'learning_rate': 0.0006425503237619231, 'epoch': 20.41}
{'loss': 0.3962, 'learning_rate': 0.0006405144445992556, 'epoch': 20.47}
{'loss': 0.417, 'learning_rate': 0.0006384760328947732, 'epoch': 20.54}
{'loss': 0.4105, 'learning_rate': 0.0006364351253874951, 'epoch': 20.61}
{'loss': 0.4325, 'learning_rate': 0.000634391758861423, 'epoch': 20.68}
{'loss': 0.3916, 'learning_rate': 0.0006323459701448788, 'epoch': 20.74}
{'loss': 0.403, 'learning_rate': 0.0006302977961098401, 'epoch': 20.81}
{'loss': 0.402, 'learning_rate': 0.0006282472736712763, 'epoch': 20.88}
{'loss': 0.3876, 'learning_rate': 0.0006261944397864821, 'epoch': 20.95}
{'eval_loss': 0.34308841824531555, 'eval_accuracy': 0.9017821782178218, 'eval_runtime': 177.7536, 'eval_samples_per_second': 142.051, 'eval_steps_per_second': 1.114, 'epoch': 21.0}
{'loss': 0.4002, 'learning_rate': 0.0006241393314544135, 'epoch': 21.01}
{'loss': 0.3543, 'learning_rate': 0.0006220819857150184, 'epoch': 21.08}
{'loss': 0.3958, 'learning_rate': 0.0006200224396485712, 'epoch': 21.15}
{'loss': 0.3947, 'learning_rate': 0.000617960730375003, 'epoch': 21.22}
{'loss': 0.3943, 'learning_rate': 0.0006158968950532336, 'epoch': 21.28}
{'loss': 0.4033, 'learning_rate': 0.0006138309708805006, 'epoch': 21.35}
{'loss': 0.3925, 'learning_rate': 0.0006117629950916909, 'epoch': 21.42}
{'loss': 0.4098, 'learning_rate': 0.0006096930049586671, 'epoch': 21.49}
{'loss': 0.4007, 'learning_rate': 0.0006076210377895981, 'epoch': 21.55}
{'loss': 0.3954, 'learning_rate': 0.0006055471309282848, 'epoch': 21.62}
{'loss': 0.4015, 'learning_rate': 0.0006034713217534886, 'epoch': 21.69}
{'loss': 0.3769, 'learning_rate': 0.0006013936476782562, 'epoch': 21.76}
{'loss': 0.3939, 'learning_rate': 0.000599314146149247, 'epoch': 21.82}
{'loss': 0.4012, 'learning_rate': 0.000597232854646056, 'epoch': 21.89}
{'loss': 0.3814, 'learning_rate': 0.0005951498106805409, 'epoch': 21.96}
{'eval_loss': 0.3413306772708893, 'eval_accuracy': 0.9040396039603961, 'eval_runtime': 228.0949, 'eval_samples_per_second': 110.7, 'eval_steps_per_second': 0.868, 'epoch': 22.0}
{'loss': 0.399, 'learning_rate': 0.0005930650517961438, 'epoch': 22.03}
{'loss': 0.3921, 'learning_rate': 0.0005909786155672156, 'epoch': 22.09}
{'loss': 0.3753, 'learning_rate': 0.0005888905395983385, 'epoch': 22.16}
{'loss': 0.3655, 'learning_rate': 0.0005868008615236486, 'epoch': 22.23}
{'loss': 0.3982, 'learning_rate': 0.000584709619006157, 'epoch': 22.3}
{'loss': 0.4011, 'learning_rate': 0.0005826168497370714, 'epoch': 22.36}
{'loss': 0.3723, 'learning_rate': 0.0005805225914351166, 'epoch': 22.43}
{'loss': 0.3885, 'learning_rate': 0.0005784268818458553, 'epoch': 22.5}
{'loss': 0.3586, 'learning_rate': 0.0005763297587410063, 'epoch': 22.57}
{'loss': 0.4042, 'learning_rate': 0.0005742312599177659, 'epoch': 22.64}
{'loss': 0.3904, 'learning_rate': 0.0005721314231981241, 'epoch': 22.7}
{'loss': 0.411, 'learning_rate': 0.0005700302864281857, 'epoch': 22.77}
{'loss': 0.367, 'learning_rate': 0.0005679278874774856, 'epoch': 22.84}
{'loss': 0.4042, 'learning_rate': 0.000565824264238308, 'epoch': 22.91}
{'loss': 0.3965, 'learning_rate': 0.0005637194546250028, 'epoch': 22.97}
{'eval_loss': 0.340869277715683, 'eval_accuracy': 0.9034851485148515, 'eval_runtime': 219.8956, 'eval_samples_per_second': 114.827, 'eval_steps_per_second': 0.9, 'epoch': 23.0}
{'loss': 0.3863, 'learning_rate': 0.0005616134965733024, 'epoch': 23.04}
{'loss': 0.3734, 'learning_rate': 0.0005595064280396377, 'epoch': 23.11}
{'loss': 0.3877, 'learning_rate': 0.0005573982870004545, 'epoch': 23.18}
{'loss': 0.3855, 'learning_rate': 0.0005552891114515284, 'epoch': 23.24}
{'loss': 0.3628, 'learning_rate': 0.0005531789394072807, 'epoch': 23.31}
{'loss': 0.3841, 'learning_rate': 0.0005510678089000928, 'epoch': 23.38}
{'loss': 0.4121, 'learning_rate': 0.0005489557579796205, 'epoch': 23.45}
{'loss': 0.3613, 'learning_rate': 0.0005468428247121089, 'epoch': 23.51}
{'loss': 0.3834, 'learning_rate': 0.0005447290471797061, 'epoch': 23.58}
{'loss': 0.3814, 'learning_rate': 0.0005426144634797758, 'epoch': 23.65}
{'loss': 0.368, 'learning_rate': 0.0005404991117242128, 'epoch': 23.72}
{'loss': 0.4006, 'learning_rate': 0.000538383030038754, 'epoch': 23.78}
{'loss': 0.3894, 'learning_rate': 0.000536266256562292, 'epoch': 23.85}
{'loss': 0.3859, 'learning_rate': 0.0005341488294461885, 'epoch': 23.92}
{'loss': 0.4036, 'learning_rate': 0.0005320307868535853, 'epoch': 23.99}
{'eval_loss': 0.33966174721717834, 'eval_accuracy': 0.9026930693069307, 'eval_runtime': 222.4484, 'eval_samples_per_second': 113.509, 'eval_steps_per_second': 0.89, 'epoch': 24.0}
{'loss': 0.3594, 'learning_rate': 0.0005299121669587176, 'epoch': 24.05}
{'loss': 0.3841, 'learning_rate': 0.0005277930079462252, 'epoch': 24.12}
{'loss': 0.3884, 'learning_rate': 0.0005256733480104648, 'epoch': 24.19}
{'loss': 0.371, 'learning_rate': 0.0005235532253548213, 'epoch': 24.26}
{'loss': 0.3608, 'learning_rate': 0.0005214326781910197, 'epoch': 24.32}
{'loss': 0.3856, 'learning_rate': 0.0005193117447384355, 'epoch': 24.39}
{'loss': 0.3791, 'learning_rate': 0.0005171904632234068, 'epoch': 24.46}
{'loss': 0.3592, 'learning_rate': 0.000515068871878545, 'epoch': 24.53}
{'loss': 0.3657, 'learning_rate': 0.0005129470089420455, 'epoch': 24.59}
{'loss': 0.3621, 'learning_rate': 0.0005108249126569984, 'epoch': 24.66}
{'loss': 0.3875, 'learning_rate': 0.0005087026212707003, 'epoch': 24.73}
{'loss': 0.3761, 'learning_rate': 0.0005065801730339636, 'epoch': 24.8}
{'loss': 0.3755, 'learning_rate': 0.0005044576062004278, 'epoch': 24.86}
{'loss': 0.3651, 'learning_rate': 0.0005023349590258698, 'epoch': 24.93}
{'loss': 0.4032, 'learning_rate': 0.0005002122697675148, 'epoch': 25.0}
{'eval_loss': 0.3413245975971222, 'eval_accuracy': 0.9030495049504951, 'eval_runtime': 219.3245, 'eval_samples_per_second': 115.126, 'eval_steps_per_second': 0.903, 'epoch': 25.0}
{'loss': 0.3488, 'learning_rate': 0.0004980895766833463, 'epoch': 25.07}
{'loss': 0.3663, 'learning_rate': 0.0004959669180314168, 'epoch': 25.14}
{'loss': 0.3468, 'learning_rate': 0.0004938443320691581, 'epoch': 25.2}
{'loss': 0.3587, 'learning_rate': 0.0004917218570526921, 'epoch': 25.27}
{'loss': 0.3446, 'learning_rate': 0.0004895995312361409, 'epoch': 25.34}
{'loss': 0.3842, 'learning_rate': 0.00048747739287093765, 'epoch': 25.41}
{'loss': 0.3577, 'learning_rate': 0.0004853554802051368, 'epoch': 25.47}
{'loss': 0.3685, 'learning_rate': 0.0004832338314827253, 'epoch': 25.54}
{'loss': 0.3968, 'learning_rate': 0.00048111248494293223, 'epoch': 25.61}
{'loss': 0.3578, 'learning_rate': 0.00047899147881954153, 'epoch': 25.68}
{'loss': 0.3753, 'learning_rate': 0.00047687085134020055, 'epoch': 25.74}
{'loss': 0.3928, 'learning_rate': 0.0004747506407257328, 'epoch': 25.81}
{'loss': 0.3804, 'learning_rate': 0.00047263088518944825, 'epoch': 25.88}
{'loss': 0.3782, 'learning_rate': 0.0004705116229364549, 'epoch': 25.95}
{'eval_loss': 0.3417361080646515, 'eval_accuracy': 0.9033663366336634, 'eval_runtime': 210.3581, 'eval_samples_per_second': 120.033, 'eval_steps_per_second': 0.941, 'epoch': 26.0}
{'loss': 0.3816, 'learning_rate': 0.0004683928921629702, 'epoch': 26.01}
{'loss': 0.3425, 'learning_rate': 0.00046627473105563256, 'epoch': 26.08}
{'loss': 0.3489, 'learning_rate': 0.00046415717779081254, 'epoch': 26.15}
{'loss': 0.3367, 'learning_rate': 0.0004620402705339267, 'epoch': 26.22}
{'loss': 0.3777, 'learning_rate': 0.00045992404743874684, 'epoch': 26.28}
{'loss': 0.3539, 'learning_rate': 0.0004578085466467148, 'epoch': 26.35}
{'loss': 0.3458, 'learning_rate': 0.00045569380628625365, 'epoch': 26.42}
{'loss': 0.3631, 'learning_rate': 0.0004535798644720814, 'epoch': 26.49}
{'loss': 0.3474, 'learning_rate': 0.0004514667593045229, 'epoch': 26.55}
{'loss': 0.36, 'learning_rate': 0.0004493545288688244, 'epoch': 26.62}
{'loss': 0.3518, 'learning_rate': 0.0004472432112344662, 'epoch': 26.69}
{'loss': 0.3762, 'learning_rate': 0.00044513284445447737, 'epoch': 26.76}
{'loss': 0.3569, 'learning_rate': 0.0004430234665647487, 'epoch': 26.82}
{'loss': 0.3494, 'learning_rate': 0.0004409151155833484, 'epoch': 26.89}
{'loss': 0.3657, 'learning_rate': 0.00043880782950983586, 'epoch': 26.96}
{'eval_loss': 0.3451150953769684, 'eval_accuracy': 0.9015445544554456, 'eval_runtime': 204.0259, 'eval_samples_per_second': 123.759, 'eval_steps_per_second': 0.97, 'epoch': 27.0}
{'loss': 0.3742, 'learning_rate': 0.00043670164632457785, 'epoch': 27.03}
{'loss': 0.362, 'learning_rate': 0.00043459660398806284, 'epoch': 27.09}
{'loss': 0.3714, 'learning_rate': 0.00043249274044021764, 'epoch': 27.16}
{'loss': 0.356, 'learning_rate': 0.0004303900935997232, 'epoch': 27.23}
{'loss': 0.3539, 'learning_rate': 0.0004282887013633318, 'epoch': 27.3}
{'loss': 0.3681, 'learning_rate': 0.00042618860160518286, 'epoch': 27.36}
{'loss': 0.3745, 'learning_rate': 0.00042408983217612147, 'epoch': 27.43}
{'loss': 0.3737, 'learning_rate': 0.00042199243090301536, 'epoch': 27.5}
{'loss': 0.3647, 'learning_rate': 0.0004198964355880738, 'epoch': 27.57}
{'loss': 0.3449, 'learning_rate': 0.0004178018840081661, 'epoch': 27.64}
{'loss': 0.3613, 'learning_rate': 0.00041570881391414006, 'epoch': 27.7}
{'loss': 0.3801, 'learning_rate': 0.00041361726303014245, 'epoch': 27.77}
{'loss': 0.3273, 'learning_rate': 0.0004115272690529393, 'epoch': 27.84}
{'loss': 0.3809, 'learning_rate': 0.000409438869651235, 'epoch': 27.91}
{'loss': 0.3221, 'learning_rate': 0.00040735210246499497, 'epoch': 27.97}
{'eval_loss': 0.34473180770874023, 'eval_accuracy': 0.9027722772277228, 'eval_runtime': 206.0757, 'eval_samples_per_second': 122.528, 'eval_steps_per_second': 0.961, 'epoch': 28.0}
{'loss': 0.3369, 'learning_rate': 0.00040526700510476644, 'epoch': 28.04}
{'loss': 0.3506, 'learning_rate': 0.00040318361515100066, 'epoch': 28.11}
{'loss': 0.3559, 'learning_rate': 0.0004011019701533761, 'epoch': 28.18}
{'loss': 0.3694, 'learning_rate': 0.0003990221076301206, 'epoch': 28.24}
{'loss': 0.3353, 'learning_rate': 0.0003969440650673364, 'epoch': 28.31}
{'loss': 0.349, 'learning_rate': 0.00039486787991832383, 'epoch': 28.38}
{'loss': 0.3775, 'learning_rate': 0.00039279358960290627, 'epoch': 28.45}
{'loss': 0.3411, 'learning_rate': 0.00039072123150675584, 'epoch': 28.51}
{'loss': 0.3462, 'learning_rate': 0.0003886508429807197, 'epoch': 28.58}
{'loss': 0.3471, 'learning_rate': 0.00038658246134014665, 'epoch': 28.65}
{'loss': 0.3393, 'learning_rate': 0.0003845161238642146, 'epoch': 28.72}
{'loss': 0.358, 'learning_rate': 0.00038245186779525895, 'epoch': 28.78}
{'loss': 0.3815, 'learning_rate': 0.000380389730338101, 'epoch': 28.85}
{'loss': 0.343, 'learning_rate': 0.0003783297486593779, 'epoch': 28.92}
{'loss': 0.3572, 'learning_rate': 0.00037627195988687177, 'epoch': 28.99}
{'eval_loss': 0.3443046510219574, 'eval_accuracy': 0.9031287128712872, 'eval_runtime': 226.4368, 'eval_samples_per_second': 111.51, 'eval_steps_per_second': 0.874, 'epoch': 29.0}
{'loss': 0.3415, 'learning_rate': 0.00037421640110884186, 'epoch': 29.05}
{'loss': 0.3249, 'learning_rate': 0.00037216310937335516, 'epoch': 29.12}
{'loss': 0.3406, 'learning_rate': 0.0003701121216876189, 'epoch': 29.19}
{'loss': 0.3514, 'learning_rate': 0.0003680634750173137, 'epoch': 29.26}
{'loss': 0.3556, 'learning_rate': 0.00036601720628592704, 'epoch': 29.32}
{'loss': 0.3521, 'learning_rate': 0.00036397335237408815, 'epoch': 29.39}
{'loss': 0.3427, 'learning_rate': 0.0003619319501189032, 'epoch': 29.46}
{'loss': 0.3334, 'learning_rate': 0.00035989303631329126, 'epoch': 29.53}
{'loss': 0.3487, 'learning_rate': 0.00035785664770532073, 'epoch': 29.59}
{'loss': 0.3438, 'learning_rate': 0.00035582282099754815, 'epoch': 29.66}
{'loss': 0.3661, 'learning_rate': 0.00035379159284635545, 'epoch': 29.73}
{'loss': 0.3285, 'learning_rate': 0.0003517629998612902, 'epoch': 29.8}
{'loss': 0.3551, 'learning_rate': 0.0003497370786044053, 'epoch': 29.86}
{'loss': 0.3353, 'learning_rate': 0.0003477138655896, 'epoch': 29.93}
{'loss': 0.3534, 'learning_rate': 0.00034569339728196237, 'epoch': 30.0}
{'eval_loss': 0.34241047501564026, 'eval_accuracy': 0.9038019801980198, 'eval_runtime': 227.4349, 'eval_samples_per_second': 111.021, 'eval_steps_per_second': 0.871, 'epoch': 30.0}
{'loss': 0.3433, 'learning_rate': 0.0003436757100971115, 'epoch': 30.07}
{'loss': 0.3499, 'learning_rate': 0.0003416608404005408, 'epoch': 30.14}
{'loss': 0.3446, 'learning_rate': 0.0003396488245069638, 'epoch': 30.2}
{'loss': 0.3364, 'learning_rate': 0.00033763969867965844, 'epoch': 30.27}
{'loss': 0.3273, 'learning_rate': 0.0003356334991298143, 'epoch': 30.34}
{'loss': 0.3628, 'learning_rate': 0.0003338304513882412, 'epoch': 30.41}
{'loss': 0.342, 'learning_rate': 0.0003318299113379817, 'epoch': 30.47}
{'loss': 0.3274, 'learning_rate': 0.00032983240227704697, 'epoch': 30.54}
{'loss': 0.3345, 'learning_rate': 0.00032783796020725343, 'epoch': 30.61}
{'loss': 0.3598, 'learning_rate': 0.00032584662107513996, 'epoch': 30.68}
{'loss': 0.3441, 'learning_rate': 0.0003238584207713198, 'epoch': 30.74}
{'loss': 0.3272, 'learning_rate': 0.0003218733951298345, 'epoch': 30.81}
{'loss': 0.335, 'learning_rate': 0.00031989157992750727, 'epoch': 30.88}
{'loss': 0.3637, 'learning_rate': 0.0003179130108832982, 'epoch': 30.95}
{'eval_loss': 0.34453704953193665, 'eval_accuracy': 0.9035247524752476, 'eval_runtime': 235.0174, 'eval_samples_per_second': 107.439, 'eval_steps_per_second': 0.842, 'epoch': 31.0}
{'loss': 0.334, 'learning_rate': 0.00031593772365766105, 'epoch': 31.01}
{'loss': 0.3415, 'learning_rate': 0.0003139657538519001, 'epoch': 31.08}
{'loss': 0.3452, 'learning_rate': 0.00031199713700752853, 'epoch': 31.15}
{'loss': 0.3275, 'learning_rate': 0.000310031908605628, 'epoch': 31.22}
{'loss': 0.3575, 'learning_rate': 0.00030807010406620885, 'epoch': 31.28}
{'loss': 0.3469, 'learning_rate': 0.00030611175874757223, 'epoch': 31.35}
{'loss': 0.3433, 'learning_rate': 0.00030415690794567256, 'epoch': 31.42}
{'loss': 0.347, 'learning_rate': 0.00030220558689348086, 'epoch': 31.49}
{'loss': 0.3296, 'learning_rate': 0.0003002578307603507, 'epoch': 31.55}
{'loss': 0.3538, 'learning_rate': 0.0002983136746513837, 'epoch': 31.62}
{'loss': 0.3424, 'learning_rate': 0.0002963731536067968, 'epoch': 31.69}
{'loss': 0.329, 'learning_rate': 0.0002946298215546679, 'epoch': 31.76}
{'loss': 0.3381, 'learning_rate': 0.0002926963034330475, 'epoch': 31.82}
{'loss': 0.3387, 'learning_rate': 0.000290766521619687, 'epoch': 31.89}
{'loss': 0.3322, 'learning_rate': 0.00028884051089573013, 'epoch': 31.96}
{'eval_loss': 0.3431352972984314, 'eval_accuracy': 0.9037623762376238, 'eval_runtime': 231.3454, 'eval_samples_per_second': 109.144, 'eval_steps_per_second': 0.856, 'epoch': 32.0}
{'loss': 0.3541, 'learning_rate': 0.0002869183059743532, 'epoch': 32.03}
{'loss': 0.3048, 'learning_rate': 0.0002849999415001393, 'epoch': 32.09}
{'loss': 0.3479, 'learning_rate': 0.000283085452048454, 'epoch': 32.16}
{'loss': 0.3405, 'learning_rate': 0.0002811748721248214, 'epoch': 32.23}
{'loss': 0.3466, 'learning_rate': 0.0002792682361643028, 'epoch': 32.3}
{'loss': 0.3314, 'learning_rate': 0.00027736557853087675, 'epoch': 32.36}
{'loss': 0.3304, 'learning_rate': 0.0002754669335168184, 'epoch': 32.43}
{'loss': 0.3519, 'learning_rate': 0.00027357233534208204, 'epoch': 32.5}
{'loss': 0.3315, 'learning_rate': 0.0002716818181536843, 'epoch': 32.57}
{'loss': 0.3406, 'learning_rate': 0.0002697954160250893, 'epoch': 32.64}
{'loss': 0.3294, 'learning_rate': 0.0002679131629555934, 'epoch': 32.7}
{'loss': 0.3417, 'learning_rate': 0.0002660350928697134, 'epoch': 32.77}
{'loss': 0.3441, 'learning_rate': 0.000264161239616574, 'epoch': 32.84}
{'loss': 0.3273, 'learning_rate': 0.00026229163696929935, 'epoch': 32.91}
{'loss': 0.3411, 'learning_rate': 0.00026042631862440287, 'epoch': 32.97}
{'eval_loss': 0.3435472249984741, 'eval_accuracy': 0.903960396039604, 'eval_runtime': 230.4784, 'eval_samples_per_second': 109.555, 'eval_steps_per_second': 0.859, 'epoch': 33.0}
{'loss': 0.3143, 'learning_rate': 0.00025856531820118024, 'epoch': 33.04}
{'loss': 0.3231, 'learning_rate': 0.00025670866924110445, 'epoch': 33.11}
{'loss': 0.3142, 'learning_rate': 0.0002548564052072198, 'epoch': 33.18}
{'loss': 0.3339, 'learning_rate': 0.0002530085594835401, 'epoch': 33.24}
{'loss': 0.3086, 'learning_rate': 0.000251165165374446, 'epoch': 33.31}
{'loss': 0.3239, 'learning_rate': 0.00024932625610408495, 'epoch': 33.38}
{'loss': 0.317, 'learning_rate': 0.00024749186481577316, 'epoch': 33.45}
{'loss': 0.3255, 'learning_rate': 0.00024566202457139717, 'epoch': 33.51}
{'loss': 0.3384, 'learning_rate': 0.00024383676835081842, 'epoch': 33.58}
{'loss': 0.3357, 'learning_rate': 0.0002420161290512793, 'epoch': 33.65}
{'loss': 0.3545, 'learning_rate': 0.00024020013948680908, 'epoch': 33.72}
{'loss': 0.3376, 'learning_rate': 0.00023838883238763416, 'epoch': 33.78}
{'loss': 0.3198, 'learning_rate': 0.00023658224039958632, 'epoch': 33.85}
{'loss': 0.3314, 'learning_rate': 0.00023478039608351538, 'epoch': 33.92}
{'loss': 0.3226, 'learning_rate': 0.00023298333191470278, 'epoch': 33.99}
{'eval_loss': 0.3431929647922516, 'eval_accuracy': 0.9047524752475248, 'eval_runtime': 209.8496, 'eval_samples_per_second': 120.324, 'eval_steps_per_second': 0.944, 'epoch': 34.0}
{'loss': 0.3687, 'learning_rate': 0.00023119108028227503, 'epoch': 34.05}
{'loss': 0.3009, 'learning_rate': 0.00022940367348862063, 'epoch': 34.12}
{'loss': 0.3356, 'learning_rate': 0.00022762114374880833, 'epoch': 34.19}
{'loss': 0.2994, 'learning_rate': 0.00022584352319000544, 'epoch': 34.26}
{'loss': 0.3217, 'learning_rate': 0.0002240708438508995, 'epoch': 34.32}
{'loss': 0.327, 'learning_rate': 0.00022230313768112104, 'epoch': 34.39}
{'loss': 0.3058, 'learning_rate': 0.00022054043654066673, 'epoch': 34.46}
{'loss': 0.3378, 'learning_rate': 0.00021878277219932675, 'epoch': 34.53}
{'loss': 0.3292, 'learning_rate': 0.00021703017633611032, 'epoch': 34.59}
{'loss': 0.3221, 'learning_rate': 0.000215282680538676, 'epoch': 34.66}
{'loss': 0.3043, 'learning_rate': 0.00021354031630276243, 'epoch': 34.73}
{'loss': 0.3189, 'learning_rate': 0.00021180311503161985, 'epoch': 34.8}
{'loss': 0.3109, 'learning_rate': 0.00021007110803544448, 'epoch': 34.86}
{'loss': 0.3282, 'learning_rate': 0.00020834432653081463, 'epoch': 34.93}
{'loss': 0.3415, 'learning_rate': 0.00020662280164012782, 'epoch': 35.0}
{'eval_loss': 0.3423103988170624, 'eval_accuracy': 0.9037623762376238, 'eval_runtime': 208.109, 'eval_samples_per_second': 121.331, 'eval_steps_per_second': 0.951, 'epoch': 35.0}
{'loss': 0.3494, 'learning_rate': 0.00020490656439103923, 'epoch': 35.07}
{'loss': 0.3078, 'learning_rate': 0.0002031956457159032, 'epoch': 35.14}
{'loss': 0.3272, 'learning_rate': 0.00020149007645121553, 'epoch': 35.2}
{'loss': 0.3318, 'learning_rate': 0.00019978988733705805, 'epoch': 35.27}
{'loss': 0.3347, 'learning_rate': 0.0001980951090165437, 'epoch': 35.34}
{'loss': 0.3192, 'learning_rate': 0.00019640577203526477, 'epoch': 35.41}
{'loss': 0.3216, 'learning_rate': 0.00019472190684074282, 'epoch': 35.47}
{'loss': 0.3173, 'learning_rate': 0.00019304354378187934, 'epoch': 35.54}
{'loss': 0.3336, 'learning_rate': 0.00019137071310840848, 'epoch': 35.61}
{'loss': 0.3409, 'learning_rate': 0.00018970344497035253, 'epoch': 35.68}
{'loss': 0.3267, 'learning_rate': 0.00018804176941747804, 'epoch': 35.74}
{'loss': 0.3113, 'learning_rate': 0.00018638571639875484, 'epoch': 35.81}
{'loss': 0.3308, 'learning_rate': 0.00018473531576181535, 'epoch': 35.88}
{'loss': 0.3303, 'learning_rate': 0.00018309059725241716, 'epoch': 35.95}
{'eval_loss': 0.34293559193611145, 'eval_accuracy': 0.9041980198019802, 'eval_runtime': 210.6589, 'eval_samples_per_second': 119.862, 'eval_steps_per_second': 0.94, 'epoch': 36.0}
{'loss': 0.3216, 'learning_rate': 0.00018145159051390715, 'epoch': 36.01}
{'loss': 0.3006, 'learning_rate': 0.0001798183250866869, 'epoch': 36.08}
{'loss': 0.3217, 'learning_rate': 0.00017819083040767993, 'epoch': 36.15}
{'loss': 0.3055, 'learning_rate': 0.00017656913580980184, 'epoch': 36.22}
{'loss': 0.3352, 'learning_rate': 0.0001749532705214309, 'epoch': 36.28}
{'loss': 0.3492, 'learning_rate': 0.00017334326366588238, 'epoch': 36.35}
{'loss': 0.3378, 'learning_rate': 0.00017173914426088228, 'epoch': 36.42}
{'loss': 0.3075, 'learning_rate': 0.00017014094121804507, 'epoch': 36.49}
{'loss': 0.3167, 'learning_rate': 0.00016854868334235292, 'epoch': 36.55}
{'loss': 0.3395, 'learning_rate': 0.00016696239933163587, 'epoch': 36.62}
{'loss': 0.3144, 'learning_rate': 0.00016538211777605477, 'epoch': 36.69}
{'loss': 0.3287, 'learning_rate': 0.00016380786715758627, 'epoch': 36.76}
{'loss': 0.3232, 'learning_rate': 0.00016223967584950898, 'epoch': 36.82}
{'loss': 0.3346, 'learning_rate': 0.000160677572115893, 'epoch': 36.89}
{'loss': 0.333, 'learning_rate': 0.00015912158411108935, 'epoch': 36.96}
{'eval_loss': 0.3424876630306244, 'eval_accuracy': 0.9044752475247525, 'eval_runtime': 206.0464, 'eval_samples_per_second': 122.545, 'eval_steps_per_second': 0.961, 'epoch': 37.0}
{'loss': 0.3281, 'learning_rate': 0.0001575717398792232, 'epoch': 37.03}
{'loss': 0.3302, 'learning_rate': 0.00015602806735368847, 'epoch': 37.09}
{'loss': 0.3129, 'learning_rate': 0.00015449059435664435, 'epoch': 37.16}
{'loss': 0.3241, 'learning_rate': 0.00015295934859851346, 'epoch': 37.23}
{'loss': 0.3273, 'learning_rate': 0.0001514343576774827, 'epoch': 37.3}
{'loss': 0.3213, 'learning_rate': 0.0001499156490790057, 'epoch': 37.36}
{'loss': 0.3216, 'learning_rate': 0.00014840325017530798, 'epoch': 37.43}
{'loss': 0.3332, 'learning_rate': 0.0001468971882248929, 'epoch': 37.5}
{'loss': 0.3036, 'learning_rate': 0.0001453974903720504, 'epoch': 37.57}
{'loss': 0.3146, 'learning_rate': 0.0001439041836463686, 'epoch': 37.64}
{'loss': 0.3142, 'learning_rate': 0.00014241729496224586, 'epoch': 37.7}
{'loss': 0.2908, 'learning_rate': 0.00014093685111840566, 'epoch': 37.77}
{'loss': 0.3178, 'learning_rate': 0.00013946287879741383, 'epoch': 37.84}
{'loss': 0.3223, 'learning_rate': 0.0001379954045651981, 'epoch': 37.91}
{'loss': 0.3196, 'learning_rate': 0.00013653445487056838, 'epoch': 37.97}
{'eval_loss': 0.3424431383609772, 'eval_accuracy': 0.9051881188118812, 'eval_runtime': 209.9257, 'eval_samples_per_second': 120.281, 'eval_steps_per_second': 0.943, 'epoch': 38.0}
{'loss': 0.3216, 'learning_rate': 0.0001350800560447406, 'epoch': 38.04}
{'loss': 0.305, 'learning_rate': 0.0001336322343008621, 'epoch': 38.11}
{'loss': 0.3157, 'learning_rate': 0.0001321910157335392, 'epoch': 38.18}
{'loss': 0.3256, 'learning_rate': 0.00013075642631836694, 'epoch': 38.24}
{'loss': 0.32, 'learning_rate': 0.00012932849191146052, 'epoch': 38.31}
{'loss': 0.3284, 'learning_rate': 0.00012790723824898943, 'epoch': 38.38}
{'loss': 0.3223, 'learning_rate': 0.00012649269094671428, 'epoch': 38.45}
{'loss': 0.3197, 'learning_rate': 0.0001250848754995242, 'epoch': 38.51}
{'loss': 0.315, 'learning_rate': 0.00012368381728097754, 'epoch': 38.58}
{'loss': 0.3145, 'learning_rate': 0.000122289541542845, 'epoch': 38.65}
{'loss': 0.3316, 'learning_rate': 0.00012090207341465415, 'epoch': 38.72}
{'loss': 0.3452, 'learning_rate': 0.00011952143790323671, 'epoch': 38.78}
{'loss': 0.2909, 'learning_rate': 0.00011814765989227755, 'epoch': 38.85}
{'loss': 0.3027, 'learning_rate': 0.00011678076414186617, 'epoch': 38.92}
{'loss': 0.3303, 'learning_rate': 0.00011542077528805117, 'epoch': 38.99}
{'eval_loss': 0.34425079822540283, 'eval_accuracy': 0.9043168316831683, 'eval_runtime': 212.282, 'eval_samples_per_second': 118.946, 'eval_steps_per_second': 0.933, 'epoch': 39.0}
{'loss': 0.3208, 'learning_rate': 0.00011406771784239528, 'epoch': 39.05}
{'loss': 0.3132, 'learning_rate': 0.0001127216161915341, 'epoch': 39.12}
{'loss': 0.3203, 'learning_rate': 0.00011138249459673633, 'epoch': 39.19}
{'loss': 0.3071, 'learning_rate': 0.000110050377193467, 'epoch': 39.26}
{'loss': 0.3263, 'learning_rate': 0.00010872528799095194, 'epoch': 39.32}
{'loss': 0.3107, 'learning_rate': 0.00010740725087174513, 'epoch': 39.39}
{'loss': 0.3123, 'learning_rate': 0.00010609628959129813, 'epoch': 39.46}
{'loss': 0.3103, 'learning_rate': 0.00010479242777753278, 'epoch': 39.53}
{'loss': 0.3084, 'learning_rate': 0.00010349568893041411, 'epoch': 39.59}
{'loss': 0.3168, 'learning_rate': 0.00010220609642152767, 'epoch': 39.66}
{'loss': 0.3073, 'learning_rate': 0.00010092367349365761, 'epoch': 39.73}
{'loss': 0.3092, 'learning_rate': 9.964844326036909e-05, 'epoch': 39.8}
{'loss': 0.3163, 'learning_rate': 9.838042870558994e-05, 'epoch': 39.86}
{'loss': 0.3152, 'learning_rate': 9.71196526831975e-05, 'epoch': 39.93}
{'loss': 0.3239, 'learning_rate': 9.586613791660626e-05, 'epoch': 40.0}
{'eval_loss': 0.34308528900146484, 'eval_accuracy': 0.9046336633663367, 'eval_runtime': 217.3248, 'eval_samples_per_second': 116.186, 'eval_steps_per_second': 0.911, 'epoch': 40.0}
{'loss': 0.303, 'learning_rate': 9.461990699835904e-05, 'epoch': 40.07}
{'loss': 0.3389, 'learning_rate': 9.338098238971887e-05, 'epoch': 40.14}
{'loss': 0.3029, 'learning_rate': 9.21493864202646e-05, 'epoch': 40.2}
{'loss': 0.2969, 'learning_rate': 9.09251412874882e-05, 'epoch': 40.27}
{'loss': 0.2963, 'learning_rate': 8.970826905639567e-05, 'epoch': 40.34}
{'loss': 0.3149, 'learning_rate': 8.849879165910785e-05, 'epoch': 40.41}
{'loss': 0.2978, 'learning_rate': 8.729673089446599e-05, 'epoch': 40.47}
{'loss': 0.3235, 'learning_rate': 8.610210842763877e-05, 'epoch': 40.54}
{'loss': 0.2856, 'learning_rate': 8.491494578973202e-05, 'epoch': 40.61}
{'loss': 0.3066, 'learning_rate': 8.373526437740015e-05, 'epoch': 40.68}
{'loss': 0.3282, 'learning_rate': 8.256308545246072e-05, 'epoch': 40.74}
{'loss': 0.3062, 'learning_rate': 8.139843014151154e-05, 'epoch': 40.81}
{'loss': 0.3049, 'learning_rate': 8.024131943554969e-05, 'epoch': 40.88}
{'loss': 0.3295, 'learning_rate': 7.90917741895928e-05, 'epoch': 40.95}
{'eval_loss': 0.34372478723526, 'eval_accuracy': 0.904950495049505, 'eval_runtime': 216.7014, 'eval_samples_per_second': 116.52, 'eval_steps_per_second': 0.914, 'epoch': 41.0}
{'loss': 0.3143, 'learning_rate': 7.794981512230381e-05, 'epoch': 41.01}
{'loss': 0.314, 'learning_rate': 7.681546281561702e-05, 'epoch': 41.08}
{'loss': 0.3265, 'learning_rate': 7.56887377143678e-05, 'epoch': 41.15}
{'loss': 0.3018, 'learning_rate': 7.456966012592325e-05, 'epoch': 41.22}
{'loss': 0.3133, 'learning_rate': 7.345825021981678e-05, 'epoch': 41.28}
{'loss': 0.307, 'learning_rate': 7.235452802738441e-05, 'epoch': 41.35}
{'loss': 0.3196, 'learning_rate': 7.125851344140405e-05, 'epoch': 41.42}
{'loss': 0.3232, 'learning_rate': 7.017022621573621e-05, 'epoch': 41.49}
{'loss': 0.3105, 'learning_rate': 6.908968596496874e-05, 'epoch': 41.55}
{'loss': 0.3222, 'learning_rate': 6.801691216406276e-05, 'epoch': 41.62}
{'loss': 0.3185, 'learning_rate': 6.695192414800228e-05, 'epoch': 41.69}
{'loss': 0.3172, 'learning_rate': 6.589474111144506e-05, 'epoch': 41.76}
{'loss': 0.3293, 'learning_rate': 6.484538210837687e-05, 'epoch': 41.82}
{'loss': 0.3219, 'learning_rate': 6.380386605176836e-05, 'epoch': 41.89}
{'loss': 0.2899, 'learning_rate': 6.277021171323394e-05, 'epoch': 41.96}
{'eval_loss': 0.3435992896556854, 'eval_accuracy': 0.9041584158415842, 'eval_runtime': 226.284, 'eval_samples_per_second': 111.585, 'eval_steps_per_second': 0.875, 'epoch': 42.0}
{'loss': 0.3047, 'learning_rate': 6.174443772269344e-05, 'epoch': 42.03}
{'loss': 0.2954, 'learning_rate': 6.072656256803627e-05, 'epoch': 42.09}
{'loss': 0.3425, 'learning_rate': 5.9716604594788224e-05, 'epoch': 42.16}
{'loss': 0.3185, 'learning_rate': 5.8714582005781446e-05, 'epoch': 42.23}
{'loss': 0.3157, 'learning_rate': 5.7720512860825304e-05, 'epoch': 42.3}
{'loss': 0.3014, 'learning_rate': 5.6734415076381384e-05, 'epoch': 42.36}
{'loss': 0.3257, 'learning_rate': 5.575630642524104e-05, 'epoch': 42.43}
{'loss': 0.304, 'learning_rate': 5.478620453620442e-05, 'epoch': 42.5}
{'loss': 0.3204, 'learning_rate': 5.382412689376287e-05, 'epoch': 42.57}
{'loss': 0.2811, 'learning_rate': 5.287009083778388e-05, 'epoch': 42.64}
{'loss': 0.3009, 'learning_rate': 5.192411356319871e-05, 'epoch': 42.7}
{'loss': 0.3283, 'learning_rate': 5.098621211969223e-05, 'epoch': 42.77}
{'loss': 0.3085, 'learning_rate': 5.005640341139578e-05, 'epoch': 42.84}
{'loss': 0.303, 'learning_rate': 4.913470419658228e-05, 'epoch': 42.91}
{'loss': 0.3424, 'learning_rate': 4.82211310873647e-05, 'epoch': 42.97}
{'eval_loss': 0.3427695333957672, 'eval_accuracy': 0.9052673267326733, 'eval_runtime': 217.959, 'eval_samples_per_second': 115.847, 'eval_steps_per_second': 0.908, 'epoch': 43.0}
{'loss': 0.3216, 'learning_rate': 4.731570054939616e-05, 'epoch': 43.04}
{'loss': 0.3064, 'learning_rate': 4.6418428901573215e-05, 'epoch': 43.11}
{'loss': 0.3118, 'learning_rate': 4.552933231574186e-05, 'epoch': 43.18}
{'loss': 0.301, 'learning_rate': 4.46484268164063e-05, 'epoch': 43.24}
{'loss': 0.3032, 'learning_rate': 4.3775728280439576e-05, 'epoch': 43.31}
{'loss': 0.3107, 'learning_rate': 4.291125243679777e-05, 'epoch': 43.38}
{'loss': 0.3099, 'learning_rate': 4.205501486623647e-05, 'epoch': 43.45}
{'loss': 0.302, 'learning_rate': 4.120703100103007e-05, 'epoch': 43.51}
{'loss': 0.3243, 'learning_rate': 4.036731612469347e-05, 'epoch': 43.58}
{'loss': 0.3345, 'learning_rate': 3.953588537170638e-05, 'epoch': 43.65}
{'loss': 0.2783, 'learning_rate': 3.871275372724103e-05, 'epoch': 43.72}
{'loss': 0.3207, 'learning_rate': 3.789793602689201e-05, 'epoch': 43.78}
{'loss': 0.3137, 'learning_rate': 3.709144695640837e-05, 'epoch': 43.85}
{'loss': 0.3057, 'learning_rate': 3.6293301051429526e-05, 'epoch': 43.92}
{'loss': 0.2869, 'learning_rate': 3.550351269722296e-05, 'epoch': 43.99}
{'eval_loss': 0.3435198664665222, 'eval_accuracy': 0.9046732673267327, 'eval_runtime': 221.3206, 'eval_samples_per_second': 114.088, 'eval_steps_per_second': 0.895, 'epoch': 44.0}
{'loss': 0.3227, 'learning_rate': 3.472209612842525e-05, 'epoch': 44.05}
{'loss': 0.3205, 'learning_rate': 3.394906542878512e-05, 'epoch': 44.12}
{'loss': 0.3151, 'learning_rate': 3.318443453090975e-05, 'epoch': 44.19}
{'loss': 0.2898, 'learning_rate': 3.24282172160138e-05, 'epoch': 44.26}
{'loss': 0.3007, 'learning_rate': 3.1680427113671086e-05, 'epoch': 44.32}
{'loss': 0.2905, 'learning_rate': 3.09410777015684e-05, 'epoch': 44.39}
{'loss': 0.3141, 'learning_rate': 3.021018230526329e-05, 'epoch': 44.46}
{'loss': 0.3007, 'learning_rate': 2.9487754097943297e-05, 'epoch': 44.53}
{'loss': 0.2875, 'learning_rate': 2.877380610018915e-05, 'epoch': 44.59}
{'loss': 0.2807, 'learning_rate': 2.8068351179739493e-05, 'epoch': 44.66}
{'loss': 0.3238, 'learning_rate': 2.737140205125932e-05, 'epoch': 44.73}
{'loss': 0.3142, 'learning_rate': 2.6682971276110578e-05, 'epoch': 44.8}
{'loss': 0.3274, 'learning_rate': 2.6003071262126142e-05, 'epoch': 44.86}
{'loss': 0.325, 'learning_rate': 2.5331714263385706e-05, 'epoch': 44.93}
{'loss': 0.3083, 'learning_rate': 2.4668912379995246e-05, 'epoch': 45.0}
{'eval_loss': 0.34320569038391113, 'eval_accuracy': 0.9048712871287129, 'eval_runtime': 214.3505, 'eval_samples_per_second': 117.798, 'eval_steps_per_second': 0.924, 'epoch': 45.0}
{'loss': 0.2921, 'learning_rate': 2.401467755786879e-05, 'epoch': 45.07}
{'loss': 0.2935, 'learning_rate': 2.3369021588513396e-05, 'epoch': 45.14}
{'loss': 0.2862, 'learning_rate': 2.273195610881623e-05, 'epoch': 45.2}
{'loss': 0.3095, 'learning_rate': 2.210349260083494e-05, 'epoch': 45.27}
{'loss': 0.3264, 'learning_rate': 2.1483642391590952e-05, 'epoch': 45.34}
{'loss': 0.3245, 'learning_rate': 2.0872416652865044e-05, 'epoch': 45.41}
{'loss': 0.2843, 'learning_rate': 2.0269826400996115e-05, 'epoch': 45.47}
{'loss': 0.3076, 'learning_rate': 1.9675882496682505e-05, 'epoch': 45.54}
{'loss': 0.3087, 'learning_rate': 1.9090595644786714e-05, 'epoch': 45.61}
{'loss': 0.3084, 'learning_rate': 1.851397639414154e-05, 'epoch': 45.68}
{'loss': 0.338, 'learning_rate': 1.7946035137361093e-05, 'epoch': 45.74}
{'loss': 0.3081, 'learning_rate': 1.7386782110652588e-05, 'epoch': 45.81}
{'loss': 0.3202, 'learning_rate': 1.6836227393632166e-05, 'epoch': 45.88}
{'loss': 0.3108, 'learning_rate': 1.6294380909143423e-05, 'epoch': 45.95}
{'eval_loss': 0.3431055545806885, 'eval_accuracy': 0.9041980198019802, 'eval_runtime': 225.489, 'eval_samples_per_second': 111.979, 'eval_steps_per_second': 0.878, 'epoch': 46.0}
{'loss': 0.2966, 'learning_rate': 1.5761252423078242e-05, 'epoch': 46.01}
{'loss': 0.3094, 'learning_rate': 1.5236851544200848e-05, 'epoch': 46.08}
{'loss': 0.3186, 'learning_rate': 1.4721187723975016e-05, 'epoch': 46.15}
{'loss': 0.2924, 'learning_rate': 1.4214270256392992e-05, 'epoch': 46.22}
{'loss': 0.312, 'learning_rate': 1.3716108277808781e-05, 'epoch': 46.28}
{'loss': 0.3064, 'learning_rate': 1.3226710766772842e-05, 'epoch': 46.35}
{'loss': 0.2894, 'learning_rate': 1.2746086543870494e-05, 'epoch': 46.42}
{'loss': 0.3079, 'learning_rate': 1.2274244271563207e-05, 'epoch': 46.49}
{'loss': 0.3214, 'learning_rate': 1.181119245403206e-05, 'epoch': 46.55}
{'loss': 0.3147, 'learning_rate': 1.1356939437024538e-05, 'epoch': 46.62}
{'loss': 0.3119, 'learning_rate': 1.0911493407704476e-05, 'epoch': 46.69}
{'loss': 0.3143, 'learning_rate': 1.0474862394504126e-05, 'epoch': 46.76}
{'loss': 0.3002, 'learning_rate': 1.0047054266979383e-05, 'epoch': 46.82}
{'loss': 0.3266, 'learning_rate': 9.628076735668457e-06, 'epoch': 46.89}
{'loss': 0.2873, 'learning_rate': 9.25855336175857e-06, 'epoch': 46.96}
{'eval_loss': 0.34293147921562195, 'eval_accuracy': 0.9044752475247525, 'eval_runtime': 227.669, 'eval_samples_per_second': 110.907, 'eval_steps_per_second': 0.87, 'epoch': 47.0}
{'loss': 0.3146, 'learning_rate': 8.856374635655695e-06, 'epoch': 47.03}
{'loss': 0.3093, 'learning_rate': 8.463047965809046e-06, 'epoch': 47.09}
{'loss': 0.3037, 'learning_rate': 8.078580441285066e-06, 'epoch': 47.16}
{'loss': 0.2905, 'learning_rate': 7.70297899147887e-06, 'epoch': 47.23}
{'loss': 0.3166, 'learning_rate': 7.336250385988896e-06, 'epoch': 47.3}
{'loss': 0.3046, 'learning_rate': 6.978401234495224e-06, 'epoch': 47.36}
{'loss': 0.2871, 'learning_rate': 6.629437986640397e-06, 'epoch': 47.43}
{'loss': 0.3083, 'learning_rate': 6.289366931913176e-06, 'epoch': 47.5}
{'loss': 0.3061, 'learning_rate': 5.958194199535138e-06, 'epoch': 47.57}
{'loss': 0.3326, 'learning_rate': 5.6359257583502025e-06, 'epoch': 47.64}
{'loss': 0.3264, 'learning_rate': 5.322567416717106e-06, 'epoch': 47.7}
{'loss': 0.3187, 'learning_rate': 5.018124822404824e-06, 'epoch': 47.77}
{'loss': 0.3123, 'learning_rate': 4.7226034624903715e-06, 'epoch': 47.84}
{'loss': 0.3314, 'learning_rate': 4.436008663260438e-06, 'epoch': 47.91}
{'loss': 0.3262, 'learning_rate': 4.1583455901149645e-06, 'epoch': 47.97}
{'eval_loss': 0.3428879976272583, 'eval_accuracy': 0.9043564356435644, 'eval_runtime': 219.581, 'eval_samples_per_second': 114.992, 'eval_steps_per_second': 0.902, 'epoch': 48.0}
{'loss': 0.2968, 'learning_rate': 3.889619247474274e-06, 'epoch': 48.04}
{'loss': 0.2982, 'learning_rate': 3.62983447868892e-06, 'epoch': 48.11}
{'loss': 0.3015, 'learning_rate': 3.3789959659520365e-06, 'epoch': 48.18}
{'loss': 0.2951, 'learning_rate': 3.137108230215513e-06, 'epoch': 48.24}
{'loss': 0.2989, 'learning_rate': 2.9041756311079525e-06, 'epoch': 48.31}
{'loss': 0.3252, 'learning_rate': 2.68020236685651e-06, 'epoch': 48.38}
{'loss': 0.2964, 'learning_rate': 2.4651924742109533e-06, 'epoch': 48.45}
{'loss': 0.3127, 'learning_rate': 2.2591498283709988e-06, 'epoch': 48.51}
{'loss': 0.3376, 'learning_rate': 2.0620781429166458e-06, 'epoch': 48.58}
{'loss': 0.297, 'learning_rate': 1.8739809697409515e-06, 'epoch': 48.65}
{'loss': 0.2889, 'learning_rate': 1.6948616989860832e-06, 'epoch': 48.72}
{'loss': 0.3166, 'learning_rate': 1.524723558982477e-06, 'epoch': 48.78}
{'loss': 0.289, 'learning_rate': 1.3635696161903298e-06, 'epoch': 48.85}
{'loss': 0.3078, 'learning_rate': 1.2114027751444212e-06, 'epoch': 48.92}
{'loss': 0.2985, 'learning_rate': 1.0682257784019323e-06, 'epoch': 48.99}
{'eval_loss': 0.3428994417190552, 'eval_accuracy': 0.9043168316831683, 'eval_runtime': 225.463, 'eval_samples_per_second': 111.992, 'eval_steps_per_second': 0.878, 'epoch': 49.0}
{'loss': 0.319, 'learning_rate': 9.340412064927084e-07, 'epoch': 49.05}
{'loss': 0.3348, 'learning_rate': 8.088514778730738e-07, 'epoch': 49.12}
{'loss': 0.3078, 'learning_rate': 6.926588488820329e-07, 'epoch': 49.19}
{'loss': 0.3042, 'learning_rate': 5.854654137006921e-07, 'epoch': 49.26}
{'loss': 0.2979, 'learning_rate': 4.872731043143453e-07, 'epoch': 49.32}
{'loss': 0.2991, 'learning_rate': 3.9808369047805716e-07, 'epoch': 49.39}
{'loss': 0.2958, 'learning_rate': 3.1789877968430026e-07, 'epoch': 49.46}
{'loss': 0.3073, 'learning_rate': 2.467198171342e-07, 'epoch': 49.53}
{'loss': 0.2998, 'learning_rate': 1.8454808571161108e-07, 'epoch': 49.59}
{'loss': 0.3026, 'learning_rate': 1.3138470595969177e-07, 'epoch': 49.66}
{'loss': 0.3259, 'learning_rate': 8.723063606091985e-08, 'epoch': 49.73}
{'loss': 0.3026, 'learning_rate': 5.2086671819884244e-08, 'epoch': 49.8}
{'loss': 0.3088, 'learning_rate': 2.5953446648685486e-08, 'epoch': 49.86}
{'loss': 0.2938, 'learning_rate': 8.831431555722524e-09, 'epoch': 49.93}
{'loss': 0.3066, 'learning_rate': 7.209351372550188e-10, 'epoch': 50.0}
{'eval_loss': 0.342892050743103, 'eval_accuracy': 0.9043564356435644, 'eval_runtime': 223.2197, 'eval_samples_per_second': 113.117, 'eval_steps_per_second': 0.887, 'epoch': 50.0}
{'train_runtime': 40857.7967, 'train_samples_per_second': 92.7, 'train_steps_per_second': 0.181, 'train_loss': 0.4491500262311987, 'epoch': 50.0}
