Transformers version: 4.29.2
Accelerate version: 0.19.0
PEFT version: 0.3.0
dict_keys(['train', 'validation'])
trainable params: 85876325 || all params: 85876325 || trainable%: 100.00
ViTForImageClassification(
  (vit): ViTModel(
    (embeddings): ViTEmbeddings(
      (patch_embeddings): ViTPatchEmbeddings(
        (projection): Conv2d(3, 768, kernel_size=(16, 16), stride=(16, 16))
      )
      (dropout): Dropout(p=0.0, inplace=False)
    )
    (encoder): ViTEncoder(
      (layer): ModuleList(
        (0-11): 12 x ViTLayer(
          (attention): ViTAttention(
            (attention): ViTSelfAttention(
              (query): Linear(in_features=768, out_features=768, bias=True)
              (key): Linear(in_features=768, out_features=768, bias=True)
              (value): Linear(in_features=768, out_features=768, bias=True)
              (dropout): Dropout(p=0.0, inplace=False)
            )
            (output): ViTSelfOutput(
              (dense): Linear(in_features=768, out_features=768, bias=True)
              (dropout): Dropout(p=0.0, inplace=False)
            )
          )
          (intermediate): ViTIntermediate(
            (dense): Linear(in_features=768, out_features=3072, bias=True)
            (intermediate_act_fn): GELUActivation()
          )
          (output): ViTOutput(
            (dense): Linear(in_features=3072, out_features=768, bias=True)
            (dropout): Dropout(p=0.0, inplace=False)
          )
          (layernorm_before): LayerNorm((768,), eps=1e-12, elementwise_affine=True)
          (layernorm_after): LayerNorm((768,), eps=1e-12, elementwise_affine=True)
        )
      )
    )
    (layernorm): LayerNorm((768,), eps=1e-12, elementwise_affine=True)
  )
  (classifier): Linear(in_features=768, out_features=101, bias=True)
)
trainable params: 745162 || all params: 86543818 || trainable%: 0.86
{'loss': 3.5414, 'learning_rate': 0.004993243243243244, 'epoch': 0.07}
{'loss': 1.6439, 'learning_rate': 0.0049864864864864866, 'epoch': 0.14}
{'loss': 1.1117, 'learning_rate': 0.00497972972972973, 'epoch': 0.2}
{'loss': 1.0031, 'learning_rate': 0.004972972972972973, 'epoch': 0.27}
{'loss': 0.9905, 'learning_rate': 0.004966216216216216, 'epoch': 0.34}
{'loss': 0.9313, 'learning_rate': 0.0049594594594594595, 'epoch': 0.41}
{'loss': 0.9284, 'learning_rate': 0.004952702702702703, 'epoch': 0.47}
{'loss': 0.9113, 'learning_rate': 0.004945945945945946, 'epoch': 0.54}
{'loss': 0.8645, 'learning_rate': 0.00493918918918919, 'epoch': 0.61}
{'loss': 0.8996, 'learning_rate': 0.004932432432432432, 'epoch': 0.68}
{'loss': 0.8606, 'learning_rate': 0.004925675675675676, 'epoch': 0.74}
{'loss': 0.8722, 'learning_rate': 0.00491891891891892, 'epoch': 0.81}
{'loss': 0.8771, 'learning_rate': 0.0049121621621621625, 'epoch': 0.88}
{'loss': 0.8206, 'learning_rate': 0.004905405405405405, 'epoch': 0.95}
{'eval_loss': 0.4787943363189697, 'eval_accuracy': 0.8664950495049505, 'eval_runtime': 356.1129, 'eval_samples_per_second': 70.904, 'eval_steps_per_second': 0.556, 'epoch': 1.0}
{'loss': 0.802, 'learning_rate': 0.004898648648648649, 'epoch': 1.01}
{'loss': 0.7992, 'learning_rate': 0.004891891891891892, 'epoch': 1.08}
{'loss': 0.7627, 'learning_rate': 0.004885135135135135, 'epoch': 1.15}
{'loss': 0.7621, 'learning_rate': 0.004878378378378379, 'epoch': 1.22}
{'loss': 0.762, 'learning_rate': 0.004871621621621622, 'epoch': 1.28}
{'loss': 0.7951, 'learning_rate': 0.0048648648648648655, 'epoch': 1.35}
{'loss': 0.7841, 'learning_rate': 0.004858108108108108, 'epoch': 1.42}
{'loss': 0.8216, 'learning_rate': 0.004851351351351351, 'epoch': 1.49}
{'loss': 0.7652, 'learning_rate': 0.004844594594594595, 'epoch': 1.55}
{'loss': 0.7612, 'learning_rate': 0.0048378378378378375, 'epoch': 1.62}
{'loss': 0.7799, 'learning_rate': 0.004831081081081081, 'epoch': 1.69}
{'loss': 0.7487, 'learning_rate': 0.004824324324324325, 'epoch': 1.76}
{'loss': 0.7807, 'learning_rate': 0.004817567567567568, 'epoch': 1.82}
{'loss': 0.7757, 'learning_rate': 0.004810810810810811, 'epoch': 1.89}
{'loss': 0.7403, 'learning_rate': 0.004804054054054054, 'epoch': 1.96}
{'eval_loss': 0.4328550696372986, 'eval_accuracy': 0.8778217821782178, 'eval_runtime': 360.4975, 'eval_samples_per_second': 70.042, 'eval_steps_per_second': 0.549, 'epoch': 2.0}
{'loss': 0.7181, 'learning_rate': 0.004797297297297297, 'epoch': 2.03}
{'loss': 0.6589, 'learning_rate': 0.0047905405405405405, 'epoch': 2.09}
{'loss': 0.693, 'learning_rate': 0.004783783783783784, 'epoch': 2.16}
{'loss': 0.7821, 'learning_rate': 0.004777027027027027, 'epoch': 2.23}
{'loss': 0.7549, 'learning_rate': 0.004770270270270271, 'epoch': 2.3}
{'loss': 0.7158, 'learning_rate': 0.004763513513513513, 'epoch': 2.36}
{'loss': 0.712, 'learning_rate': 0.004756756756756757, 'epoch': 2.43}
{'loss': 0.742, 'learning_rate': 0.00475, 'epoch': 2.5}
{'loss': 0.7504, 'learning_rate': 0.0047432432432432435, 'epoch': 2.57}
{'loss': 0.7245, 'learning_rate': 0.004736486486486486, 'epoch': 2.64}
{'loss': 0.7308, 'learning_rate': 0.00472972972972973, 'epoch': 2.7}
{'loss': 0.7518, 'learning_rate': 0.004722972972972973, 'epoch': 2.77}
{'loss': 0.7611, 'learning_rate': 0.0047162162162162164, 'epoch': 2.84}
{'loss': 0.7289, 'learning_rate': 0.00470945945945946, 'epoch': 2.91}
{'loss': 0.724, 'learning_rate': 0.004702702702702703, 'epoch': 2.97}
Transformers version: 4.29.2
Accelerate version: 0.19.0
PEFT version: 0.3.0
dict_keys(['train', 'validation'])
trainable params: 85876325 || all params: 85876325 || trainable%: 100.00
ViTForImageClassification(
  (vit): ViTModel(
    (embeddings): ViTEmbeddings(
      (patch_embeddings): ViTPatchEmbeddings(
        (projection): Conv2d(3, 768, kernel_size=(16, 16), stride=(16, 16))
      )
      (dropout): Dropout(p=0.0, inplace=False)
    )
    (encoder): ViTEncoder(
      (layer): ModuleList(
        (0-11): 12 x ViTLayer(
          (attention): ViTAttention(
            (attention): ViTSelfAttention(
              (query): Linear(in_features=768, out_features=768, bias=True)
              (key): Linear(in_features=768, out_features=768, bias=True)
              (value): Linear(in_features=768, out_features=768, bias=True)
              (dropout): Dropout(p=0.0, inplace=False)
            )
            (output): ViTSelfOutput(
              (dense): Linear(in_features=768, out_features=768, bias=True)
              (dropout): Dropout(p=0.0, inplace=False)
            )
          )
          (intermediate): ViTIntermediate(
            (dense): Linear(in_features=768, out_features=3072, bias=True)
            (intermediate_act_fn): GELUActivation()
          )
          (output): ViTOutput(
            (dense): Linear(in_features=3072, out_features=768, bias=True)
            (dropout): Dropout(p=0.0, inplace=False)
          )
          (layernorm_before): LayerNorm((768,), eps=1e-12, elementwise_affine=True)
          (layernorm_after): LayerNorm((768,), eps=1e-12, elementwise_affine=True)
        )
      )
    )
    (layernorm): LayerNorm((768,), eps=1e-12, elementwise_affine=True)
  )
  (classifier): Linear(in_features=768, out_features=101, bias=True)
)
trainable params: 745162 || all params: 86543818 || trainable%: 0.86
{'loss': 3.5342, 'learning_rate': 0.004993243243243244, 'epoch': 0.07}
{'loss': 1.6411, 'learning_rate': 0.0049864864864864866, 'epoch': 0.14}
{'loss': 1.1066, 'learning_rate': 0.00497972972972973, 'epoch': 0.2}
Transformers version: 4.29.2
Accelerate version: 0.19.0
PEFT version: 0.3.0
dict_keys(['train', 'validation'])
trainable params: 85876325 || all params: 85876325 || trainable%: 100.00
ViTForImageClassification(
  (vit): ViTModel(
    (embeddings): ViTEmbeddings(
      (patch_embeddings): ViTPatchEmbeddings(
        (projection): Conv2d(3, 768, kernel_size=(16, 16), stride=(16, 16))
      )
      (dropout): Dropout(p=0.0, inplace=False)
    )
    (encoder): ViTEncoder(
      (layer): ModuleList(
        (0-11): 12 x ViTLayer(
          (attention): ViTAttention(
            (attention): ViTSelfAttention(
              (query): Linear(in_features=768, out_features=768, bias=True)
              (key): Linear(in_features=768, out_features=768, bias=True)
              (value): Linear(in_features=768, out_features=768, bias=True)
              (dropout): Dropout(p=0.0, inplace=False)
            )
            (output): ViTSelfOutput(
              (dense): Linear(in_features=768, out_features=768, bias=True)
              (dropout): Dropout(p=0.0, inplace=False)
            )
          )
          (intermediate): ViTIntermediate(
            (dense): Linear(in_features=768, out_features=3072, bias=True)
            (intermediate_act_fn): GELUActivation()
          )
          (output): ViTOutput(
            (dense): Linear(in_features=3072, out_features=768, bias=True)
            (dropout): Dropout(p=0.0, inplace=False)
          )
          (layernorm_before): LayerNorm((768,), eps=1e-12, elementwise_affine=True)
          (layernorm_after): LayerNorm((768,), eps=1e-12, elementwise_affine=True)
        )
      )
    )
    (layernorm): LayerNorm((768,), eps=1e-12, elementwise_affine=True)
  )
  (classifier): Linear(in_features=768, out_features=101, bias=True)
)
trainable params: 745162 || all params: 86543818 || trainable%: 0.86
Transformers version: 4.29.2
Accelerate version: 0.19.0
PEFT version: 0.3.0
dict_keys(['train', 'validation'])
trainable params: 85876325 || all params: 85876325 || trainable%: 100.00
ViTForImageClassification(
  (vit): ViTModel(
    (embeddings): ViTEmbeddings(
      (patch_embeddings): ViTPatchEmbeddings(
        (projection): Conv2d(3, 768, kernel_size=(16, 16), stride=(16, 16))
      )
      (dropout): Dropout(p=0.0, inplace=False)
    )
    (encoder): ViTEncoder(
      (layer): ModuleList(
        (0-11): 12 x ViTLayer(
          (attention): ViTAttention(
            (attention): ViTSelfAttention(
              (query): Linear(in_features=768, out_features=768, bias=True)
              (key): Linear(in_features=768, out_features=768, bias=True)
              (value): Linear(in_features=768, out_features=768, bias=True)
              (dropout): Dropout(p=0.0, inplace=False)
            )
            (output): ViTSelfOutput(
              (dense): Linear(in_features=768, out_features=768, bias=True)
              (dropout): Dropout(p=0.0, inplace=False)
            )
          )
          (intermediate): ViTIntermediate(
            (dense): Linear(in_features=768, out_features=3072, bias=True)
            (intermediate_act_fn): GELUActivation()
          )
          (output): ViTOutput(
            (dense): Linear(in_features=3072, out_features=768, bias=True)
            (dropout): Dropout(p=0.0, inplace=False)
          )
          (layernorm_before): LayerNorm((768,), eps=1e-12, elementwise_affine=True)
          (layernorm_after): LayerNorm((768,), eps=1e-12, elementwise_affine=True)
        )
      )
    )
    (layernorm): LayerNorm((768,), eps=1e-12, elementwise_affine=True)
  )
  (classifier): Linear(in_features=768, out_features=101, bias=True)
)
trainable params: 745162 || all params: 86543818 || trainable%: 0.86
{'loss': 0.6643, 'learning_rate': 0.004696621621621622, 'epoch': 3.04}
{'loss': 0.6348, 'learning_rate': 0.004689864864864865, 'epoch': 3.11}
{'loss': 0.6476, 'learning_rate': 0.0046831081081081085, 'epoch': 3.18}
{'loss': 0.664, 'learning_rate': 0.004676351351351352, 'epoch': 3.24}
{'loss': 0.7047, 'learning_rate': 0.004669594594594594, 'epoch': 3.31}
{'loss': 0.6761, 'learning_rate': 0.004662837837837838, 'epoch': 3.38}
{'loss': 0.7133, 'learning_rate': 0.004656081081081081, 'epoch': 3.45}
{'loss': 0.6625, 'learning_rate': 0.004649324324324324, 'epoch': 3.51}
{'loss': 0.6896, 'learning_rate': 0.004642567567567568, 'epoch': 3.58}
{'loss': 0.7137, 'learning_rate': 0.004635810810810811, 'epoch': 3.65}
{'loss': 0.6844, 'learning_rate': 0.004629054054054054, 'epoch': 3.72}
{'loss': 0.6959, 'learning_rate': 0.004622297297297298, 'epoch': 3.78}
{'loss': 0.6533, 'learning_rate': 0.004615540540540541, 'epoch': 3.85}
{'loss': 0.6847, 'learning_rate': 0.0046087837837837835, 'epoch': 3.92}
{'loss': 0.6963, 'learning_rate': 0.004602027027027027, 'epoch': 3.99}
{'eval_loss': 0.41946518421173096, 'eval_accuracy': 0.8807920792079208, 'eval_runtime': 264.8523, 'eval_samples_per_second': 95.336, 'eval_steps_per_second': 0.748, 'epoch': 4.0}
{'loss': 0.6442, 'learning_rate': 0.00459527027027027, 'epoch': 4.05}
{'loss': 0.6297, 'learning_rate': 0.004588513513513514, 'epoch': 4.12}
{'loss': 0.6088, 'learning_rate': 0.004581756756756757, 'epoch': 4.19}
{'loss': 0.6157, 'learning_rate': 0.004575, 'epoch': 4.26}
{'loss': 0.6453, 'learning_rate': 0.004568243243243244, 'epoch': 4.32}
{'loss': 0.6483, 'learning_rate': 0.0045614864864864865, 'epoch': 4.39}
{'loss': 0.6403, 'learning_rate': 0.004554729729729729, 'epoch': 4.46}
{'loss': 0.6505, 'learning_rate': 0.004547972972972973, 'epoch': 4.53}
{'loss': 0.6293, 'learning_rate': 0.004541216216216217, 'epoch': 4.59}
{'loss': 0.6366, 'learning_rate': 0.004534459459459459, 'epoch': 4.66}
{'loss': 0.6451, 'learning_rate': 0.004527702702702703, 'epoch': 4.73}
{'loss': 0.6367, 'learning_rate': 0.004520945945945946, 'epoch': 4.8}
{'loss': 0.7146, 'learning_rate': 0.0045141891891891895, 'epoch': 4.86}
{'loss': 0.7002, 'learning_rate': 0.004507432432432432, 'epoch': 4.93}
{'loss': 0.6659, 'learning_rate': 0.004500675675675676, 'epoch': 5.0}
{'eval_loss': 0.42385509610176086, 'eval_accuracy': 0.8802376237623762, 'eval_runtime': 312.0808, 'eval_samples_per_second': 80.909, 'eval_steps_per_second': 0.634, 'epoch': 5.0}
{'loss': 0.6391, 'learning_rate': 0.004493918918918919, 'epoch': 5.07}
{'loss': 0.6042, 'learning_rate': 0.0044871621621621624, 'epoch': 5.14}
{'loss': 0.6349, 'learning_rate': 0.004480405405405405, 'epoch': 5.2}
{'loss': 0.6183, 'learning_rate': 0.004473648648648649, 'epoch': 5.27}
{'loss': 0.6269, 'learning_rate': 0.0044668918918918925, 'epoch': 5.34}
{'loss': 0.6508, 'learning_rate': 0.004460135135135135, 'epoch': 5.41}
{'loss': 0.6143, 'learning_rate': 0.004453378378378378, 'epoch': 5.47}
{'loss': 0.6184, 'learning_rate': 0.004446621621621622, 'epoch': 5.54}
{'loss': 0.6194, 'learning_rate': 0.004439864864864865, 'epoch': 5.61}
{'loss': 0.6158, 'learning_rate': 0.004433108108108108, 'epoch': 5.68}
{'loss': 0.6383, 'learning_rate': 0.004426351351351352, 'epoch': 5.74}
{'loss': 0.6658, 'learning_rate': 0.004419594594594595, 'epoch': 5.81}
{'loss': 0.6363, 'learning_rate': 0.004412837837837838, 'epoch': 5.88}
{'loss': 0.6575, 'learning_rate': 0.004406081081081081, 'epoch': 5.95}
{'eval_loss': 0.43686532974243164, 'eval_accuracy': 0.8752475247524752, 'eval_runtime': 281.3809, 'eval_samples_per_second': 89.736, 'eval_steps_per_second': 0.704, 'epoch': 6.0}
{'loss': 0.6128, 'learning_rate': 0.004399324324324324, 'epoch': 6.01}
{'loss': 0.5582, 'learning_rate': 0.004392567567567568, 'epoch': 6.08}
{'loss': 0.61, 'learning_rate': 0.00438581081081081, 'epoch': 6.15}
{'loss': 0.5987, 'learning_rate': 0.004379054054054054, 'epoch': 6.22}
{'loss': 0.5946, 'learning_rate': 0.004372297297297298, 'epoch': 6.28}
{'loss': 0.6135, 'learning_rate': 0.0043655405405405405, 'epoch': 6.35}
{'loss': 0.5587, 'learning_rate': 0.004358783783783784, 'epoch': 6.42}
{'loss': 0.6035, 'learning_rate': 0.004352027027027027, 'epoch': 6.49}
{'loss': 0.645, 'learning_rate': 0.00434527027027027, 'epoch': 6.55}
{'loss': 0.6222, 'learning_rate': 0.004338513513513513, 'epoch': 6.62}
{'loss': 0.6136, 'learning_rate': 0.004331756756756757, 'epoch': 6.69}
{'loss': 0.6107, 'learning_rate': 0.004325, 'epoch': 6.76}
{'loss': 0.6228, 'learning_rate': 0.0043182432432432435, 'epoch': 6.82}
{'loss': 0.6457, 'learning_rate': 0.004311486486486486, 'epoch': 6.89}
{'loss': 0.6338, 'learning_rate': 0.00430472972972973, 'epoch': 6.96}
{'eval_loss': 0.4265163242816925, 'eval_accuracy': 0.8777821782178218, 'eval_runtime': 310.868, 'eval_samples_per_second': 81.224, 'eval_steps_per_second': 0.637, 'epoch': 7.0}
{'loss': 0.6113, 'learning_rate': 0.004297972972972974, 'epoch': 7.03}
{'loss': 0.5927, 'learning_rate': 0.004291216216216216, 'epoch': 7.09}
{'loss': 0.5695, 'learning_rate': 0.004284459459459459, 'epoch': 7.16}
{'loss': 0.5549, 'learning_rate': 0.004277702702702703, 'epoch': 7.23}
{'loss': 0.5652, 'learning_rate': 0.004270945945945946, 'epoch': 7.3}
{'loss': 0.6007, 'learning_rate': 0.004264189189189189, 'epoch': 7.36}
{'loss': 0.5974, 'learning_rate': 0.004257432432432433, 'epoch': 7.43}
{'loss': 0.6165, 'learning_rate': 0.004250675675675676, 'epoch': 7.5}
{'loss': 0.625, 'learning_rate': 0.004243918918918919, 'epoch': 7.57}
{'loss': 0.6101, 'learning_rate': 0.004237162162162162, 'epoch': 7.64}
{'loss': 0.6519, 'learning_rate': 0.004230405405405405, 'epoch': 7.7}
{'loss': 0.6069, 'learning_rate': 0.004223648648648649, 'epoch': 7.77}
{'loss': 0.6238, 'learning_rate': 0.004216891891891892, 'epoch': 7.84}
{'loss': 0.597, 'learning_rate': 0.004210135135135135, 'epoch': 7.91}
{'loss': 0.6274, 'learning_rate': 0.004203378378378379, 'epoch': 7.97}
{'eval_loss': 0.42111825942993164, 'eval_accuracy': 0.8804356435643564, 'eval_runtime': 317.4943, 'eval_samples_per_second': 79.529, 'eval_steps_per_second': 0.624, 'epoch': 8.0}
{'loss': 0.5344, 'learning_rate': 0.004196621621621622, 'epoch': 8.04}
{'loss': 0.5807, 'learning_rate': 0.004189864864864865, 'epoch': 8.11}
{'loss': 0.5358, 'learning_rate': 0.004183108108108108, 'epoch': 8.18}
{'loss': 0.5366, 'learning_rate': 0.004176351351351352, 'epoch': 8.24}
{'loss': 0.5634, 'learning_rate': 0.0041695945945945945, 'epoch': 8.31}
{'loss': 0.5634, 'learning_rate': 0.004162837837837838, 'epoch': 8.38}
{'loss': 0.5738, 'learning_rate': 0.004156081081081081, 'epoch': 8.45}
{'loss': 0.5835, 'learning_rate': 0.004149324324324325, 'epoch': 8.51}
{'loss': 0.582, 'learning_rate': 0.004142567567567567, 'epoch': 8.58}
{'loss': 0.5821, 'learning_rate': 0.004135810810810811, 'epoch': 8.65}
{'loss': 0.5653, 'learning_rate': 0.004129054054054054, 'epoch': 8.72}
{'loss': 0.5709, 'learning_rate': 0.0041222972972972975, 'epoch': 8.78}
{'loss': 0.566, 'learning_rate': 0.00411554054054054, 'epoch': 8.85}
{'loss': 0.5616, 'learning_rate': 0.004108783783783784, 'epoch': 8.92}
{'loss': 0.6102, 'learning_rate': 0.004102027027027027, 'epoch': 8.99}
{'eval_loss': 0.41235458850860596, 'eval_accuracy': 0.8812673267326733, 'eval_runtime': 306.8342, 'eval_samples_per_second': 82.292, 'eval_steps_per_second': 0.645, 'epoch': 9.0}
{'loss': 0.5404, 'learning_rate': 0.00409527027027027, 'epoch': 9.05}
{'loss': 0.5541, 'learning_rate': 0.004088513513513514, 'epoch': 9.12}
{'loss': 0.5216, 'learning_rate': 0.004081756756756757, 'epoch': 9.19}
{'loss': 0.5482, 'learning_rate': 0.004075, 'epoch': 9.26}
{'loss': 0.5482, 'learning_rate': 0.004068243243243243, 'epoch': 9.32}
{'loss': 0.5514, 'learning_rate': 0.004061486486486486, 'epoch': 9.39}
{'loss': 0.5693, 'learning_rate': 0.00405472972972973, 'epoch': 9.46}
{'loss': 0.5178, 'learning_rate': 0.004047972972972973, 'epoch': 9.53}
{'loss': 0.5763, 'learning_rate': 0.004041216216216216, 'epoch': 9.59}
{'loss': 0.5742, 'learning_rate': 0.00403445945945946, 'epoch': 9.66}
{'loss': 0.5494, 'learning_rate': 0.004027702702702703, 'epoch': 9.73}
{'loss': 0.5926, 'learning_rate': 0.004020945945945945, 'epoch': 9.8}
{'loss': 0.5713, 'learning_rate': 0.004014189189189189, 'epoch': 9.86}
{'loss': 0.5803, 'learning_rate': 0.004007432432432433, 'epoch': 9.93}
{'loss': 0.6048, 'learning_rate': 0.0040006756756756755, 'epoch': 10.0}
{'eval_loss': 0.4305518567562103, 'eval_accuracy': 0.8787722772277228, 'eval_runtime': 303.4994, 'eval_samples_per_second': 83.196, 'eval_steps_per_second': 0.652, 'epoch': 10.0}
{'loss': 0.5132, 'learning_rate': 0.003993918918918919, 'epoch': 10.07}
{'loss': 0.5263, 'learning_rate': 0.003987162162162162, 'epoch': 10.14}
{'loss': 0.5354, 'learning_rate': 0.003980405405405406, 'epoch': 10.2}
{'loss': 0.5401, 'learning_rate': 0.003973648648648649, 'epoch': 10.27}
{'loss': 0.5184, 'learning_rate': 0.003966891891891892, 'epoch': 10.34}
{'loss': 0.5702, 'learning_rate': 0.003960135135135135, 'epoch': 10.41}
{'loss': 0.5291, 'learning_rate': 0.0039533783783783786, 'epoch': 10.47}
{'loss': 0.5333, 'learning_rate': 0.003946621621621621, 'epoch': 10.54}
{'loss': 0.5531, 'learning_rate': 0.003939864864864865, 'epoch': 10.61}
{'loss': 0.5452, 'learning_rate': 0.003933108108108109, 'epoch': 10.68}
{'loss': 0.5311, 'learning_rate': 0.0039263513513513515, 'epoch': 10.74}
{'loss': 0.5705, 'learning_rate': 0.003919594594594595, 'epoch': 10.81}
{'loss': 0.5602, 'learning_rate': 0.003912837837837838, 'epoch': 10.88}
{'loss': 0.5594, 'learning_rate': 0.003906081081081081, 'epoch': 10.95}
{'eval_loss': 0.4102763235569, 'eval_accuracy': 0.8839207920792079, 'eval_runtime': 311.1313, 'eval_samples_per_second': 81.155, 'eval_steps_per_second': 0.636, 'epoch': 11.0}
{'loss': 0.5548, 'learning_rate': 0.0038993243243243244, 'epoch': 11.01}
{'loss': 0.4681, 'learning_rate': 0.0038925675675675676, 'epoch': 11.08}
{'loss': 0.5182, 'learning_rate': 0.003885810810810811, 'epoch': 11.15}
{'loss': 0.4995, 'learning_rate': 0.003879054054054054, 'epoch': 11.22}
{'loss': 0.5124, 'learning_rate': 0.0038722972972972977, 'epoch': 11.28}
{'loss': 0.5006, 'learning_rate': 0.003865540540540541, 'epoch': 11.35}
{'loss': 0.5218, 'learning_rate': 0.003858783783783784, 'epoch': 11.42}
{'loss': 0.4982, 'learning_rate': 0.003852027027027027, 'epoch': 11.49}
{'loss': 0.5555, 'learning_rate': 0.00384527027027027, 'epoch': 11.55}
{'loss': 0.5264, 'learning_rate': 0.0038385135135135134, 'epoch': 11.62}
{'loss': 0.55, 'learning_rate': 0.003831756756756757, 'epoch': 11.69}
{'loss': 0.5332, 'learning_rate': 0.0038250000000000003, 'epoch': 11.76}
{'loss': 0.5503, 'learning_rate': 0.0038182432432432435, 'epoch': 11.82}
{'loss': 0.5656, 'learning_rate': 0.0038114864864864867, 'epoch': 11.89}
{'loss': 0.5396, 'learning_rate': 0.00380472972972973, 'epoch': 11.96}
{'eval_loss': 0.4182794690132141, 'eval_accuracy': 0.8814257425742574, 'eval_runtime': 275.4739, 'eval_samples_per_second': 91.66, 'eval_steps_per_second': 0.719, 'epoch': 12.0}
{'loss': 0.5065, 'learning_rate': 0.0037979729729729727, 'epoch': 12.03}
{'loss': 0.4966, 'learning_rate': 0.003791216216216216, 'epoch': 12.09}
{'loss': 0.5085, 'learning_rate': 0.0037844594594594596, 'epoch': 12.16}
{'loss': 0.4946, 'learning_rate': 0.0037783783783783787, 'epoch': 12.23}
{'loss': 0.4762, 'learning_rate': 0.0037716216216216215, 'epoch': 12.3}
{'loss': 0.4874, 'learning_rate': 0.0037648648648648648, 'epoch': 12.36}
{'loss': 0.4951, 'learning_rate': 0.003758108108108108, 'epoch': 12.43}
{'loss': 0.5132, 'learning_rate': 0.003751351351351351, 'epoch': 12.5}
{'loss': 0.4815, 'learning_rate': 0.003744594594594595, 'epoch': 12.57}
{'loss': 0.5115, 'learning_rate': 0.003737837837837838, 'epoch': 12.64}
{'loss': 0.5254, 'learning_rate': 0.0037310810810810813, 'epoch': 12.7}
{'loss': 0.532, 'learning_rate': 0.0037243243243243246, 'epoch': 12.77}
{'loss': 0.5223, 'learning_rate': 0.0037175675675675673, 'epoch': 12.84}
{'loss': 0.5264, 'learning_rate': 0.0037108108108108106, 'epoch': 12.91}
{'loss': 0.5107, 'learning_rate': 0.0037040540540540542, 'epoch': 12.97}
{'eval_loss': 0.4140145480632782, 'eval_accuracy': 0.8839207920792079, 'eval_runtime': 307.049, 'eval_samples_per_second': 82.234, 'eval_steps_per_second': 0.645, 'epoch': 13.0}
{'loss': 0.478, 'learning_rate': 0.0036972972972972975, 'epoch': 13.04}
{'loss': 0.4543, 'learning_rate': 0.0036905405405405407, 'epoch': 13.11}
{'loss': 0.4762, 'learning_rate': 0.003683783783783784, 'epoch': 13.18}
{'loss': 0.4725, 'learning_rate': 0.003677027027027027, 'epoch': 13.24}
{'loss': 0.464, 'learning_rate': 0.003670270270270271, 'epoch': 13.31}
{'loss': 0.4874, 'learning_rate': 0.003663513513513513, 'epoch': 13.38}
{'loss': 0.4934, 'learning_rate': 0.003656756756756757, 'epoch': 13.45}
{'loss': 0.516, 'learning_rate': 0.00365, 'epoch': 13.51}
{'loss': 0.518, 'learning_rate': 0.0036432432432432433, 'epoch': 13.58}
{'loss': 0.4997, 'learning_rate': 0.0036364864864864865, 'epoch': 13.65}
{'loss': 0.4939, 'learning_rate': 0.0036297297297297297, 'epoch': 13.72}
{'loss': 0.5316, 'learning_rate': 0.0036229729729729734, 'epoch': 13.78}
{'loss': 0.5121, 'learning_rate': 0.0036162162162162166, 'epoch': 13.85}
{'loss': 0.5067, 'learning_rate': 0.0036094594594594594, 'epoch': 13.92}
{'loss': 0.4946, 'learning_rate': 0.0036027027027027026, 'epoch': 13.99}
{'eval_loss': 0.4045238196849823, 'eval_accuracy': 0.8867326732673267, 'eval_runtime': 241.2147, 'eval_samples_per_second': 104.679, 'eval_steps_per_second': 0.821, 'epoch': 14.0}
{'loss': 0.4553, 'learning_rate': 0.003595945945945946, 'epoch': 14.05}
{'loss': 0.4719, 'learning_rate': 0.003589189189189189, 'epoch': 14.12}
{'loss': 0.4521, 'learning_rate': 0.0035824324324324327, 'epoch': 14.19}
{'loss': 0.4847, 'learning_rate': 0.003575675675675676, 'epoch': 14.26}
{'loss': 0.5035, 'learning_rate': 0.003568918918918919, 'epoch': 14.32}
{'loss': 0.4688, 'learning_rate': 0.0035621621621621624, 'epoch': 14.39}
{'loss': 0.4493, 'learning_rate': 0.003555405405405405, 'epoch': 14.46}
{'loss': 0.452, 'learning_rate': 0.0035486486486486484, 'epoch': 14.53}
{'loss': 0.4767, 'learning_rate': 0.003541891891891892, 'epoch': 14.59}
{'loss': 0.466, 'learning_rate': 0.0035351351351351353, 'epoch': 14.66}
{'loss': 0.4998, 'learning_rate': 0.0035283783783783785, 'epoch': 14.73}
{'loss': 0.5115, 'learning_rate': 0.0035216216216216218, 'epoch': 14.8}
{'loss': 0.4906, 'learning_rate': 0.003514864864864865, 'epoch': 14.86}
{'loss': 0.4886, 'learning_rate': 0.0035081081081081086, 'epoch': 14.93}
{'loss': 0.499, 'learning_rate': 0.003501351351351351, 'epoch': 15.0}
{'eval_loss': 0.4048134386539459, 'eval_accuracy': 0.8843168316831683, 'eval_runtime': 353.9479, 'eval_samples_per_second': 71.338, 'eval_steps_per_second': 0.559, 'epoch': 15.0}
{'loss': 0.4613, 'learning_rate': 0.0034945945945945947, 'epoch': 15.07}
{'loss': 0.4474, 'learning_rate': 0.003487837837837838, 'epoch': 15.14}
{'loss': 0.4645, 'learning_rate': 0.003481081081081081, 'epoch': 15.2}
{'loss': 0.4777, 'learning_rate': 0.0034743243243243243, 'epoch': 15.27}
{'loss': 0.4555, 'learning_rate': 0.0034675675675675676, 'epoch': 15.34}
{'loss': 0.4839, 'learning_rate': 0.003460810810810811, 'epoch': 15.41}
{'loss': 0.4804, 'learning_rate': 0.0034540540540540544, 'epoch': 15.47}
{'loss': 0.4705, 'learning_rate': 0.0034472972972972972, 'epoch': 15.54}
{'loss': 0.4708, 'learning_rate': 0.0034405405405405405, 'epoch': 15.61}
{'loss': 0.4774, 'learning_rate': 0.0034337837837837837, 'epoch': 15.68}
{'loss': 0.5324, 'learning_rate': 0.003427027027027027, 'epoch': 15.74}
{'loss': 0.4792, 'learning_rate': 0.0034202702702702706, 'epoch': 15.81}
{'loss': 0.5168, 'learning_rate': 0.003413513513513514, 'epoch': 15.88}
{'loss': 0.5052, 'learning_rate': 0.003406756756756757, 'epoch': 15.95}
{'eval_loss': 0.41659292578697205, 'eval_accuracy': 0.8837623762376238, 'eval_runtime': 305.8908, 'eval_samples_per_second': 82.546, 'eval_steps_per_second': 0.647, 'epoch': 16.0}
{'loss': 0.4745, 'learning_rate': 0.0034000000000000002, 'epoch': 16.01}
{'loss': 0.4618, 'learning_rate': 0.003393243243243243, 'epoch': 16.08}
{'loss': 0.4382, 'learning_rate': 0.0033864864864864863, 'epoch': 16.15}
{'loss': 0.4231, 'learning_rate': 0.0033797297297297295, 'epoch': 16.22}
{'loss': 0.4672, 'learning_rate': 0.003372972972972973, 'epoch': 16.28}
{'loss': 0.439, 'learning_rate': 0.0033662162162162164, 'epoch': 16.35}
{'loss': 0.4604, 'learning_rate': 0.0033594594594594596, 'epoch': 16.42}
{'loss': 0.4275, 'learning_rate': 0.003352702702702703, 'epoch': 16.49}
{'loss': 0.4817, 'learning_rate': 0.003345945945945946, 'epoch': 16.55}
{'loss': 0.4804, 'learning_rate': 0.003339189189189189, 'epoch': 16.62}
{'loss': 0.4701, 'learning_rate': 0.0033324324324324325, 'epoch': 16.69}
{'loss': 0.4861, 'learning_rate': 0.0033256756756756757, 'epoch': 16.76}
{'loss': 0.4791, 'learning_rate': 0.003318918918918919, 'epoch': 16.82}
{'loss': 0.4648, 'learning_rate': 0.003312162162162162, 'epoch': 16.89}
{'loss': 0.4712, 'learning_rate': 0.0033054054054054054, 'epoch': 16.96}
{'eval_loss': 0.41226863861083984, 'eval_accuracy': 0.8851485148514852, 'eval_runtime': 352.2667, 'eval_samples_per_second': 71.679, 'eval_steps_per_second': 0.562, 'epoch': 17.0}
{'loss': 0.4466, 'learning_rate': 0.003298648648648649, 'epoch': 17.03}
{'loss': 0.3974, 'learning_rate': 0.0032918918918918923, 'epoch': 17.09}
{'loss': 0.4347, 'learning_rate': 0.003285135135135135, 'epoch': 17.16}
{'loss': 0.4258, 'learning_rate': 0.0032783783783783783, 'epoch': 17.23}
{'loss': 0.4127, 'learning_rate': 0.0032716216216216215, 'epoch': 17.3}
{'loss': 0.4533, 'learning_rate': 0.0032648648648648648, 'epoch': 17.36}
{'loss': 0.4228, 'learning_rate': 0.0032581081081081084, 'epoch': 17.43}
{'loss': 0.457, 'learning_rate': 0.0032513513513513516, 'epoch': 17.5}
{'loss': 0.4468, 'learning_rate': 0.003244594594594595, 'epoch': 17.57}
{'loss': 0.4376, 'learning_rate': 0.003237837837837838, 'epoch': 17.64}
{'loss': 0.427, 'learning_rate': 0.003231081081081081, 'epoch': 17.7}
{'loss': 0.4363, 'learning_rate': 0.003224324324324324, 'epoch': 17.77}
{'loss': 0.4405, 'learning_rate': 0.0032175675675675673, 'epoch': 17.84}
{'loss': 0.4985, 'learning_rate': 0.003210810810810811, 'epoch': 17.91}
{'loss': 0.4552, 'learning_rate': 0.0032040540540540542, 'epoch': 17.97}
{'eval_loss': 0.4072955250740051, 'eval_accuracy': 0.8871683168316832, 'eval_runtime': 338.1356, 'eval_samples_per_second': 74.674, 'eval_steps_per_second': 0.586, 'epoch': 18.0}
{'loss': 0.4293, 'learning_rate': 0.0031972972972972974, 'epoch': 18.04}
{'loss': 0.4335, 'learning_rate': 0.0031905405405405407, 'epoch': 18.11}
{'loss': 0.4341, 'learning_rate': 0.003183783783783784, 'epoch': 18.18}
{'loss': 0.4227, 'learning_rate': 0.0031770270270270267, 'epoch': 18.24}
{'loss': 0.4231, 'learning_rate': 0.0031702702702702703, 'epoch': 18.31}
{'loss': 0.4193, 'learning_rate': 0.0031635135135135136, 'epoch': 18.38}
{'loss': 0.4495, 'learning_rate': 0.003156756756756757, 'epoch': 18.45}
{'loss': 0.4019, 'learning_rate': 0.00315, 'epoch': 18.51}
{'loss': 0.4336, 'learning_rate': 0.0031432432432432432, 'epoch': 18.58}
{'loss': 0.4319, 'learning_rate': 0.003136486486486487, 'epoch': 18.65}
{'loss': 0.4429, 'learning_rate': 0.00312972972972973, 'epoch': 18.72}
{'loss': 0.4358, 'learning_rate': 0.003122972972972973, 'epoch': 18.78}
{'loss': 0.4334, 'learning_rate': 0.003116216216216216, 'epoch': 18.85}
{'loss': 0.4229, 'learning_rate': 0.0031094594594594594, 'epoch': 18.92}
{'loss': 0.4395, 'learning_rate': 0.0031027027027027026, 'epoch': 18.99}
{'eval_loss': 0.4110412299633026, 'eval_accuracy': 0.8861386138613861, 'eval_runtime': 359.9297, 'eval_samples_per_second': 70.153, 'eval_steps_per_second': 0.55, 'epoch': 19.0}
{'loss': 0.3893, 'learning_rate': 0.003095945945945946, 'epoch': 19.05}
{'loss': 0.3936, 'learning_rate': 0.0030891891891891895, 'epoch': 19.12}
{'loss': 0.4139, 'learning_rate': 0.0030824324324324327, 'epoch': 19.19}
{'loss': 0.4323, 'learning_rate': 0.003075675675675676, 'epoch': 19.26}
{'loss': 0.4389, 'learning_rate': 0.0030689189189189187, 'epoch': 19.32}
{'loss': 0.4286, 'learning_rate': 0.003062162162162162, 'epoch': 19.39}
{'loss': 0.4344, 'learning_rate': 0.003055405405405405, 'epoch': 19.46}
{'loss': 0.4541, 'learning_rate': 0.003048648648648649, 'epoch': 19.53}
{'loss': 0.4267, 'learning_rate': 0.003041891891891892, 'epoch': 19.59}
{'loss': 0.4335, 'learning_rate': 0.0030351351351351353, 'epoch': 19.66}
{'loss': 0.4192, 'learning_rate': 0.0030283783783783785, 'epoch': 19.73}
{'loss': 0.41, 'learning_rate': 0.0030216216216216217, 'epoch': 19.8}
{'loss': 0.4603, 'learning_rate': 0.0030148648648648645, 'epoch': 19.86}
{'loss': 0.4261, 'learning_rate': 0.003008108108108108, 'epoch': 19.93}
{'loss': 0.4247, 'learning_rate': 0.0030013513513513514, 'epoch': 20.0}
{'eval_loss': 0.405401349067688, 'eval_accuracy': 0.8885544554455446, 'eval_runtime': 343.1282, 'eval_samples_per_second': 73.588, 'eval_steps_per_second': 0.577, 'epoch': 20.0}
{'loss': 0.3816, 'learning_rate': 0.0029945945945945946, 'epoch': 20.07}
{'loss': 0.4012, 'learning_rate': 0.002987837837837838, 'epoch': 20.14}
{'loss': 0.3904, 'learning_rate': 0.002981081081081081, 'epoch': 20.2}
{'loss': 0.416, 'learning_rate': 0.0029743243243243248, 'epoch': 20.27}
{'loss': 0.3803, 'learning_rate': 0.002967567567567568, 'epoch': 20.34}
{'loss': 0.4132, 'learning_rate': 0.0029608108108108108, 'epoch': 20.41}
{'loss': 0.3958, 'learning_rate': 0.002954054054054054, 'epoch': 20.47}
{'loss': 0.4167, 'learning_rate': 0.0029472972972972972, 'epoch': 20.54}
{'loss': 0.4234, 'learning_rate': 0.0029405405405405404, 'epoch': 20.61}
{'loss': 0.4488, 'learning_rate': 0.0029337837837837837, 'epoch': 20.68}
{'loss': 0.4181, 'learning_rate': 0.0029270270270270273, 'epoch': 20.74}
{'loss': 0.4287, 'learning_rate': 0.0029202702702702706, 'epoch': 20.81}
{'loss': 0.4301, 'learning_rate': 0.0029135135135135138, 'epoch': 20.88}
{'loss': 0.4178, 'learning_rate': 0.0029067567567567566, 'epoch': 20.95}
{'eval_loss': 0.4142182171344757, 'eval_accuracy': 0.8871683168316832, 'eval_runtime': 306.7327, 'eval_samples_per_second': 82.319, 'eval_steps_per_second': 0.646, 'epoch': 21.0}
{'loss': 0.4028, 'learning_rate': 0.0029, 'epoch': 21.01}
{'loss': 0.3642, 'learning_rate': 0.002893243243243243, 'epoch': 21.08}
{'loss': 0.3914, 'learning_rate': 0.0028864864864864867, 'epoch': 21.15}
{'loss': 0.4008, 'learning_rate': 0.00287972972972973, 'epoch': 21.22}
{'loss': 0.3824, 'learning_rate': 0.002872972972972973, 'epoch': 21.28}
{'loss': 0.4014, 'learning_rate': 0.0028662162162162164, 'epoch': 21.35}
{'loss': 0.3948, 'learning_rate': 0.0028594594594594596, 'epoch': 21.42}
{'loss': 0.4208, 'learning_rate': 0.0028527027027027024, 'epoch': 21.49}
{'loss': 0.426, 'learning_rate': 0.0028459459459459456, 'epoch': 21.55}
{'loss': 0.3979, 'learning_rate': 0.0028391891891891893, 'epoch': 21.62}
{'loss': 0.4129, 'learning_rate': 0.0028324324324324325, 'epoch': 21.69}
{'loss': 0.4205, 'learning_rate': 0.0028256756756756757, 'epoch': 21.76}
{'loss': 0.4305, 'learning_rate': 0.002818918918918919, 'epoch': 21.82}
{'loss': 0.4305, 'learning_rate': 0.002812162162162162, 'epoch': 21.89}
{'loss': 0.419, 'learning_rate': 0.002805405405405406, 'epoch': 21.96}
{'eval_loss': 0.4103546142578125, 'eval_accuracy': 0.8868910891089109, 'eval_runtime': 351.9426, 'eval_samples_per_second': 71.745, 'eval_steps_per_second': 0.563, 'epoch': 22.0}
{'loss': 0.4016, 'learning_rate': 0.0027986486486486486, 'epoch': 22.03}
{'loss': 0.3847, 'learning_rate': 0.002791891891891892, 'epoch': 22.09}
{'loss': 0.3748, 'learning_rate': 0.002785135135135135, 'epoch': 22.16}
{'loss': 0.3655, 'learning_rate': 0.0027783783783783783, 'epoch': 22.23}
{'loss': 0.389, 'learning_rate': 0.0027716216216216215, 'epoch': 22.3}
{'loss': 0.3977, 'learning_rate': 0.002764864864864865, 'epoch': 22.36}
{'loss': 0.3715, 'learning_rate': 0.0027581081081081084, 'epoch': 22.43}
{'loss': 0.3859, 'learning_rate': 0.0027513513513513516, 'epoch': 22.5}
{'loss': 0.3858, 'learning_rate': 0.002744594594594595, 'epoch': 22.57}
{'loss': 0.4057, 'learning_rate': 0.0027378378378378376, 'epoch': 22.64}
{'loss': 0.3953, 'learning_rate': 0.002731081081081081, 'epoch': 22.7}
{'loss': 0.4231, 'learning_rate': 0.002724324324324324, 'epoch': 22.77}
{'loss': 0.3734, 'learning_rate': 0.0027175675675675678, 'epoch': 22.84}
{'loss': 0.4135, 'learning_rate': 0.002710810810810811, 'epoch': 22.91}
{'loss': 0.4183, 'learning_rate': 0.002704054054054054, 'epoch': 22.97}
{'eval_loss': 0.4176351726055145, 'eval_accuracy': 0.8858217821782178, 'eval_runtime': 271.897, 'eval_samples_per_second': 92.866, 'eval_steps_per_second': 0.728, 'epoch': 23.0}
{'loss': 0.4029, 'learning_rate': 0.0026972972972972974, 'epoch': 23.04}
{'loss': 0.3834, 'learning_rate': 0.0026905405405405407, 'epoch': 23.11}
{'loss': 0.3883, 'learning_rate': 0.0026837837837837835, 'epoch': 23.18}
{'loss': 0.3807, 'learning_rate': 0.002677027027027027, 'epoch': 23.24}
{'loss': 0.3559, 'learning_rate': 0.0026702702702702703, 'epoch': 23.31}
{'loss': 0.3868, 'learning_rate': 0.0026635135135135136, 'epoch': 23.38}
{'loss': 0.4262, 'learning_rate': 0.002656756756756757, 'epoch': 23.45}
{'loss': 0.3843, 'learning_rate': 0.00265, 'epoch': 23.51}
{'loss': 0.3992, 'learning_rate': 0.0026432432432432437, 'epoch': 23.58}
{'loss': 0.3828, 'learning_rate': 0.002636486486486487, 'epoch': 23.65}
{'loss': 0.3717, 'learning_rate': 0.0026297297297297297, 'epoch': 23.72}
{'loss': 0.4067, 'learning_rate': 0.002622972972972973, 'epoch': 23.78}
{'loss': 0.3992, 'learning_rate': 0.002616216216216216, 'epoch': 23.85}
{'loss': 0.4002, 'learning_rate': 0.0026094594594594594, 'epoch': 23.92}
{'loss': 0.4102, 'learning_rate': 0.002602702702702703, 'epoch': 23.99}
{'eval_loss': 0.4145188331604004, 'eval_accuracy': 0.8865346534653465, 'eval_runtime': 344.439, 'eval_samples_per_second': 73.308, 'eval_steps_per_second': 0.575, 'epoch': 24.0}
{'loss': 0.3524, 'learning_rate': 0.0025959459459459462, 'epoch': 24.05}
{'loss': 0.3652, 'learning_rate': 0.0025891891891891895, 'epoch': 24.12}
{'loss': 0.3774, 'learning_rate': 0.0025824324324324327, 'epoch': 24.19}
{'loss': 0.3659, 'learning_rate': 0.0025756756756756755, 'epoch': 24.26}
{'loss': 0.3631, 'learning_rate': 0.0025689189189189187, 'epoch': 24.32}
{'loss': 0.3729, 'learning_rate': 0.002562162162162162, 'epoch': 24.39}
{'loss': 0.3775, 'learning_rate': 0.0025554054054054056, 'epoch': 24.46}
{'loss': 0.3601, 'learning_rate': 0.002548648648648649, 'epoch': 24.53}
{'loss': 0.3533, 'learning_rate': 0.002541891891891892, 'epoch': 24.59}
{'loss': 0.3681, 'learning_rate': 0.0025351351351351353, 'epoch': 24.66}
{'loss': 0.3911, 'learning_rate': 0.0025283783783783785, 'epoch': 24.73}
{'loss': 0.3843, 'learning_rate': 0.0025216216216216213, 'epoch': 24.8}
{'loss': 0.3872, 'learning_rate': 0.002514864864864865, 'epoch': 24.86}
{'loss': 0.3654, 'learning_rate': 0.002508108108108108, 'epoch': 24.93}
{'loss': 0.4103, 'learning_rate': 0.0025013513513513514, 'epoch': 25.0}
{'eval_loss': 0.4066251218318939, 'eval_accuracy': 0.8887524752475248, 'eval_runtime': 302.5243, 'eval_samples_per_second': 83.464, 'eval_steps_per_second': 0.654, 'epoch': 25.0}
{'loss': 0.3287, 'learning_rate': 0.0024945945945945946, 'epoch': 25.07}
{'loss': 0.3551, 'learning_rate': 0.002487837837837838, 'epoch': 25.14}
{'loss': 0.3341, 'learning_rate': 0.002481081081081081, 'epoch': 25.2}
{'loss': 0.346, 'learning_rate': 0.0024743243243243243, 'epoch': 25.27}
{'loss': 0.333, 'learning_rate': 0.0024675675675675675, 'epoch': 25.34}
{'loss': 0.3558, 'learning_rate': 0.002460810810810811, 'epoch': 25.41}
{'loss': 0.3526, 'learning_rate': 0.002454054054054054, 'epoch': 25.47}
{'loss': 0.3542, 'learning_rate': 0.002447297297297297, 'epoch': 25.54}
{'loss': 0.3911, 'learning_rate': 0.0024405405405405404, 'epoch': 25.61}
{'loss': 0.3659, 'learning_rate': 0.002433783783783784, 'epoch': 25.68}
{'loss': 0.3691, 'learning_rate': 0.002427027027027027, 'epoch': 25.74}
{'loss': 0.3885, 'learning_rate': 0.00242027027027027, 'epoch': 25.81}
{'loss': 0.3692, 'learning_rate': 0.0024135135135135138, 'epoch': 25.88}
{'loss': 0.3846, 'learning_rate': 0.002406756756756757, 'epoch': 25.95}
{'eval_loss': 0.410593181848526, 'eval_accuracy': 0.8895049504950495, 'eval_runtime': 345.9483, 'eval_samples_per_second': 72.988, 'eval_steps_per_second': 0.572, 'epoch': 26.0}
{'loss': 0.3591, 'learning_rate': 0.0024, 'epoch': 26.01}
{'loss': 0.3246, 'learning_rate': 0.0023932432432432434, 'epoch': 26.08}
{'loss': 0.3278, 'learning_rate': 0.0023864864864864867, 'epoch': 26.15}
{'loss': 0.3189, 'learning_rate': 0.00237972972972973, 'epoch': 26.22}
{'loss': 0.345, 'learning_rate': 0.002372972972972973, 'epoch': 26.28}
{'loss': 0.3502, 'learning_rate': 0.0023662162162162164, 'epoch': 26.35}
{'loss': 0.3489, 'learning_rate': 0.0023594594594594596, 'epoch': 26.42}
{'loss': 0.3461, 'learning_rate': 0.002352702702702703, 'epoch': 26.49}
{'loss': 0.3515, 'learning_rate': 0.002345945945945946, 'epoch': 26.55}
{'loss': 0.3336, 'learning_rate': 0.0023391891891891893, 'epoch': 26.62}
{'loss': 0.335, 'learning_rate': 0.0023324324324324325, 'epoch': 26.69}
{'loss': 0.3607, 'learning_rate': 0.0023256756756756757, 'epoch': 26.76}
{'loss': 0.3392, 'learning_rate': 0.002318918918918919, 'epoch': 26.82}
{'loss': 0.3484, 'learning_rate': 0.002312162162162162, 'epoch': 26.89}
{'loss': 0.3542, 'learning_rate': 0.0023054054054054054, 'epoch': 26.96}
{'eval_loss': 0.4094178378582001, 'eval_accuracy': 0.8893069306930693, 'eval_runtime': 318.8999, 'eval_samples_per_second': 79.178, 'eval_steps_per_second': 0.621, 'epoch': 27.0}
{'loss': 0.354, 'learning_rate': 0.0022986486486486486, 'epoch': 27.03}
{'loss': 0.3313, 'learning_rate': 0.002291891891891892, 'epoch': 27.09}
{'loss': 0.3446, 'learning_rate': 0.002285135135135135, 'epoch': 27.16}
{'loss': 0.3223, 'learning_rate': 0.0022783783783783783, 'epoch': 27.23}
{'loss': 0.3327, 'learning_rate': 0.002271621621621622, 'epoch': 27.3}
{'loss': 0.3437, 'learning_rate': 0.0022648648648648647, 'epoch': 27.36}
{'loss': 0.3582, 'learning_rate': 0.002258108108108108, 'epoch': 27.43}
{'loss': 0.3536, 'learning_rate': 0.0022513513513513516, 'epoch': 27.5}
{'loss': 0.3392, 'learning_rate': 0.002244594594594595, 'epoch': 27.57}
{'loss': 0.3495, 'learning_rate': 0.0022378378378378376, 'epoch': 27.64}
{'loss': 0.3319, 'learning_rate': 0.0022310810810810813, 'epoch': 27.7}
{'loss': 0.3724, 'learning_rate': 0.0022243243243243245, 'epoch': 27.77}
{'loss': 0.3223, 'learning_rate': 0.0022175675675675677, 'epoch': 27.84}
{'loss': 0.3593, 'learning_rate': 0.002210810810810811, 'epoch': 27.91}
{'loss': 0.336, 'learning_rate': 0.002204054054054054, 'epoch': 27.97}
{'eval_loss': 0.40570756793022156, 'eval_accuracy': 0.8920792079207921, 'eval_runtime': 344.7125, 'eval_samples_per_second': 73.249, 'eval_steps_per_second': 0.574, 'epoch': 28.0}
{'loss': 0.3163, 'learning_rate': 0.0021972972972972974, 'epoch': 28.04}
{'loss': 0.3184, 'learning_rate': 0.0021905405405405406, 'epoch': 28.11}
{'loss': 0.3375, 'learning_rate': 0.002183783783783784, 'epoch': 28.18}
{'loss': 0.3398, 'learning_rate': 0.002177027027027027, 'epoch': 28.24}
{'loss': 0.3218, 'learning_rate': 0.0021702702702702703, 'epoch': 28.31}
{'loss': 0.317, 'learning_rate': 0.0021635135135135136, 'epoch': 28.38}
{'loss': 0.3582, 'learning_rate': 0.0021567567567567568, 'epoch': 28.45}
{'loss': 0.3206, 'learning_rate': 0.00215, 'epoch': 28.51}
{'loss': 0.3215, 'learning_rate': 0.0021432432432432432, 'epoch': 28.58}
{'loss': 0.3163, 'learning_rate': 0.0021364864864864865, 'epoch': 28.65}
{'loss': 0.3169, 'learning_rate': 0.0021297297297297297, 'epoch': 28.72}
{'loss': 0.3354, 'learning_rate': 0.002122972972972973, 'epoch': 28.78}
{'loss': 0.3731, 'learning_rate': 0.002116216216216216, 'epoch': 28.85}
{'loss': 0.3448, 'learning_rate': 0.00210945945945946, 'epoch': 28.92}
{'loss': 0.3422, 'learning_rate': 0.0021027027027027026, 'epoch': 28.99}
{'eval_loss': 0.4101414680480957, 'eval_accuracy': 0.8912079207920792, 'eval_runtime': 332.0338, 'eval_samples_per_second': 76.046, 'eval_steps_per_second': 0.596, 'epoch': 29.0}
{'loss': 0.313, 'learning_rate': 0.002095945945945946, 'epoch': 29.05}
{'loss': 0.2994, 'learning_rate': 0.0020891891891891895, 'epoch': 29.12}
{'loss': 0.3023, 'learning_rate': 0.0020824324324324327, 'epoch': 29.19}
{'loss': 0.3278, 'learning_rate': 0.0020756756756756755, 'epoch': 29.26}
{'loss': 0.3226, 'learning_rate': 0.0020689189189189187, 'epoch': 29.32}
{'loss': 0.329, 'learning_rate': 0.0020621621621621624, 'epoch': 29.39}
{'loss': 0.31, 'learning_rate': 0.0020554054054054056, 'epoch': 29.46}
{'loss': 0.3038, 'learning_rate': 0.0020486486486486484, 'epoch': 29.53}
{'loss': 0.3264, 'learning_rate': 0.002041891891891892, 'epoch': 29.59}
{'loss': 0.3145, 'learning_rate': 0.0020351351351351353, 'epoch': 29.66}
{'loss': 0.3437, 'learning_rate': 0.0020283783783783785, 'epoch': 29.73}
{'loss': 0.3053, 'learning_rate': 0.0020216216216216217, 'epoch': 29.8}
{'loss': 0.3279, 'learning_rate': 0.002014864864864865, 'epoch': 29.86}
{'loss': 0.3184, 'learning_rate': 0.002008108108108108, 'epoch': 29.93}
{'loss': 0.3293, 'learning_rate': 0.0020013513513513514, 'epoch': 30.0}
{'eval_loss': 0.40646523237228394, 'eval_accuracy': 0.890930693069307, 'eval_runtime': 352.6594, 'eval_samples_per_second': 71.599, 'eval_steps_per_second': 0.561, 'epoch': 30.0}
{'loss': 0.2979, 'learning_rate': 0.0019945945945945946, 'epoch': 30.07}
{'loss': 0.3035, 'learning_rate': 0.001987837837837838, 'epoch': 30.14}
{'loss': 0.3156, 'learning_rate': 0.001981081081081081, 'epoch': 30.2}
{'loss': 0.3124, 'learning_rate': 0.0019743243243243243, 'epoch': 30.27}
{'loss': 0.3066, 'learning_rate': 0.0019675675675675675, 'epoch': 30.34}
{'loss': 0.3243, 'learning_rate': 0.0019608108108108107, 'epoch': 30.41}
{'loss': 0.3145, 'learning_rate': 0.001954054054054054, 'epoch': 30.47}
{'loss': 0.308, 'learning_rate': 0.0019472972972972974, 'epoch': 30.54}
{'loss': 0.3168, 'learning_rate': 0.0019405405405405404, 'epoch': 30.61}
{'loss': 0.336, 'learning_rate': 0.0019337837837837839, 'epoch': 30.68}
{'loss': 0.3169, 'learning_rate': 0.001927027027027027, 'epoch': 30.74}
{'loss': 0.3079, 'learning_rate': 0.0019202702702702703, 'epoch': 30.81}
{'loss': 0.3098, 'learning_rate': 0.0019135135135135135, 'epoch': 30.88}
{'loss': 0.325, 'learning_rate': 0.0019067567567567568, 'epoch': 30.95}
{'eval_loss': 0.40807873010635376, 'eval_accuracy': 0.8920792079207921, 'eval_runtime': 347.3771, 'eval_samples_per_second': 72.688, 'eval_steps_per_second': 0.57, 'epoch': 31.0}
{'loss': 0.3041, 'learning_rate': 0.0019, 'epoch': 31.01}
{'loss': 0.3039, 'learning_rate': 0.0018932432432432434, 'epoch': 31.08}
{'loss': 0.2925, 'learning_rate': 0.0018864864864864864, 'epoch': 31.15}
{'loss': 0.2977, 'learning_rate': 0.0018797297297297297, 'epoch': 31.22}
{'loss': 0.3116, 'learning_rate': 0.0018729729729729731, 'epoch': 31.28}
{'loss': 0.305, 'learning_rate': 0.0018662162162162163, 'epoch': 31.35}
{'loss': 0.3222, 'learning_rate': 0.0018594594594594593, 'epoch': 31.42}
{'loss': 0.3217, 'learning_rate': 0.0018527027027027028, 'epoch': 31.49}
{'loss': 0.2968, 'learning_rate': 0.001845945945945946, 'epoch': 31.55}
{'loss': 0.3343, 'learning_rate': 0.0018391891891891892, 'epoch': 31.62}
{'loss': 0.3161, 'learning_rate': 0.0018324324324324323, 'epoch': 31.69}
{'loss': 0.2947, 'learning_rate': 0.0018256756756756757, 'epoch': 31.76}
{'loss': 0.302, 'learning_rate': 0.001818918918918919, 'epoch': 31.82}
{'loss': 0.3116, 'learning_rate': 0.0018121621621621624, 'epoch': 31.89}
{'loss': 0.3059, 'learning_rate': 0.0018054054054054054, 'epoch': 31.96}
{'eval_loss': 0.4125004708766937, 'eval_accuracy': 0.8925544554455446, 'eval_runtime': 251.6312, 'eval_samples_per_second': 100.345, 'eval_steps_per_second': 0.787, 'epoch': 32.0}
{'loss': 0.3044, 'learning_rate': 0.0017986486486486486, 'epoch': 32.03}
{'loss': 0.2731, 'learning_rate': 0.001791891891891892, 'epoch': 32.09}
{'loss': 0.3114, 'learning_rate': 0.0017851351351351353, 'epoch': 32.16}
{'loss': 0.3039, 'learning_rate': 0.0017783783783783783, 'epoch': 32.23}
{'loss': 0.3143, 'learning_rate': 0.0017716216216216215, 'epoch': 32.3}
{'loss': 0.2999, 'learning_rate': 0.001764864864864865, 'epoch': 32.36}
{'loss': 0.2924, 'learning_rate': 0.0017581081081081082, 'epoch': 32.43}
{'loss': 0.3367, 'learning_rate': 0.0017513513513513512, 'epoch': 32.5}
{'loss': 0.2957, 'learning_rate': 0.0017445945945945946, 'epoch': 32.57}
{'loss': 0.3118, 'learning_rate': 0.0017378378378378378, 'epoch': 32.64}
{'loss': 0.3027, 'learning_rate': 0.0017310810810810813, 'epoch': 32.7}
{'loss': 0.307, 'learning_rate': 0.0017243243243243243, 'epoch': 32.77}
{'loss': 0.3067, 'learning_rate': 0.0017175675675675675, 'epoch': 32.84}
{'loss': 0.2983, 'learning_rate': 0.001710810810810811, 'epoch': 32.91}
{'loss': 0.3183, 'learning_rate': 0.0017040540540540542, 'epoch': 32.97}
{'eval_loss': 0.41237005591392517, 'eval_accuracy': 0.8921584158415842, 'eval_runtime': 341.0277, 'eval_samples_per_second': 74.041, 'eval_steps_per_second': 0.581, 'epoch': 33.0}
{'loss': 0.2692, 'learning_rate': 0.0016972972972972972, 'epoch': 33.04}
{'loss': 0.286, 'learning_rate': 0.0016905405405405404, 'epoch': 33.11}
{'loss': 0.2739, 'learning_rate': 0.0016837837837837839, 'epoch': 33.18}
{'loss': 0.2971, 'learning_rate': 0.001677027027027027, 'epoch': 33.24}
{'loss': 0.2743, 'learning_rate': 0.00167027027027027, 'epoch': 33.31}
{'loss': 0.2781, 'learning_rate': 0.0016635135135135135, 'epoch': 33.38}
{'loss': 0.2856, 'learning_rate': 0.0016567567567567568, 'epoch': 33.45}
{'loss': 0.293, 'learning_rate': 0.0016500000000000002, 'epoch': 33.51}
{'loss': 0.2962, 'learning_rate': 0.0016432432432432432, 'epoch': 33.58}
{'loss': 0.2955, 'learning_rate': 0.0016364864864864864, 'epoch': 33.65}
{'loss': 0.3037, 'learning_rate': 0.0016297297297297297, 'epoch': 33.72}
{'loss': 0.2815, 'learning_rate': 0.0016229729729729731, 'epoch': 33.78}
{'loss': 0.2794, 'learning_rate': 0.0016162162162162161, 'epoch': 33.85}
{'loss': 0.3047, 'learning_rate': 0.0016094594594594593, 'epoch': 33.92}
{'loss': 0.2933, 'learning_rate': 0.0016027027027027028, 'epoch': 33.99}
{'eval_loss': 0.4095834493637085, 'eval_accuracy': 0.8937029702970297, 'eval_runtime': 341.6372, 'eval_samples_per_second': 73.909, 'eval_steps_per_second': 0.58, 'epoch': 34.0}
{'loss': 0.3066, 'learning_rate': 0.001595945945945946, 'epoch': 34.05}
{'loss': 0.2493, 'learning_rate': 0.001589189189189189, 'epoch': 34.12}
{'loss': 0.2831, 'learning_rate': 0.0015824324324324325, 'epoch': 34.19}
{'loss': 0.2584, 'learning_rate': 0.0015756756756756757, 'epoch': 34.26}
{'loss': 0.2801, 'learning_rate': 0.0015689189189189191, 'epoch': 34.32}
{'loss': 0.2824, 'learning_rate': 0.0015621621621621621, 'epoch': 34.39}
{'loss': 0.2669, 'learning_rate': 0.0015554054054054054, 'epoch': 34.46}
{'loss': 0.2915, 'learning_rate': 0.0015486486486486486, 'epoch': 34.53}
{'loss': 0.2967, 'learning_rate': 0.001541891891891892, 'epoch': 34.59}
{'loss': 0.2873, 'learning_rate': 0.001535135135135135, 'epoch': 34.66}
{'loss': 0.2651, 'learning_rate': 0.0015283783783783783, 'epoch': 34.73}
{'loss': 0.2851, 'learning_rate': 0.0015216216216216217, 'epoch': 34.8}
{'loss': 0.2729, 'learning_rate': 0.001514864864864865, 'epoch': 34.86}
{'loss': 0.2777, 'learning_rate': 0.001508108108108108, 'epoch': 34.93}
{'loss': 0.3153, 'learning_rate': 0.0015013513513513514, 'epoch': 35.0}
{'eval_loss': 0.4140373170375824, 'eval_accuracy': 0.8912079207920792, 'eval_runtime': 344.8432, 'eval_samples_per_second': 73.222, 'eval_steps_per_second': 0.574, 'epoch': 35.0}
{'loss': 0.3024, 'learning_rate': 0.0014945945945945946, 'epoch': 35.07}
{'loss': 0.261, 'learning_rate': 0.0014878378378378378, 'epoch': 35.14}
{'loss': 0.2757, 'learning_rate': 0.0014810810810810813, 'epoch': 35.2}
{'loss': 0.2838, 'learning_rate': 0.0014743243243243243, 'epoch': 35.27}
{'loss': 0.2897, 'learning_rate': 0.0014675675675675675, 'epoch': 35.34}
{'loss': 0.2751, 'learning_rate': 0.001460810810810811, 'epoch': 35.41}
{'loss': 0.2715, 'learning_rate': 0.0014540540540540542, 'epoch': 35.47}
{'loss': 0.2822, 'learning_rate': 0.0014472972972972972, 'epoch': 35.54}
{'loss': 0.2883, 'learning_rate': 0.0014405405405405406, 'epoch': 35.61}
{'loss': 0.3069, 'learning_rate': 0.0014337837837837839, 'epoch': 35.68}
{'loss': 0.286, 'learning_rate': 0.001427027027027027, 'epoch': 35.74}
{'loss': 0.2752, 'learning_rate': 0.0014202702702702703, 'epoch': 35.81}
{'loss': 0.2952, 'learning_rate': 0.0014135135135135135, 'epoch': 35.88}
{'loss': 0.2872, 'learning_rate': 0.0014067567567567568, 'epoch': 35.95}
{'eval_loss': 0.40686124563217163, 'eval_accuracy': 0.8936237623762376, 'eval_runtime': 292.3819, 'eval_samples_per_second': 86.36, 'eval_steps_per_second': 0.677, 'epoch': 36.0}
{'loss': 0.2861, 'learning_rate': 0.0014000000000000002, 'epoch': 36.01}
{'loss': 0.2558, 'learning_rate': 0.0013932432432432432, 'epoch': 36.08}
{'loss': 0.2656, 'learning_rate': 0.0013864864864864864, 'epoch': 36.15}
{'loss': 0.2579, 'learning_rate': 0.0013797297297297299, 'epoch': 36.22}
{'loss': 0.2906, 'learning_rate': 0.001372972972972973, 'epoch': 36.28}
{'loss': 0.2869, 'learning_rate': 0.0013662162162162161, 'epoch': 36.35}
{'loss': 0.2781, 'learning_rate': 0.0013594594594594596, 'epoch': 36.42}
{'loss': 0.2601, 'learning_rate': 0.0013527027027027028, 'epoch': 36.49}
{'loss': 0.2565, 'learning_rate': 0.001345945945945946, 'epoch': 36.55}
{'loss': 0.2853, 'learning_rate': 0.0013391891891891892, 'epoch': 36.62}
{'loss': 0.2595, 'learning_rate': 0.0013324324324324325, 'epoch': 36.69}
{'loss': 0.2742, 'learning_rate': 0.0013256756756756757, 'epoch': 36.76}
{'loss': 0.2817, 'learning_rate': 0.0013189189189189191, 'epoch': 36.82}
{'loss': 0.2932, 'learning_rate': 0.0013121621621621621, 'epoch': 36.89}
{'loss': 0.2847, 'learning_rate': 0.0013054054054054054, 'epoch': 36.96}
{'eval_loss': 0.41167816519737244, 'eval_accuracy': 0.8923564356435644, 'eval_runtime': 353.8186, 'eval_samples_per_second': 71.364, 'eval_steps_per_second': 0.56, 'epoch': 37.0}
{'loss': 0.2758, 'learning_rate': 0.0012986486486486488, 'epoch': 37.03}
{'loss': 0.2759, 'learning_rate': 0.001291891891891892, 'epoch': 37.09}
{'loss': 0.2555, 'learning_rate': 0.001285135135135135, 'epoch': 37.16}
{'loss': 0.2688, 'learning_rate': 0.0012783783783783785, 'epoch': 37.23}
{'loss': 0.2716, 'learning_rate': 0.0012716216216216217, 'epoch': 37.3}
{'loss': 0.26, 'learning_rate': 0.001264864864864865, 'epoch': 37.36}
{'loss': 0.2625, 'learning_rate': 0.0012581081081081082, 'epoch': 37.43}
{'loss': 0.278, 'learning_rate': 0.0012513513513513514, 'epoch': 37.5}
{'loss': 0.2591, 'learning_rate': 0.0012445945945945946, 'epoch': 37.57}
{'loss': 0.2543, 'learning_rate': 0.0012378378378378378, 'epoch': 37.64}
{'loss': 0.2599, 'learning_rate': 0.001231081081081081, 'epoch': 37.7}
{'loss': 0.2444, 'learning_rate': 0.0012243243243243243, 'epoch': 37.77}
{'loss': 0.2663, 'learning_rate': 0.0012175675675675677, 'epoch': 37.84}
{'loss': 0.2703, 'learning_rate': 0.0012108108108108107, 'epoch': 37.91}
{'loss': 0.2786, 'learning_rate': 0.0012040540540540542, 'epoch': 37.97}
{'eval_loss': 0.40667128562927246, 'eval_accuracy': 0.8933069306930693, 'eval_runtime': 323.8328, 'eval_samples_per_second': 77.972, 'eval_steps_per_second': 0.611, 'epoch': 38.0}
{'loss': 0.2567, 'learning_rate': 0.0011972972972972974, 'epoch': 38.04}
{'loss': 0.2544, 'learning_rate': 0.0011905405405405406, 'epoch': 38.11}
{'loss': 0.2658, 'learning_rate': 0.0011837837837837839, 'epoch': 38.18}
{'loss': 0.2647, 'learning_rate': 0.001177027027027027, 'epoch': 38.24}
{'loss': 0.2661, 'learning_rate': 0.0011702702702702703, 'epoch': 38.31}
{'loss': 0.2692, 'learning_rate': 0.0011635135135135135, 'epoch': 38.38}
{'loss': 0.2756, 'learning_rate': 0.0011567567567567568, 'epoch': 38.45}
{'loss': 0.2668, 'learning_rate': 0.00115, 'epoch': 38.51}
{'loss': 0.2639, 'learning_rate': 0.0011432432432432432, 'epoch': 38.58}
{'loss': 0.257, 'learning_rate': 0.0011364864864864866, 'epoch': 38.65}
{'loss': 0.2658, 'learning_rate': 0.0011297297297297297, 'epoch': 38.72}
{'loss': 0.2944, 'learning_rate': 0.001122972972972973, 'epoch': 38.78}
{'loss': 0.2368, 'learning_rate': 0.0011162162162162163, 'epoch': 38.85}
{'loss': 0.2516, 'learning_rate': 0.0011094594594594596, 'epoch': 38.92}
{'loss': 0.2777, 'learning_rate': 0.0011027027027027028, 'epoch': 38.99}
{'eval_loss': 0.4053996503353119, 'eval_accuracy': 0.8948514851485149, 'eval_runtime': 322.6184, 'eval_samples_per_second': 78.266, 'eval_steps_per_second': 0.614, 'epoch': 39.0}
{'loss': 0.2651, 'learning_rate': 0.001095945945945946, 'epoch': 39.05}
{'loss': 0.2393, 'learning_rate': 0.0010891891891891892, 'epoch': 39.12}
{'loss': 0.2557, 'learning_rate': 0.0010824324324324325, 'epoch': 39.19}
{'loss': 0.2448, 'learning_rate': 0.0010756756756756757, 'epoch': 39.26}
{'loss': 0.2584, 'learning_rate': 0.001068918918918919, 'epoch': 39.32}
{'loss': 0.2518, 'learning_rate': 0.0010621621621621621, 'epoch': 39.39}
{'loss': 0.2579, 'learning_rate': 0.0010554054054054056, 'epoch': 39.46}
{'loss': 0.2584, 'learning_rate': 0.0010486486486486486, 'epoch': 39.53}
{'loss': 0.2412, 'learning_rate': 0.001041891891891892, 'epoch': 39.59}
{'loss': 0.2618, 'learning_rate': 0.001035135135135135, 'epoch': 39.66}
{'loss': 0.2659, 'learning_rate': 0.0010283783783783785, 'epoch': 39.73}
{'loss': 0.2432, 'learning_rate': 0.0010216216216216217, 'epoch': 39.8}
{'loss': 0.2554, 'learning_rate': 0.001014864864864865, 'epoch': 39.86}
{'loss': 0.2488, 'learning_rate': 0.0010081081081081082, 'epoch': 39.93}
{'loss': 0.267, 'learning_rate': 0.0010013513513513514, 'epoch': 40.0}
{'eval_loss': 0.41083770990371704, 'eval_accuracy': 0.8937425742574258, 'eval_runtime': 326.1353, 'eval_samples_per_second': 77.422, 'eval_steps_per_second': 0.607, 'epoch': 40.0}
{'loss': 0.2376, 'learning_rate': 0.0009945945945945946, 'epoch': 40.07}
{'loss': 0.2552, 'learning_rate': 0.0009878378378378378, 'epoch': 40.14}
{'loss': 0.2337, 'learning_rate': 0.000981081081081081, 'epoch': 40.2}
{'loss': 0.2361, 'learning_rate': 0.0009743243243243244, 'epoch': 40.27}
{'loss': 0.236, 'learning_rate': 0.0009675675675675676, 'epoch': 40.34}
{'loss': 0.243, 'learning_rate': 0.0009608108108108108, 'epoch': 40.41}
{'loss': 0.2431, 'learning_rate': 0.0009540540540540541, 'epoch': 40.47}
{'loss': 0.2574, 'learning_rate': 0.0009472972972972974, 'epoch': 40.54}
{'loss': 0.2308, 'learning_rate': 0.0009405405405405405, 'epoch': 40.61}
{'loss': 0.2425, 'learning_rate': 0.0009337837837837838, 'epoch': 40.68}
{'loss': 0.2655, 'learning_rate': 0.000927027027027027, 'epoch': 40.74}
{'loss': 0.2338, 'learning_rate': 0.0009202702702702703, 'epoch': 40.81}
{'loss': 0.241, 'learning_rate': 0.0009135135135135135, 'epoch': 40.88}
{'loss': 0.2799, 'learning_rate': 0.0009067567567567569, 'epoch': 40.95}
{'eval_loss': 0.40423157811164856, 'eval_accuracy': 0.8961980198019802, 'eval_runtime': 354.5536, 'eval_samples_per_second': 71.216, 'eval_steps_per_second': 0.558, 'epoch': 41.0}
{'loss': 0.2367, 'learning_rate': 0.0009, 'epoch': 41.01}
{'loss': 0.2518, 'learning_rate': 0.0008932432432432433, 'epoch': 41.08}
{'loss': 0.2285, 'learning_rate': 0.0008864864864864864, 'epoch': 41.15}
{'loss': 0.2319, 'learning_rate': 0.0008797297297297298, 'epoch': 41.22}
{'loss': 0.2359, 'learning_rate': 0.000872972972972973, 'epoch': 41.28}
{'loss': 0.237, 'learning_rate': 0.0008662162162162163, 'epoch': 41.35}
{'loss': 0.2462, 'learning_rate': 0.0008594594594594594, 'epoch': 41.42}
{'loss': 0.2518, 'learning_rate': 0.0008527027027027028, 'epoch': 41.49}
{'loss': 0.247, 'learning_rate': 0.0008459459459459459, 'epoch': 41.55}
{'loss': 0.2516, 'learning_rate': 0.0008391891891891892, 'epoch': 41.62}
{'loss': 0.2474, 'learning_rate': 0.0008324324324324324, 'epoch': 41.69}
{'loss': 0.2428, 'learning_rate': 0.0008256756756756757, 'epoch': 41.76}
{'loss': 0.2576, 'learning_rate': 0.0008189189189189189, 'epoch': 41.82}
{'loss': 0.2533, 'learning_rate': 0.0008121621621621622, 'epoch': 41.89}
{'loss': 0.2322, 'learning_rate': 0.0008054054054054053, 'epoch': 41.96}
{'eval_loss': 0.40294426679611206, 'eval_accuracy': 0.8958811881188119, 'eval_runtime': 330.2353, 'eval_samples_per_second': 76.461, 'eval_steps_per_second': 0.6, 'epoch': 42.0}
{'loss': 0.244, 'learning_rate': 0.0007986486486486487, 'epoch': 42.03}
{'loss': 0.2259, 'learning_rate': 0.0007918918918918919, 'epoch': 42.09}
{'loss': 0.2566, 'learning_rate': 0.0007851351351351351, 'epoch': 42.16}
{'loss': 0.2364, 'learning_rate': 0.0007783783783783784, 'epoch': 42.23}
{'loss': 0.2555, 'learning_rate': 0.0007716216216216217, 'epoch': 42.3}
{'loss': 0.2264, 'learning_rate': 0.0007648648648648648, 'epoch': 42.36}
{'loss': 0.2482, 'learning_rate': 0.0007581081081081081, 'epoch': 42.43}
{'loss': 0.2396, 'learning_rate': 0.0007513513513513514, 'epoch': 42.5}
{'loss': 0.2439, 'learning_rate': 0.0007445945945945946, 'epoch': 42.57}
{'loss': 0.2095, 'learning_rate': 0.0007378378378378378, 'epoch': 42.64}
{'loss': 0.2299, 'learning_rate': 0.0007310810810810812, 'epoch': 42.7}
{'loss': 0.2633, 'learning_rate': 0.0007243243243243243, 'epoch': 42.77}
{'loss': 0.2438, 'learning_rate': 0.0007175675675675676, 'epoch': 42.84}
{'loss': 0.2264, 'learning_rate': 0.0007108108108108108, 'epoch': 42.91}
{'loss': 0.2567, 'learning_rate': 0.0007040540540540541, 'epoch': 42.97}
{'eval_loss': 0.40599292516708374, 'eval_accuracy': 0.8967128712871287, 'eval_runtime': 340.2913, 'eval_samples_per_second': 74.201, 'eval_steps_per_second': 0.582, 'epoch': 43.0}
{'loss': 0.2428, 'learning_rate': 0.0006972972972972973, 'epoch': 43.04}
{'loss': 0.2196, 'learning_rate': 0.0006905405405405406, 'epoch': 43.11}
{'loss': 0.2485, 'learning_rate': 0.0006837837837837837, 'epoch': 43.18}
{'loss': 0.2228, 'learning_rate': 0.0006770270270270271, 'epoch': 43.24}
{'loss': 0.2212, 'learning_rate': 0.0006702702702702702, 'epoch': 43.31}
{'loss': 0.2404, 'learning_rate': 0.0006635135135135135, 'epoch': 43.38}
{'loss': 0.2336, 'learning_rate': 0.0006567567567567567, 'epoch': 43.45}
{'loss': 0.2345, 'learning_rate': 0.0006500000000000001, 'epoch': 43.51}
{'loss': 0.2357, 'learning_rate': 0.0006432432432432432, 'epoch': 43.58}
{'loss': 0.2531, 'learning_rate': 0.0006364864864864865, 'epoch': 43.65}
{'loss': 0.214, 'learning_rate': 0.0006297297297297296, 'epoch': 43.72}
{'loss': 0.2464, 'learning_rate': 0.000622972972972973, 'epoch': 43.78}
{'loss': 0.2286, 'learning_rate': 0.0006162162162162162, 'epoch': 43.85}
{'loss': 0.2388, 'learning_rate': 0.0006094594594594595, 'epoch': 43.92}
{'loss': 0.2207, 'learning_rate': 0.0006027027027027028, 'epoch': 43.99}
{'eval_loss': 0.4029281735420227, 'eval_accuracy': 0.8976633663366337, 'eval_runtime': 348.6025, 'eval_samples_per_second': 72.432, 'eval_steps_per_second': 0.568, 'epoch': 44.0}
{'loss': 0.239, 'learning_rate': 0.000595945945945946, 'epoch': 44.05}
{'loss': 0.2254, 'learning_rate': 0.0005891891891891892, 'epoch': 44.12}
{'loss': 0.241, 'learning_rate': 0.0005824324324324324, 'epoch': 44.19}
{'loss': 0.2144, 'learning_rate': 0.0005763513513513513, 'epoch': 44.26}
{'loss': 0.2217, 'learning_rate': 0.0005695945945945946, 'epoch': 44.32}
{'loss': 0.2211, 'learning_rate': 0.0005628378378378379, 'epoch': 44.39}
{'loss': 0.2206, 'learning_rate': 0.0005560810810810811, 'epoch': 44.46}
{'loss': 0.2168, 'learning_rate': 0.0005493243243243244, 'epoch': 44.53}
{'loss': 0.2209, 'learning_rate': 0.0005425675675675676, 'epoch': 44.59}
{'loss': 0.2055, 'learning_rate': 0.0005358108108108108, 'epoch': 44.66}
{'loss': 0.2552, 'learning_rate': 0.000529054054054054, 'epoch': 44.73}
{'loss': 0.2333, 'learning_rate': 0.0005222972972972974, 'epoch': 44.8}
{'loss': 0.2455, 'learning_rate': 0.0005155405405405406, 'epoch': 44.86}
{'loss': 0.2465, 'learning_rate': 0.0005087837837837838, 'epoch': 44.93}
{'loss': 0.2335, 'learning_rate': 0.000502027027027027, 'epoch': 45.0}
{'eval_loss': 0.39640024304389954, 'eval_accuracy': 0.898019801980198, 'eval_runtime': 336.8626, 'eval_samples_per_second': 74.956, 'eval_steps_per_second': 0.588, 'epoch': 45.0}
{'loss': 0.2054, 'learning_rate': 0.0004952702702702703, 'epoch': 45.07}
{'loss': 0.211, 'learning_rate': 0.0004885135135135135, 'epoch': 45.14}
{'loss': 0.2065, 'learning_rate': 0.0004817567567567568, 'epoch': 45.2}
{'loss': 0.2259, 'learning_rate': 0.000475, 'epoch': 45.27}
{'loss': 0.2386, 'learning_rate': 0.0004682432432432433, 'epoch': 45.34}
{'loss': 0.2272, 'learning_rate': 0.0004614864864864865, 'epoch': 45.41}
{'loss': 0.2095, 'learning_rate': 0.00045472972972972973, 'epoch': 45.47}
{'loss': 0.2265, 'learning_rate': 0.000447972972972973, 'epoch': 45.54}
{'loss': 0.2241, 'learning_rate': 0.00044121621621621624, 'epoch': 45.61}
{'loss': 0.2293, 'learning_rate': 0.00043445945945945946, 'epoch': 45.68}
{'loss': 0.2289, 'learning_rate': 0.00042770270270270274, 'epoch': 45.74}
{'loss': 0.2223, 'learning_rate': 0.00042094594594594597, 'epoch': 45.81}
{'loss': 0.2326, 'learning_rate': 0.0004141891891891892, 'epoch': 45.88}
{'loss': 0.2255, 'learning_rate': 0.0004074324324324324, 'epoch': 45.95}
{'eval_loss': 0.3991945683956146, 'eval_accuracy': 0.8988118811881188, 'eval_runtime': 343.3957, 'eval_samples_per_second': 73.53, 'eval_steps_per_second': 0.577, 'epoch': 46.0}
{'loss': 0.2176, 'learning_rate': 0.0004006756756756757, 'epoch': 46.01}
{'loss': 0.204, 'learning_rate': 0.0003939189189189189, 'epoch': 46.08}
{'loss': 0.2246, 'learning_rate': 0.00038716216216216215, 'epoch': 46.15}
{'loss': 0.2164, 'learning_rate': 0.00038040540540540543, 'epoch': 46.22}
{'loss': 0.2215, 'learning_rate': 0.00037364864864864865, 'epoch': 46.28}
{'loss': 0.2204, 'learning_rate': 0.0003668918918918919, 'epoch': 46.35}
{'loss': 0.2047, 'learning_rate': 0.00036013513513513516, 'epoch': 46.42}
{'loss': 0.2149, 'learning_rate': 0.0003533783783783784, 'epoch': 46.49}
{'loss': 0.2294, 'learning_rate': 0.0003466216216216216, 'epoch': 46.55}
{'loss': 0.2298, 'learning_rate': 0.0003398648648648649, 'epoch': 46.62}
{'loss': 0.2281, 'learning_rate': 0.0003331081081081081, 'epoch': 46.69}
{'loss': 0.2228, 'learning_rate': 0.00032635135135135134, 'epoch': 46.76}
{'loss': 0.2097, 'learning_rate': 0.0003195945945945946, 'epoch': 46.82}
{'loss': 0.2374, 'learning_rate': 0.00031283783783783785, 'epoch': 46.89}
{'loss': 0.2043, 'learning_rate': 0.00030608108108108107, 'epoch': 46.96}
{'eval_loss': 0.398571252822876, 'eval_accuracy': 0.8973861386138614, 'eval_runtime': 278.4582, 'eval_samples_per_second': 90.678, 'eval_steps_per_second': 0.711, 'epoch': 47.0}
{'loss': 0.2195, 'learning_rate': 0.00029932432432432435, 'epoch': 47.03}
{'loss': 0.2262, 'learning_rate': 0.0002925675675675676, 'epoch': 47.09}
{'loss': 0.2224, 'learning_rate': 0.0002858108108108108, 'epoch': 47.16}
{'loss': 0.2021, 'learning_rate': 0.0002790540540540541, 'epoch': 47.23}
{'loss': 0.2197, 'learning_rate': 0.0002722972972972973, 'epoch': 47.3}
{'loss': 0.2178, 'learning_rate': 0.00026554054054054053, 'epoch': 47.36}
{'loss': 0.2132, 'learning_rate': 0.00025878378378378376, 'epoch': 47.43}
{'loss': 0.2253, 'learning_rate': 0.00025202702702702704, 'epoch': 47.5}
{'loss': 0.2163, 'learning_rate': 0.00024527027027027026, 'epoch': 47.57}
{'loss': 0.2385, 'learning_rate': 0.00023851351351351352, 'epoch': 47.64}
{'loss': 0.2282, 'learning_rate': 0.00023175675675675674, 'epoch': 47.7}
{'loss': 0.2251, 'learning_rate': 0.000225, 'epoch': 47.77}
{'loss': 0.2203, 'learning_rate': 0.00021824324324324325, 'epoch': 47.84}
{'loss': 0.2322, 'learning_rate': 0.00021148648648648647, 'epoch': 47.91}
{'loss': 0.2319, 'learning_rate': 0.00020472972972972972, 'epoch': 47.97}
{'eval_loss': 0.39714011549949646, 'eval_accuracy': 0.8982970297029703, 'eval_runtime': 342.8213, 'eval_samples_per_second': 73.654, 'eval_steps_per_second': 0.578, 'epoch': 48.0}
{'loss': 0.223, 'learning_rate': 0.00019797297297297298, 'epoch': 48.04}
{'loss': 0.2024, 'learning_rate': 0.0001912162162162162, 'epoch': 48.11}
{'loss': 0.2047, 'learning_rate': 0.00018445945945945946, 'epoch': 48.18}
{'loss': 0.2065, 'learning_rate': 0.0001777027027027027, 'epoch': 48.24}
{'loss': 0.208, 'learning_rate': 0.00017094594594594593, 'epoch': 48.31}
{'loss': 0.2325, 'learning_rate': 0.00016418918918918919, 'epoch': 48.38}
{'loss': 0.1973, 'learning_rate': 0.0001574324324324324, 'epoch': 48.45}
{'loss': 0.2214, 'learning_rate': 0.0001506756756756757, 'epoch': 48.51}
{'loss': 0.2289, 'learning_rate': 0.00014391891891891892, 'epoch': 48.58}
{'loss': 0.2155, 'learning_rate': 0.00013716216216216217, 'epoch': 48.65}
{'loss': 0.2013, 'learning_rate': 0.00013040540540540542, 'epoch': 48.72}
{'loss': 0.2192, 'learning_rate': 0.00012364864864864865, 'epoch': 48.78}
{'loss': 0.2066, 'learning_rate': 0.0001168918918918919, 'epoch': 48.85}
{'loss': 0.2166, 'learning_rate': 0.00011013513513513514, 'epoch': 48.92}
{'loss': 0.209, 'learning_rate': 0.00010337837837837838, 'epoch': 48.99}
{'eval_loss': 0.39569172263145447, 'eval_accuracy': 0.8984554455445545, 'eval_runtime': 326.3821, 'eval_samples_per_second': 77.363, 'eval_steps_per_second': 0.607, 'epoch': 49.0}
{'loss': 0.2311, 'learning_rate': 9.662162162162163e-05, 'epoch': 49.05}
{'loss': 0.2335, 'learning_rate': 8.986486486486487e-05, 'epoch': 49.12}
{'loss': 0.2059, 'learning_rate': 8.310810810810811e-05, 'epoch': 49.19}
{'loss': 0.2168, 'learning_rate': 7.635135135135135e-05, 'epoch': 49.26}
{'loss': 0.1907, 'learning_rate': 6.95945945945946e-05, 'epoch': 49.32}
{'loss': 0.2144, 'learning_rate': 6.283783783783784e-05, 'epoch': 49.39}
{'loss': 0.211, 'learning_rate': 5.608108108108108e-05, 'epoch': 49.46}
{'loss': 0.2055, 'learning_rate': 4.9324324324324325e-05, 'epoch': 49.53}
{'loss': 0.1935, 'learning_rate': 4.2567567567567564e-05, 'epoch': 49.59}
{'loss': 0.2161, 'learning_rate': 3.581081081081081e-05, 'epoch': 49.66}
{'loss': 0.2276, 'learning_rate': 2.9054054054054052e-05, 'epoch': 49.73}
{'loss': 0.2125, 'learning_rate': 2.2297297297297298e-05, 'epoch': 49.8}
{'loss': 0.2176, 'learning_rate': 1.554054054054054e-05, 'epoch': 49.86}
{'loss': 0.1931, 'learning_rate': 8.783783783783785e-06, 'epoch': 49.93}
{'loss': 0.2151, 'learning_rate': 2.027027027027027e-06, 'epoch': 50.0}
{'eval_loss': 0.395700603723526, 'eval_accuracy': 0.8983762376237624, 'eval_runtime': 340.0059, 'eval_samples_per_second': 74.263, 'eval_steps_per_second': 0.582, 'epoch': 50.0}
{'train_runtime': 59860.7295, 'train_samples_per_second': 63.272, 'train_steps_per_second': 0.124, 'train_loss': 0.3571790139739578, 'epoch': 50.0}
